#
# There is insufficient memory for the Java Runtime Environment to continue.
# Native memory allocation (mmap) failed to map 195035136 bytes for Failed to commit area from 0x000000008ce00000 to 0x0000000098800000 of length 195035136.
# Possible reasons:
#   The system is out of physical RAM or swap space
#   The process is running with CompressedOops enabled, and the Java Heap may be blocking the growth of the native heap
# Possible solutions:
#   Reduce memory load on the system
#   Increase physical memory or swap space
#   Check if swap backing store is full
#   Decrease Java heap size (-Xmx/-Xms)
#   Decrease number of Java threads
#   Decrease Java thread stack sizes (-Xss)
#   Set larger code cache with -XX:ReservedCodeCacheSize=
#   JVM is running with Unscaled Compressed Oops mode in which the Java heap is
#     placed in the first 4GB address space. The Java Heap base address is the
#     maximum limit for the native heap growth. Please use -XX:HeapBaseMinAddress
#     to set the Java Heap base and to place the Java Heap above 4GB virtual address.
# This output file may be truncated or incomplete.
#
#  Out of Memory Error (./src/hotspot/os/windows/os_windows.cpp:3303), pid=6740, tid=18656
#
# JRE version: OpenJDK Runtime Environment (11.0.8+10) (build 11.0.8+10-b944.6842174)
# Java VM: OpenJDK 64-Bit Server VM (11.0.8+10-b944.6842174, mixed mode, tiered, compressed oops, g1 gc, windows-amd64)
# No core dump will be written. Minidumps are not enabled by default on client versions of Windows
#

---------------  S U M M A R Y ------------

Command Line: --add-opens=java.base/java.util=ALL-UNNAMED --add-opens=java.base/java.lang=ALL-UNNAMED --add-opens=java.base/java.lang.invoke=ALL-UNNAMED --add-opens=java.prefs/java.util.prefs=ALL-UNNAMED -Xmx2048m -Dfile.encoding=UTF-8 -Duser.country=VN -Duser.language=vi -Duser.variant org.gradle.launcher.daemon.bootstrap.GradleDaemon 6.7.1

Host: Intel(R) Core(TM) i7-6600U CPU @ 2.60GHz, 4 cores, 7G,  Windows 10 , 64 bit Build 19041 (10.0.19041.1806)
Time: Thu Jul 21 16:54:12 2022 SE Asia Standard Time elapsed time: 44 seconds (0d 0h 0m 44s)

---------------  T H R E A D  ---------------

Current thread (0x0000013f214a9000):  VMThread "VM Thread" [stack: 0x00000036acc00000,0x00000036acd00000] [id=18656]

Stack: [0x00000036acc00000,0x00000036acd00000]
[error occurred during error reporting (printing stack bounds), id 0xc0000005, EXCEPTION_ACCESS_VIOLATION (0xc0000005) at pc=0x0000013f0ac30dad]

Native frames: (J=compiled Java code, j=interpreted, Vv=VM code, C=native code)
V  [jvm.dll+0x5de50a]
V  [jvm.dll+0x7122f5]
V  [jvm.dll+0x71384d]
V  [jvm.dll+0x713e65]
V  [jvm.dll+0x713e1b]
V  [jvm.dll+0x5dd958]
V  [jvm.dll+0x5de0f8]
C  [ntdll.dll+0xa229f]
C  [ntdll.dll+0x51454]
C  [ntdll.dll+0xa0dce]
C  0x0000013f0ac30dad

VM_Operation (0x00000036b62fd6e0): G1CollectForAllocation, mode: safepoint, requested by thread 0x0000013f2868c800


---------------  P R O C E S S  ---------------

Threads class SMR info:
_java_thread_list=0x0000013f24bb28e0, length=150, elements={
0x0000013f072aa800, 0x0000013f214af000, 0x0000013f214b0000, 0x0000013f214c9000,
0x0000013f214ca000, 0x0000013f214cc800, 0x0000013f21e94000, 0x0000013f21e97000,
0x0000013f21fb5000, 0x0000013f21fc2000, 0x0000013f235cf000, 0x0000013f22d81800,
0x0000013f23a56800, 0x0000013f224d3800, 0x0000013f234b4800, 0x0000013f229c5800,
0x0000013f22dfd000, 0x0000013f234a5800, 0x0000013f23858000, 0x0000013f23859000,
0x0000013f223c5800, 0x0000013f223c6000, 0x0000013f223c7000, 0x0000013f223c4800,
0x0000013f2423c000, 0x0000013f24239800, 0x0000013f24240000, 0x0000013f2423c800,
0x0000013f2423a000, 0x0000013f2423d800, 0x0000013f24241000, 0x0000013f2423b000,
0x0000013f24246800, 0x0000013f24244000, 0x0000013f24245000, 0x0000013f24243000,
0x0000013f24245800, 0x0000013f24247800, 0x0000013f24241800, 0x0000013f24248000,
0x0000013f24242800, 0x0000013f26761000, 0x0000013f2675c000, 0x0000013f26760000,
0x0000013f2675d000, 0x0000013f2675e800, 0x0000013f2675d800, 0x0000013f2675f800,
0x0000013f2675b000, 0x0000013f26765000, 0x0000013f26766000, 0x0000013f26766800,
0x0000013f26761800, 0x0000013f26767800, 0x0000013f26768800, 0x0000013f26762800,
0x0000013f26769000, 0x0000013f26763800, 0x0000013f26764000, 0x0000013f2676a000,
0x0000013f248c8000, 0x0000013f248ce000, 0x0000013f248cc000, 0x0000013f248cb800,
0x0000013f248ca000, 0x0000013f248cd000, 0x0000013f248ce800, 0x0000013f248ca800,
0x0000013f248c9000, 0x0000013f248d5000, 0x0000013f248cf800, 0x0000013f248d0800,
0x0000013f248d6000, 0x0000013f248d2000, 0x0000013f248d7000, 0x0000013f248d3800,
0x0000013f248d3000, 0x0000013f248d4800, 0x0000013f248d1000, 0x0000013f2680f800,
0x0000013f26811000, 0x0000013f26812000, 0x0000013f2680e800, 0x0000013f2680e000,
0x0000013f2680c000, 0x0000013f26812800, 0x0000013f26810000, 0x0000013f2680d000,
0x0000013f26817000, 0x0000013f26819000, 0x0000013f26813800, 0x0000013f2681a000,
0x0000013f26814800, 0x0000013f26815000, 0x0000013f26816000, 0x0000013f26818800,
0x0000013f26817800, 0x0000013f2681b000, 0x0000013f26b45000, 0x0000013f26b42800,
0x0000013f26b43800, 0x0000013f26b46000, 0x0000013f26b41000, 0x0000013f26b40800,
0x0000013f26b47800, 0x0000013f26b47000, 0x0000013f26b42000, 0x0000013f26b48800,
0x0000013f26b49800, 0x0000013f26b44800, 0x0000013f26b4f000, 0x0000013f26b4d800,
0x0000013f26b4a000, 0x0000013f26b4b000, 0x0000013f26b4b800, 0x0000013f26b4c800,
0x0000013f26b4e000, 0x0000013f26512000, 0x0000013f26513000, 0x0000013f26518000,
0x0000013f26519000, 0x0000013f26516800, 0x0000013f26517000, 0x0000013f26514000,
0x0000013f2651a800, 0x0000013f26519800, 0x0000013f26514800, 0x0000013f2651b000,
0x0000013f26515800, 0x0000013f2651f800, 0x0000013f26520000, 0x0000013f2651d000,
0x0000013f2651e800, 0x0000013f2651c000, 0x0000013f28688800, 0x0000013f28684000,
0x0000013f28689000, 0x0000013f28687800, 0x0000013f2868a000, 0x0000013f28686000,
0x0000013f2868b000, 0x0000013f28685000, 0x0000013f2868b800, 0x0000013f2868c800,
0x0000013f28690800, 0x0000013f28693000, 0x0000013f28692000, 0x0000013f2868d000,
0x0000013f2868e000, 0x0000013f2868f000
}

Java Threads: ( => current thread )
  0x0000013f072aa800 JavaThread "main" [_thread_blocked, id=20832, stack(0x00000036ac600000,0x00000036ac700000)]
  0x0000013f214af000 JavaThread "Reference Handler" daemon [_thread_blocked, id=2928, stack(0x00000036acd00000,0x00000036ace00000)]
  0x0000013f214b0000 JavaThread "Finalizer" daemon [_thread_blocked, id=1500, stack(0x00000036ace00000,0x00000036acf00000)]
  0x0000013f214c9000 JavaThread "Signal Dispatcher" daemon [_thread_blocked, id=18904, stack(0x00000036acf00000,0x00000036ad000000)]
  0x0000013f214ca000 JavaThread "Attach Listener" daemon [_thread_blocked, id=14448, stack(0x00000036ad000000,0x00000036ad100000)]
  0x0000013f214cc800 JavaThread "C2 CompilerThread0" daemon [_thread_in_native, id=19776, stack(0x00000036ad100000,0x00000036ad200000)]
  0x0000013f21e94000 JavaThread "C1 CompilerThread0" daemon [_thread_blocked, id=20576, stack(0x00000036ad200000,0x00000036ad300000)]
  0x0000013f21e97000 JavaThread "Sweeper thread" daemon [_thread_blocked, id=20904, stack(0x00000036ad300000,0x00000036ad400000)]
  0x0000013f21fb5000 JavaThread "Common-Cleaner" daemon [_thread_blocked, id=20908, stack(0x00000036ad400000,0x00000036ad500000)]
  0x0000013f21fc2000 JavaThread "Service Thread" daemon [_thread_blocked, id=20972, stack(0x00000036ad500000,0x00000036ad600000)]
  0x0000013f235cf000 JavaThread "Daemon health stats" [_thread_blocked, id=21248, stack(0x00000036ada00000,0x00000036adb00000)]
  0x0000013f22d81800 JavaThread "Incoming local TCP Connector on port 64100" [_thread_in_native, id=2216, stack(0x00000036add00000,0x00000036ade00000)]
  0x0000013f23a56800 JavaThread "Daemon periodic checks" [_thread_blocked, id=14580, stack(0x00000036ade00000,0x00000036adf00000)]
  0x0000013f224d3800 JavaThread "Daemon" [_thread_blocked, id=20568, stack(0x00000036adf00000,0x00000036ae000000)]
  0x0000013f234b4800 JavaThread "Handler for socket connection from /127.0.0.1:64100 to /127.0.0.1:64101" [_thread_in_native, id=8628, stack(0x00000036ae000000,0x00000036ae100000)]
  0x0000013f229c5800 JavaThread "Cancel handler" [_thread_blocked, id=20788, stack(0x00000036ae100000,0x00000036ae200000)]
  0x0000013f22dfd000 JavaThread "Daemon worker" [_thread_blocked, id=20868, stack(0x00000036ae200000,0x00000036ae300000)]
  0x0000013f234a5800 JavaThread "Asynchronous log dispatcher for DefaultDaemonConnection: socket connection from /127.0.0.1:64100 to /127.0.0.1:64101" [_thread_blocked, id=21264, stack(0x00000036ae300000,0x00000036ae400000)]
  0x0000013f23858000 JavaThread "Stdin handler" [_thread_blocked, id=20572, stack(0x00000036ae400000,0x00000036ae500000)]
  0x0000013f23859000 JavaThread "Thread-8" [_thread_blocked, id=21160, stack(0x00000036ae500000,0x00000036ae600000)]
  0x0000013f223c5800 JavaThread "Cache worker for file hash cache (C:\Users\Admin\.android\caches\6.7.1\fileHashes)" [_thread_blocked, id=20820, stack(0x00000036ae700000,0x00000036ae800000)]
  0x0000013f223c6000 JavaThread "File lock request listener" [_thread_in_native, id=20672, stack(0x00000036ae800000,0x00000036ae900000)]
  0x0000013f223c7000 JavaThread "Cache worker for journal cache (C:\Users\Admin\.android\caches\journal-1)" [_thread_blocked, id=14940, stack(0x00000036ae900000,0x00000036aea00000)]
  0x0000013f223c4800 JavaThread "Cache worker for file hash cache (C:\Users\Admin\AndroidStudioProjects\ASM_AnhdroidNetworking\.gradle\6.7.1\fileHashes)" [_thread_blocked, id=7316, stack(0x00000036aea00000,0x00000036aeb00000)]
  0x0000013f2423c000 JavaThread "Cache worker for checksums cache (C:\Users\Admin\AndroidStudioProjects\ASM_AnhdroidNetworking\.gradle\checksums)" [_thread_blocked, id=9008, stack(0x00000036aeb00000,0x00000036aec00000)]
  0x0000013f24239800 JavaThread "Cache worker for cache directory md-supplier (C:\Users\Admin\.android\caches\6.7.1\md-supplier)" [_thread_blocked, id=21468, stack(0x00000036aec00000,0x00000036aed00000)]
  0x0000013f24240000 JavaThread "Cache worker for cache directory md-rule (C:\Users\Admin\.android\caches\6.7.1\md-rule)" [_thread_blocked, id=21480, stack(0x00000036aed00000,0x00000036aee00000)]
  0x0000013f2423c800 JavaThread "Cache worker for execution history cache (C:\Users\Admin\.android\caches\6.7.1\executionHistory)" [_thread_blocked, id=21340, stack(0x00000036aee00000,0x00000036aef00000)]
  0x0000013f2423a000 JavaThread "jar transforms" [_thread_blocked, id=10780, stack(0x00000036aef00000,0x00000036af000000)]
  0x0000013f2423d800 JavaThread "Cache worker for file content cache (C:\Users\Admin\.android\caches\6.7.1\fileContent)" [_thread_blocked, id=20924, stack(0x00000036af000000,0x00000036af100000)]
  0x0000013f24241000 JavaThread "Cache worker for Build Output Cleanup Cache (C:\Users\Admin\AndroidStudioProjects\ASM_AnhdroidNetworking\.gradle\buildOutputCleanup)" [_thread_blocked, id=19620, stack(0x00000036af100000,0x00000036af200000)]
  0x0000013f2423b000 JavaThread "Build operations" [_thread_blocked, id=21492, stack(0x00000036af200000,0x00000036af300000)]
  0x0000013f24246800 JavaThread "Build operations Thread 2" [_thread_blocked, id=19992, stack(0x00000036af300000,0x00000036af400000)]
  0x0000013f24244000 JavaThread "Build operations Thread 3" [_thread_blocked, id=20228, stack(0x00000036af400000,0x00000036af500000)]
  0x0000013f24245000 JavaThread "Build operations Thread 4" [_thread_blocked, id=21056, stack(0x00000036af500000,0x00000036af600000)]
  0x0000013f24243000 JavaThread "jar transforms Thread 2" [_thread_blocked, id=20408, stack(0x00000036af600000,0x00000036af700000)]
  0x0000013f24245800 JavaThread "jar transforms Thread 3" [_thread_blocked, id=21232, stack(0x00000036af700000,0x00000036af800000)]
  0x0000013f24247800 JavaThread "jar transforms Thread 4" [_thread_blocked, id=20952, stack(0x00000036af800000,0x00000036af900000)]
  0x0000013f24241800 JavaThread "jar transforms Thread 5" [_thread_blocked, id=4716, stack(0x00000036af900000,0x00000036afa00000)]
  0x0000013f24248000 JavaThread "jar transforms Thread 6" [_thread_blocked, id=19508, stack(0x00000036afa00000,0x00000036afb00000)]
  0x0000013f24242800 JavaThread "jar transforms Thread 7" [_thread_blocked, id=21260, stack(0x00000036afb00000,0x00000036afc00000)]
  0x0000013f26761000 JavaThread "jar transforms Thread 8" [_thread_blocked, id=11284, stack(0x00000036afc00000,0x00000036afd00000)]
  0x0000013f2675c000 JavaThread "jar transforms Thread 9" [_thread_blocked, id=21204, stack(0x00000036afd00000,0x00000036afe00000)]
  0x0000013f26760000 JavaThread "jar transforms Thread 10" [_thread_blocked, id=20500, stack(0x00000036afe00000,0x00000036aff00000)]
  0x0000013f2675d000 JavaThread "jar transforms Thread 11" [_thread_blocked, id=9336, stack(0x00000036aff00000,0x00000036b0000000)]
  0x0000013f2675e800 JavaThread "jar transforms Thread 12" [_thread_blocked, id=21500, stack(0x00000036b0000000,0x00000036b0100000)]
  0x0000013f2675d800 JavaThread "jar transforms Thread 13" [_thread_blocked, id=13552, stack(0x00000036b0100000,0x00000036b0200000)]
  0x0000013f2675f800 JavaThread "jar transforms Thread 14" [_thread_blocked, id=20268, stack(0x00000036b0200000,0x00000036b0300000)]
  0x0000013f2675b000 JavaThread "jar transforms Thread 15" [_thread_blocked, id=21284, stack(0x00000036b0300000,0x00000036b0400000)]
  0x0000013f26765000 JavaThread "jar transforms Thread 16" [_thread_blocked, id=20760, stack(0x00000036b0400000,0x00000036b0500000)]
  0x0000013f26766000 JavaThread "jar transforms Thread 17" [_thread_blocked, id=7156, stack(0x00000036b0500000,0x00000036b0600000)]
  0x0000013f26766800 JavaThread "jar transforms Thread 18" [_thread_blocked, id=21016, stack(0x00000036b0600000,0x00000036b0700000)]
  0x0000013f26761800 JavaThread "jar transforms Thread 19" [_thread_blocked, id=20236, stack(0x00000036b0700000,0x00000036b0800000)]
  0x0000013f26767800 JavaThread "jar transforms Thread 20" [_thread_blocked, id=20808, stack(0x00000036b0800000,0x00000036b0900000)]
  0x0000013f26768800 JavaThread "jar transforms Thread 21" [_thread_blocked, id=21300, stack(0x00000036b0900000,0x00000036b0a00000)]
  0x0000013f26762800 JavaThread "jar transforms Thread 22" [_thread_blocked, id=8120, stack(0x00000036b0a00000,0x00000036b0b00000)]
  0x0000013f26769000 JavaThread "jar transforms Thread 23" [_thread_blocked, id=7520, stack(0x00000036b0b00000,0x00000036b0c00000)]
  0x0000013f26763800 JavaThread "jar transforms Thread 24" [_thread_blocked, id=18916, stack(0x00000036b0c00000,0x00000036b0d00000)]
  0x0000013f26764000 JavaThread "jar transforms Thread 25" [_thread_blocked, id=21100, stack(0x00000036b0d00000,0x00000036b0e00000)]
  0x0000013f2676a000 JavaThread "jar transforms Thread 26" [_thread_blocked, id=21236, stack(0x00000036b0e00000,0x00000036b0f00000)]
  0x0000013f248c8000 JavaThread "jar transforms Thread 27" [_thread_blocked, id=20936, stack(0x00000036b0f00000,0x00000036b1000000)]
  0x0000013f248ce000 JavaThread "jar transforms Thread 28" [_thread_blocked, id=14592, stack(0x00000036b1000000,0x00000036b1100000)]
  0x0000013f248cc000 JavaThread "jar transforms Thread 29" [_thread_blocked, id=21316, stack(0x00000036b1100000,0x00000036b1200000)]
  0x0000013f248cb800 JavaThread "jar transforms Thread 30" [_thread_blocked, id=10152, stack(0x00000036b1200000,0x00000036b1300000)]
  0x0000013f248ca000 JavaThread "jar transforms Thread 31" [_thread_blocked, id=4084, stack(0x00000036b1300000,0x00000036b1400000)]
  0x0000013f248cd000 JavaThread "jar transforms Thread 32" [_thread_blocked, id=21244, stack(0x00000036b1400000,0x00000036b1500000)]
  0x0000013f248ce800 JavaThread "jar transforms Thread 33" [_thread_blocked, id=20824, stack(0x00000036b1500000,0x00000036b1600000)]
  0x0000013f248ca800 JavaThread "jar transforms Thread 34" [_thread_blocked, id=21296, stack(0x00000036b1600000,0x00000036b1700000)]
  0x0000013f248c9000 JavaThread "jar transforms Thread 35" [_thread_blocked, id=19908, stack(0x00000036b1700000,0x00000036b1800000)]
  0x0000013f248d5000 JavaThread "jar transforms Thread 36" [_thread_blocked, id=15588, stack(0x00000036b1800000,0x00000036b1900000)]
  0x0000013f248cf800 JavaThread "jar transforms Thread 37" [_thread_blocked, id=18740, stack(0x00000036b1900000,0x00000036b1a00000)]
  0x0000013f248d0800 JavaThread "jar transforms Thread 38" [_thread_blocked, id=20860, stack(0x00000036b1a00000,0x00000036b1b00000)]
  0x0000013f248d6000 JavaThread "jar transforms Thread 39" [_thread_blocked, id=21332, stack(0x00000036b1b00000,0x00000036b1c00000)]
  0x0000013f248d2000 JavaThread "jar transforms Thread 40" [_thread_blocked, id=9708, stack(0x00000036b1c00000,0x00000036b1d00000)]
  0x0000013f248d7000 JavaThread "jar transforms Thread 41" [_thread_blocked, id=19076, stack(0x00000036b1d00000,0x00000036b1e00000)]
  0x0000013f248d3800 JavaThread "jar transforms Thread 42" [_thread_blocked, id=15996, stack(0x00000036b1e00000,0x00000036b1f00000)]
  0x0000013f248d3000 JavaThread "jar transforms Thread 43" [_thread_blocked, id=10652, stack(0x00000036b1f00000,0x00000036b2000000)]
  0x0000013f248d4800 JavaThread "jar transforms Thread 44" [_thread_blocked, id=7416, stack(0x00000036b2000000,0x00000036b2100000)]
  0x0000013f248d1000 JavaThread "jar transforms Thread 45" [_thread_blocked, id=14308, stack(0x00000036b2100000,0x00000036b2200000)]
  0x0000013f2680f800 JavaThread "jar transforms Thread 46" [_thread_blocked, id=12124, stack(0x00000036b2200000,0x00000036b2300000)]
  0x0000013f26811000 JavaThread "jar transforms Thread 47" [_thread_blocked, id=21380, stack(0x00000036b2300000,0x00000036b2400000)]
  0x0000013f26812000 JavaThread "jar transforms Thread 48" [_thread_blocked, id=21508, stack(0x00000036b2400000,0x00000036b2500000)]
  0x0000013f2680e800 JavaThread "jar transforms Thread 49" [_thread_blocked, id=21512, stack(0x00000036b2500000,0x00000036b2600000)]
  0x0000013f2680e000 JavaThread "jar transforms Thread 50" [_thread_blocked, id=21516, stack(0x00000036b2600000,0x00000036b2700000)]
  0x0000013f2680c000 JavaThread "jar transforms Thread 51" [_thread_blocked, id=21520, stack(0x00000036b2700000,0x00000036b2800000)]
  0x0000013f26812800 JavaThread "jar transforms Thread 52" [_thread_blocked, id=21524, stack(0x00000036b2800000,0x00000036b2900000)]
  0x0000013f26810000 JavaThread "jar transforms Thread 53" [_thread_blocked, id=21528, stack(0x00000036b2900000,0x00000036b2a00000)]
  0x0000013f2680d000 JavaThread "jar transforms Thread 54" [_thread_blocked, id=21532, stack(0x00000036b2a00000,0x00000036b2b00000)]
  0x0000013f26817000 JavaThread "jar transforms Thread 55" [_thread_blocked, id=21536, stack(0x00000036b2b00000,0x00000036b2c00000)]
  0x0000013f26819000 JavaThread "jar transforms Thread 56" [_thread_blocked, id=21540, stack(0x00000036b2c00000,0x00000036b2d00000)]
  0x0000013f26813800 JavaThread "jar transforms Thread 57" [_thread_blocked, id=21544, stack(0x00000036b2d00000,0x00000036b2e00000)]
  0x0000013f2681a000 JavaThread "jar transforms Thread 58" [_thread_blocked, id=21548, stack(0x00000036b2e00000,0x00000036b2f00000)]
  0x0000013f26814800 JavaThread "jar transforms Thread 59" [_thread_blocked, id=21552, stack(0x00000036b2f00000,0x00000036b3000000)]
  0x0000013f26815000 JavaThread "jar transforms Thread 60" [_thread_blocked, id=21556, stack(0x00000036b3000000,0x00000036b3100000)]
  0x0000013f26816000 JavaThread "jar transforms Thread 61" [_thread_blocked, id=21560, stack(0x00000036b3100000,0x00000036b3200000)]
  0x0000013f26818800 JavaThread "jar transforms Thread 62" [_thread_blocked, id=21564, stack(0x00000036b3200000,0x00000036b3300000)]
  0x0000013f26817800 JavaThread "jar transforms Thread 63" [_thread_blocked, id=21568, stack(0x00000036b3300000,0x00000036b3400000)]
  0x0000013f2681b000 JavaThread "jar transforms Thread 64" [_thread_blocked, id=21572, stack(0x00000036b3400000,0x00000036b3500000)]
  0x0000013f26b45000 JavaThread "jar transforms Thread 65" [_thread_blocked, id=21576, stack(0x00000036b3500000,0x00000036b3600000)]
  0x0000013f26b42800 JavaThread "jar transforms Thread 66" [_thread_blocked, id=21580, stack(0x00000036b3600000,0x00000036b3700000)]
  0x0000013f26b43800 JavaThread "jar transforms Thread 67" [_thread_blocked, id=21584, stack(0x00000036b3700000,0x00000036b3800000)]
  0x0000013f26b46000 JavaThread "jar transforms Thread 68" [_thread_blocked, id=21588, stack(0x00000036b3800000,0x00000036b3900000)]
  0x0000013f26b41000 JavaThread "jar transforms Thread 69" [_thread_blocked, id=21592, stack(0x00000036b3900000,0x00000036b3a00000)]
  0x0000013f26b40800 JavaThread "jar transforms Thread 70" [_thread_blocked, id=21596, stack(0x00000036b3a00000,0x00000036b3b00000)]
  0x0000013f26b47800 JavaThread "jar transforms Thread 71" [_thread_blocked, id=21600, stack(0x00000036b3b00000,0x00000036b3c00000)]
  0x0000013f26b47000 JavaThread "jar transforms Thread 72" [_thread_blocked, id=21604, stack(0x00000036b3c00000,0x00000036b3d00000)]
  0x0000013f26b42000 JavaThread "jar transforms Thread 73" [_thread_blocked, id=21608, stack(0x00000036b3d00000,0x00000036b3e00000)]
  0x0000013f26b48800 JavaThread "jar transforms Thread 74" [_thread_blocked, id=21612, stack(0x00000036b3e00000,0x00000036b3f00000)]
  0x0000013f26b49800 JavaThread "jar transforms Thread 75" [_thread_blocked, id=21616, stack(0x00000036b3f00000,0x00000036b4000000)]
  0x0000013f26b44800 JavaThread "jar transforms Thread 76" [_thread_blocked, id=21620, stack(0x00000036b4000000,0x00000036b4100000)]
  0x0000013f26b4f000 JavaThread "jar transforms Thread 77" [_thread_blocked, id=21624, stack(0x00000036b4100000,0x00000036b4200000)]
  0x0000013f26b4d800 JavaThread "jar transforms Thread 78" [_thread_blocked, id=21628, stack(0x00000036b4200000,0x00000036b4300000)]
  0x0000013f26b4a000 JavaThread "jar transforms Thread 79" [_thread_blocked, id=21632, stack(0x00000036b4300000,0x00000036b4400000)]
  0x0000013f26b4b000 JavaThread "jar transforms Thread 80" [_thread_blocked, id=21636, stack(0x00000036b4400000,0x00000036b4500000)]
  0x0000013f26b4b800 JavaThread "jar transforms Thread 81" [_thread_blocked, id=21640, stack(0x00000036b4500000,0x00000036b4600000)]
  0x0000013f26b4c800 JavaThread "jar transforms Thread 82" [_thread_blocked, id=21644, stack(0x00000036b4600000,0x00000036b4700000)]
  0x0000013f26b4e000 JavaThread "jar transforms Thread 83" [_thread_blocked, id=21648, stack(0x00000036b4700000,0x00000036b4800000)]
  0x0000013f26512000 JavaThread "jar transforms Thread 84" [_thread_blocked, id=21652, stack(0x00000036b4800000,0x00000036b4900000)]
  0x0000013f26513000 JavaThread "jar transforms Thread 85" [_thread_blocked, id=21656, stack(0x00000036b4900000,0x00000036b4a00000)]
  0x0000013f26518000 JavaThread "jar transforms Thread 86" [_thread_blocked, id=21660, stack(0x00000036b4a00000,0x00000036b4b00000)]
  0x0000013f26519000 JavaThread "jar transforms Thread 87" [_thread_blocked, id=21664, stack(0x00000036b4b00000,0x00000036b4c00000)]
  0x0000013f26516800 JavaThread "jar transforms Thread 88" [_thread_blocked, id=21668, stack(0x00000036b4c00000,0x00000036b4d00000)]
  0x0000013f26517000 JavaThread "jar transforms Thread 89" [_thread_blocked, id=21672, stack(0x00000036b4d00000,0x00000036b4e00000)]
  0x0000013f26514000 JavaThread "jar transforms Thread 90" [_thread_blocked, id=21676, stack(0x00000036b4e00000,0x00000036b4f00000)]
  0x0000013f2651a800 JavaThread "jar transforms Thread 91" [_thread_blocked, id=21680, stack(0x00000036b4f00000,0x00000036b5000000)]
  0x0000013f26519800 JavaThread "jar transforms Thread 92" [_thread_blocked, id=21684, stack(0x00000036b5000000,0x00000036b5100000)]
  0x0000013f26514800 JavaThread "jar transforms Thread 93" [_thread_blocked, id=21688, stack(0x00000036b5100000,0x00000036b5200000)]
  0x0000013f2651b000 JavaThread "jar transforms Thread 94" [_thread_blocked, id=21692, stack(0x00000036b5200000,0x00000036b5300000)]
  0x0000013f26515800 JavaThread "jar transforms Thread 95" [_thread_blocked, id=21696, stack(0x00000036b5300000,0x00000036b5400000)]
  0x0000013f2651f800 JavaThread "jar transforms Thread 96" [_thread_blocked, id=21700, stack(0x00000036b5400000,0x00000036b5500000)]
  0x0000013f26520000 JavaThread "jar transforms Thread 97" [_thread_blocked, id=21704, stack(0x00000036b5500000,0x00000036b5600000)]
  0x0000013f2651d000 JavaThread "Memory manager" [_thread_blocked, id=21940, stack(0x00000036b5600000,0x00000036b5700000)]
  0x0000013f2651e800 JavaThread "build event listener" [_thread_blocked, id=22236, stack(0x00000036b5700000,0x00000036b5800000)]
  0x0000013f2651c000 JavaThread "pool-3-thread-1" [_thread_blocked, id=22240, stack(0x00000036b5800000,0x00000036b5900000)]
  0x0000013f28688800 JavaThread "build event listener" [_thread_blocked, id=22244, stack(0x00000036b5900000,0x00000036b5a00000)]
  0x0000013f28684000 JavaThread "Execution worker for ':'" [_thread_blocked, id=22256, stack(0x00000036b5a00000,0x00000036b5b00000)]
  0x0000013f28689000 JavaThread "Execution worker for ':' Thread 2" [_thread_blocked, id=22260, stack(0x00000036b5b00000,0x00000036b5c00000)]
  0x0000013f28687800 JavaThread "Execution worker for ':' Thread 3" [_thread_blocked, id=22264, stack(0x00000036b5c00000,0x00000036b5d00000)]
  0x0000013f2868a000 JavaThread "Cache worker for execution history cache (C:\Users\Admin\AndroidStudioProjects\ASM_AnhdroidNetworking\.gradle\6.7.1\executionHistory)" [_thread_blocked, id=22268, stack(0x00000036b5d00000,0x00000036b5e00000)]
  0x0000013f28686000 JavaThread "WorkerExecutor Queue" [_thread_blocked, id=22524, stack(0x00000036b5e00000,0x00000036b5f00000)]
  0x0000013f2868b000 JavaThread "pool-4-thread-1" [_thread_blocked, id=21772, stack(0x00000036b5f00000,0x00000036b6000000)]
  0x0000013f28685000 JavaThread "WorkerExecutor Queue Thread 2" [_thread_blocked, id=21860, stack(0x00000036b6000000,0x00000036b6100000)]
  0x0000013f2868b800 JavaThread "WorkerExecutor Queue Thread 3" [_thread_blocked, id=21824, stack(0x00000036b6100000,0x00000036b6200000)]
  0x0000013f2868c800 JavaThread "WorkerExecutor Queue Thread 4" [_thread_blocked, id=21804, stack(0x00000036b6200000,0x00000036b6300000)]
  0x0000013f28690800 JavaThread "stderr" [_thread_in_native, id=14052, stack(0x00000036b6400000,0x00000036b6500000)]
  0x0000013f28693000 JavaThread "stdout" [_thread_in_native, id=12468, stack(0x00000036b6500000,0x00000036b6600000)]
  0x0000013f28692000 JavaThread "ForkJoinPool-1-worker-3" daemon [_thread_blocked, id=21900, stack(0x00000036b6600000,0x00000036b6700000)]
  0x0000013f2868d000 JavaThread "ForkJoinPool-1-worker-5" daemon [_thread_blocked, id=20796, stack(0x00000036b6700000,0x00000036b6800000)]
  0x0000013f2868e000 JavaThread "ForkJoinPool-1-worker-7" daemon [_thread_blocked, id=21928, stack(0x00000036b6800000,0x00000036b6900000)]
  0x0000013f2868f000 JavaThread "ForkJoinPool-1-worker-1" daemon [_thread_blocked, id=21916, stack(0x00000036b6900000,0x00000036b6a00000)]

Other Threads:
=>0x0000013f214a9000 VMThread "VM Thread" [stack: 0x00000036acc00000,0x00000036acd00000] [id=18656]
  0x0000013f21fd4800 WatcherThread [stack: 0x00000036ad600000,0x00000036ad700000] [id=20976]
  0x0000013f072c3000 GCTaskThread "GC Thread#0" [stack: 0x00000036ac700000,0x00000036ac800000] [id=19812]
  0x0000013f22364800 GCTaskThread "GC Thread#1" [stack: 0x00000036ad800000,0x00000036ad900000] [id=21048]
  0x0000013f222bf800 GCTaskThread "GC Thread#2" [stack: 0x00000036ad900000,0x00000036ada00000] [id=9736]
  0x0000013f2226f800 GCTaskThread "GC Thread#3" [stack: 0x00000036ae600000,0x00000036ae700000] [id=21364]
  0x0000013f072f4800 ConcurrentGCThread "G1 Main Marker" [stack: 0x00000036ac800000,0x00000036ac900000] [id=19052]
  0x0000013f072f6800 ConcurrentGCThread "G1 Conc#0" [stack: 0x00000036ac900000,0x00000036aca00000] [id=18756]
  0x0000013f0738a800 ConcurrentGCThread "G1 Refine#0" [stack: 0x00000036aca00000,0x00000036acb00000] [id=17244]
  0x0000013f0738c000 ConcurrentGCThread "G1 Young RemSet Sampling" [stack: 0x00000036acb00000,0x00000036acc00000] [id=5276]

Threads with active compile tasks:
C2 CompilerThread0  44128 11346       4       com.android.tools.r8.code.x1::a (4137 bytes)

VM state:at safepoint (normal execution)

VM Mutex/Monitor currently owned by a thread:  ([mutex/lock_event])
[0x0000013f072a7c00] Threads_lock - owner thread: 0x0000013f214a9000
[0x0000013f072a6460] Heap_lock - owner thread: 0x0000013f2868c800

Heap address: 0x0000000080000000, size: 2048 MB, Compressed Oops mode: 32-bit
Narrow klass base: 0x0000000000000000, Narrow klass shift: 3
Compressed class space size: 1073741824 Address: 0x0000000100000000

Heap:
 garbage-first heap   total 401408K, used 160496K [0x0000000080000000, 0x0000000100000000)
  region size 1024K, 3 young (3072K), 3 survivors (3072K)
 Metaspace       used 89610K, capacity 91864K, committed 92196K, reserved 1128448K
  class space    used 11625K, capacity 12427K, committed 12544K, reserved 1048576K
Heap Regions: E=young(eden), S=young(survivor), O=old, HS=humongous(starts), HC=humongous(continues), CS=collection set, F=free, A=archive, TAMS=top-at-mark-start (previous, next)
|   0|0x0000000080000000, 0x0000000080100000, 0x0000000080100000|100%| O|  |TAMS 0x0000000080100000, 0x0000000080100000| Untracked 
|   1|0x0000000080100000, 0x0000000080200000, 0x0000000080200000|100%| O|  |TAMS 0x0000000080200000, 0x0000000080200000| Untracked 
|   2|0x0000000080200000, 0x0000000080300000, 0x0000000080300000|100%| O|  |TAMS 0x0000000080300000, 0x0000000080300000| Untracked 
|   3|0x0000000080300000, 0x0000000080400000, 0x0000000080400000|100%|HS|  |TAMS 0x0000000080400000, 0x0000000080400000| Complete 
|   4|0x0000000080400000, 0x0000000080500000, 0x0000000080500000|100%|HC|  |TAMS 0x0000000080500000, 0x0000000080500000| Complete 
|   5|0x0000000080500000, 0x0000000080600000, 0x0000000080600000|100%|HC|  |TAMS 0x0000000080600000, 0x0000000080600000| Complete 
|   6|0x0000000080600000, 0x0000000080700000, 0x0000000080700000|100%| O|  |TAMS 0x0000000080700000, 0x0000000080700000| Untracked 
|   7|0x0000000080700000, 0x0000000080800000, 0x0000000080800000|100%| O|  |TAMS 0x0000000080800000, 0x0000000080800000| Untracked 
|   8|0x0000000080800000, 0x0000000080900000, 0x0000000080900000|100%| O|  |TAMS 0x0000000080900000, 0x0000000080900000| Untracked 
|   9|0x0000000080900000, 0x0000000080a00000, 0x0000000080a00000|100%| O|  |TAMS 0x0000000080a00000, 0x0000000080a00000| Untracked 
|  10|0x0000000080a00000, 0x0000000080b00000, 0x0000000080b00000|100%| O|  |TAMS 0x0000000080b00000, 0x0000000080b00000| Untracked 
|  11|0x0000000080b00000, 0x0000000080c00000, 0x0000000080c00000|100%| O|  |TAMS 0x0000000080c00000, 0x0000000080c00000| Untracked 
|  12|0x0000000080c00000, 0x0000000080d00000, 0x0000000080d00000|100%| O|  |TAMS 0x0000000080d00000, 0x0000000080d00000| Untracked 
|  13|0x0000000080d00000, 0x0000000080e00000, 0x0000000080e00000|100%| O|  |TAMS 0x0000000080e00000, 0x0000000080e00000| Untracked 
|  14|0x0000000080e00000, 0x0000000080f00000, 0x0000000080f00000|100%| O|  |TAMS 0x0000000080f00000, 0x0000000080f00000| Untracked 
|  15|0x0000000080f00000, 0x0000000081000000, 0x0000000081000000|100%| O|  |TAMS 0x0000000081000000, 0x0000000081000000| Untracked 
|  16|0x0000000081000000, 0x0000000081100000, 0x0000000081100000|100%| O|  |TAMS 0x0000000081100000, 0x0000000081100000| Untracked 
|  17|0x0000000081100000, 0x0000000081200000, 0x0000000081200000|100%| O|  |TAMS 0x0000000081200000, 0x0000000081200000| Untracked 
|  18|0x0000000081200000, 0x0000000081300000, 0x0000000081300000|100%| O|  |TAMS 0x0000000081300000, 0x0000000081300000| Untracked 
|  19|0x0000000081300000, 0x0000000081400000, 0x0000000081400000|100%| O|  |TAMS 0x0000000081400000, 0x0000000081400000| Untracked 
|  20|0x0000000081400000, 0x0000000081500000, 0x0000000081500000|100%| O|  |TAMS 0x0000000081500000, 0x0000000081500000| Untracked 
|  21|0x0000000081500000, 0x0000000081600000, 0x0000000081600000|100%| O|  |TAMS 0x0000000081600000, 0x0000000081600000| Untracked 
|  22|0x0000000081600000, 0x0000000081700000, 0x0000000081700000|100%|HS|  |TAMS 0x0000000081700000, 0x0000000081700000| Complete 
|  23|0x0000000081700000, 0x0000000081800000, 0x0000000081800000|100%|HS|  |TAMS 0x0000000081800000, 0x0000000081800000| Complete 
|  24|0x0000000081800000, 0x0000000081900000, 0x0000000081900000|100%|HC|  |TAMS 0x0000000081900000, 0x0000000081900000| Complete 
|  25|0x0000000081900000, 0x0000000081a00000, 0x0000000081a00000|100%| O|  |TAMS 0x0000000081a00000, 0x0000000081a00000| Untracked 
|  26|0x0000000081a00000, 0x0000000081b00000, 0x0000000081b00000|100%| O|  |TAMS 0x0000000081b00000, 0x0000000081b00000| Untracked 
|  27|0x0000000081b00000, 0x0000000081c00000, 0x0000000081c00000|100%| O|  |TAMS 0x0000000081c00000, 0x0000000081c00000| Untracked 
|  28|0x0000000081c00000, 0x0000000081d00000, 0x0000000081d00000|100%| O|  |TAMS 0x0000000081d00000, 0x0000000081d00000| Untracked 
|  29|0x0000000081d00000, 0x0000000081e00000, 0x0000000081e00000|100%| O|  |TAMS 0x0000000081e00000, 0x0000000081e00000| Untracked 
|  30|0x0000000081e00000, 0x0000000081f00000, 0x0000000081f00000|100%| O|  |TAMS 0x0000000081f00000, 0x0000000081f00000| Untracked 
|  31|0x0000000081f00000, 0x0000000082000000, 0x0000000082000000|100%| O|  |TAMS 0x0000000082000000, 0x0000000082000000| Untracked 
|  32|0x0000000082000000, 0x0000000082100000, 0x0000000082100000|100%| O|  |TAMS 0x0000000082100000, 0x0000000082100000| Untracked 
|  33|0x0000000082100000, 0x0000000082200000, 0x0000000082200000|100%| O|  |TAMS 0x0000000082200000, 0x0000000082200000| Untracked 
|  34|0x0000000082200000, 0x0000000082300000, 0x0000000082300000|100%| O|  |TAMS 0x0000000082300000, 0x0000000082300000| Untracked 
|  35|0x0000000082300000, 0x0000000082400000, 0x0000000082400000|100%| O|  |TAMS 0x0000000082400000, 0x0000000082400000| Untracked 
|  36|0x0000000082400000, 0x0000000082500000, 0x0000000082500000|100%| O|  |TAMS 0x0000000082500000, 0x0000000082500000| Untracked 
|  37|0x0000000082500000, 0x0000000082600000, 0x0000000082600000|100%| O|  |TAMS 0x0000000082600000, 0x0000000082600000| Untracked 
|  38|0x0000000082600000, 0x0000000082700000, 0x0000000082700000|100%| O|  |TAMS 0x0000000082700000, 0x0000000082700000| Untracked 
|  39|0x0000000082700000, 0x0000000082800000, 0x0000000082800000|100%| O|  |TAMS 0x0000000082800000, 0x0000000082800000| Untracked 
|  40|0x0000000082800000, 0x0000000082900000, 0x0000000082900000|100%| O|  |TAMS 0x0000000082900000, 0x0000000082900000| Untracked 
|  41|0x0000000082900000, 0x0000000082a00000, 0x0000000082a00000|100%| O|  |TAMS 0x0000000082a00000, 0x0000000082a00000| Untracked 
|  42|0x0000000082a00000, 0x0000000082b00000, 0x0000000082b00000|100%| O|  |TAMS 0x0000000082b00000, 0x0000000082b00000| Untracked 
|  43|0x0000000082b00000, 0x0000000082c00000, 0x0000000082c00000|100%| O|  |TAMS 0x0000000082c00000, 0x0000000082c00000| Untracked 
|  44|0x0000000082c00000, 0x0000000082d00000, 0x0000000082d00000|100%| O|  |TAMS 0x0000000082d00000, 0x0000000082d00000| Untracked 
|  45|0x0000000082d00000, 0x0000000082e00000, 0x0000000082e00000|100%| O|  |TAMS 0x0000000082e00000, 0x0000000082e00000| Untracked 
|  46|0x0000000082e00000, 0x0000000082f00000, 0x0000000082f00000|100%| O|  |TAMS 0x0000000082f00000, 0x0000000082f00000| Untracked 
|  47|0x0000000082f00000, 0x0000000083000000, 0x0000000083000000|100%| O|  |TAMS 0x0000000083000000, 0x0000000083000000| Untracked 
|  48|0x0000000083000000, 0x0000000083100000, 0x0000000083100000|100%| O|  |TAMS 0x0000000083100000, 0x0000000083100000| Untracked 
|  49|0x0000000083100000, 0x0000000083200000, 0x0000000083200000|100%| O|  |TAMS 0x0000000083200000, 0x0000000083200000| Untracked 
|  50|0x0000000083200000, 0x0000000083300000, 0x0000000083300000|100%| O|  |TAMS 0x0000000083300000, 0x0000000083300000| Untracked 
|  51|0x0000000083300000, 0x0000000083400000, 0x0000000083400000|100%| O|  |TAMS 0x0000000083400000, 0x0000000083400000| Untracked 
|  52|0x0000000083400000, 0x0000000083500000, 0x0000000083500000|100%| O|  |TAMS 0x0000000083500000, 0x0000000083500000| Untracked 
|  53|0x0000000083500000, 0x0000000083600000, 0x0000000083600000|100%| O|  |TAMS 0x0000000083600000, 0x0000000083600000| Untracked 
|  54|0x0000000083600000, 0x0000000083700000, 0x0000000083700000|100%| O|  |TAMS 0x0000000083700000, 0x0000000083700000| Untracked 
|  55|0x0000000083700000, 0x0000000083800000, 0x0000000083800000|100%| O|  |TAMS 0x0000000083800000, 0x0000000083800000| Untracked 
|  56|0x0000000083800000, 0x0000000083900000, 0x0000000083900000|100%| O|  |TAMS 0x0000000083900000, 0x0000000083900000| Untracked 
|  57|0x0000000083900000, 0x0000000083a00000, 0x0000000083a00000|100%| O|  |TAMS 0x0000000083a00000, 0x0000000083a00000| Untracked 
|  58|0x0000000083a00000, 0x0000000083b00000, 0x0000000083b00000|100%| O|  |TAMS 0x0000000083b00000, 0x0000000083b00000| Untracked 
|  59|0x0000000083b00000, 0x0000000083c00000, 0x0000000083c00000|100%| O|  |TAMS 0x0000000083c00000, 0x0000000083c00000| Untracked 
|  60|0x0000000083c00000, 0x0000000083d00000, 0x0000000083d00000|100%| O|  |TAMS 0x0000000083d00000, 0x0000000083d00000| Untracked 
|  61|0x0000000083d00000, 0x0000000083e00000, 0x0000000083e00000|100%| O|  |TAMS 0x0000000083e00000, 0x0000000083e00000| Untracked 
|  62|0x0000000083e00000, 0x0000000083f00000, 0x0000000083f00000|100%| O|  |TAMS 0x0000000083f00000, 0x0000000083f00000| Untracked 
|  63|0x0000000083f00000, 0x0000000084000000, 0x0000000084000000|100%| O|  |TAMS 0x0000000084000000, 0x0000000084000000| Untracked 
|  64|0x0000000084000000, 0x0000000084100000, 0x0000000084100000|100%| O|  |TAMS 0x0000000084100000, 0x0000000084100000| Untracked 
|  65|0x0000000084100000, 0x0000000084200000, 0x0000000084200000|100%| O|  |TAMS 0x0000000084200000, 0x0000000084200000| Untracked 
|  66|0x0000000084200000, 0x0000000084300000, 0x0000000084300000|100%| O|  |TAMS 0x0000000084300000, 0x0000000084300000| Untracked 
|  67|0x0000000084300000, 0x0000000084400000, 0x0000000084400000|100%|HS|  |TAMS 0x0000000084400000, 0x0000000084400000| Complete 
|  68|0x0000000084400000, 0x0000000084500000, 0x0000000084500000|100%|HC|  |TAMS 0x0000000084500000, 0x0000000084500000| Complete 
|  69|0x0000000084500000, 0x0000000084600000, 0x0000000084600000|100%|HS|  |TAMS 0x0000000084600000, 0x0000000084600000| Complete 
|  70|0x0000000084600000, 0x0000000084700000, 0x0000000084700000|100%|HS|  |TAMS 0x0000000084700000, 0x0000000084700000| Complete 
|  71|0x0000000084700000, 0x0000000084800000, 0x0000000084800000|100%|HS|  |TAMS 0x0000000084800000, 0x0000000084800000| Complete 
|  72|0x0000000084800000, 0x0000000084900000, 0x0000000084900000|100%|HS|  |TAMS 0x0000000084900000, 0x0000000084900000| Complete 
|  73|0x0000000084900000, 0x0000000084a00000, 0x0000000084a00000|100%| O|  |TAMS 0x0000000084a00000, 0x0000000084a00000| Untracked 
|  74|0x0000000084a00000, 0x0000000084b00000, 0x0000000084b00000|100%| O|  |TAMS 0x0000000084b00000, 0x0000000084b00000| Untracked 
|  75|0x0000000084b00000, 0x0000000084c00000, 0x0000000084c00000|100%| O|  |TAMS 0x0000000084c00000, 0x0000000084c00000| Untracked 
|  76|0x0000000084c00000, 0x0000000084d00000, 0x0000000084d00000|100%| O|  |TAMS 0x0000000084d00000, 0x0000000084d00000| Untracked 
|  77|0x0000000084d00000, 0x0000000084e00000, 0x0000000084e00000|100%| O|  |TAMS 0x0000000084e00000, 0x0000000084e00000| Untracked 
|  78|0x0000000084e00000, 0x0000000084f00000, 0x0000000084f00000|100%|HS|  |TAMS 0x0000000084f00000, 0x0000000084f00000| Complete 
|  79|0x0000000084f00000, 0x0000000085000000, 0x0000000085000000|100%|HC|  |TAMS 0x0000000085000000, 0x0000000085000000| Complete 
|  80|0x0000000085000000, 0x0000000085100000, 0x0000000085100000|100%| O|  |TAMS 0x0000000085100000, 0x0000000085100000| Untracked 
|  81|0x0000000085100000, 0x0000000085200000, 0x0000000085200000|100%|HS|  |TAMS 0x0000000085200000, 0x0000000085200000| Complete 
|  82|0x0000000085200000, 0x0000000085300000, 0x0000000085300000|100%| O|  |TAMS 0x0000000085300000, 0x0000000085300000| Untracked 
|  83|0x0000000085300000, 0x0000000085400000, 0x0000000085400000|100%|HS|  |TAMS 0x0000000085400000, 0x0000000085400000| Complete 
|  84|0x0000000085400000, 0x0000000085500000, 0x0000000085500000|100%| O|  |TAMS 0x0000000085500000, 0x0000000085500000| Untracked 
|  85|0x0000000085500000, 0x0000000085600000, 0x0000000085600000|100%|HS|  |TAMS 0x0000000085600000, 0x0000000085600000| Complete 
|  86|0x0000000085600000, 0x0000000085700000, 0x0000000085700000|100%| O|  |TAMS 0x0000000085700000, 0x0000000085700000| Untracked 
|  87|0x0000000085700000, 0x0000000085800000, 0x0000000085800000|100%|HS|  |TAMS 0x0000000085800000, 0x0000000085800000| Complete 
|  88|0x0000000085800000, 0x0000000085900000, 0x0000000085900000|100%| O|  |TAMS 0x0000000085900000, 0x0000000085900000| Untracked 
|  89|0x0000000085900000, 0x0000000085a00000, 0x0000000085a00000|100%| O|  |TAMS 0x0000000085a00000, 0x0000000085a00000| Untracked 
|  90|0x0000000085a00000, 0x0000000085b00000, 0x0000000085b00000|100%| O|  |TAMS 0x0000000085b00000, 0x0000000085b00000| Untracked 
|  91|0x0000000085b00000, 0x0000000085c00000, 0x0000000085c00000|100%| O|  |TAMS 0x0000000085c00000, 0x0000000085c00000| Untracked 
|  92|0x0000000085c00000, 0x0000000085d00000, 0x0000000085d00000|100%| O|  |TAMS 0x0000000085d00000, 0x0000000085d00000| Untracked 
|  93|0x0000000085d00000, 0x0000000085e00000, 0x0000000085e00000|100%| O|  |TAMS 0x0000000085e00000, 0x0000000085e00000| Untracked 
|  94|0x0000000085e00000, 0x0000000085f00000, 0x0000000085f00000|100%| O|  |TAMS 0x0000000085f00000, 0x0000000085f00000| Untracked 
|  95|0x0000000085f00000, 0x0000000086000000, 0x0000000086000000|100%| O|  |TAMS 0x0000000086000000, 0x0000000086000000| Untracked 
|  96|0x0000000086000000, 0x0000000086100000, 0x0000000086100000|100%| O|  |TAMS 0x0000000086100000, 0x0000000086100000| Untracked 
|  97|0x0000000086100000, 0x0000000086200000, 0x0000000086200000|100%| O|  |TAMS 0x0000000086200000, 0x0000000086200000| Untracked 
|  98|0x0000000086200000, 0x0000000086300000, 0x0000000086300000|100%|HS|  |TAMS 0x0000000086300000, 0x0000000086300000| Complete 
|  99|0x0000000086300000, 0x0000000086400000, 0x0000000086400000|100%| O|  |TAMS 0x0000000086400000, 0x0000000086400000| Untracked 
| 100|0x0000000086400000, 0x0000000086500000, 0x0000000086500000|100%| O|  |TAMS 0x0000000086500000, 0x0000000086500000| Untracked 
| 101|0x0000000086500000, 0x0000000086600000, 0x0000000086600000|100%| O|  |TAMS 0x0000000086600000, 0x0000000086600000| Untracked 
| 102|0x0000000086600000, 0x0000000086700000, 0x0000000086700000|100%| O|  |TAMS 0x0000000086700000, 0x0000000086700000| Untracked 
| 103|0x0000000086700000, 0x0000000086800000, 0x0000000086800000|100%| O|  |TAMS 0x0000000086800000, 0x0000000086800000| Untracked 
| 104|0x0000000086800000, 0x0000000086900000, 0x0000000086900000|100%| O|  |TAMS 0x0000000086900000, 0x0000000086900000| Untracked 
| 105|0x0000000086900000, 0x0000000086a00000, 0x0000000086a00000|100%| O|  |TAMS 0x0000000086a00000, 0x0000000086a00000| Untracked 
| 106|0x0000000086a00000, 0x0000000086b00000, 0x0000000086b00000|100%| O|  |TAMS 0x0000000086b00000, 0x0000000086b00000| Untracked 
| 107|0x0000000086b00000, 0x0000000086c00000, 0x0000000086c00000|100%| O|  |TAMS 0x0000000086c00000, 0x0000000086c00000| Untracked 
| 108|0x0000000086c00000, 0x0000000086d00000, 0x0000000086d00000|100%| O|  |TAMS 0x0000000086d00000, 0x0000000086d00000| Untracked 
| 109|0x0000000086d00000, 0x0000000086e00000, 0x0000000086e00000|100%| O|  |TAMS 0x0000000086e00000, 0x0000000086e00000| Untracked 
| 110|0x0000000086e00000, 0x0000000086f00000, 0x0000000086f00000|100%| O|  |TAMS 0x0000000086f00000, 0x0000000086f00000| Untracked 
| 111|0x0000000086f00000, 0x0000000087000000, 0x0000000087000000|100%| O|  |TAMS 0x0000000087000000, 0x0000000087000000| Untracked 
| 112|0x0000000087000000, 0x0000000087100000, 0x0000000087100000|100%| O|  |TAMS 0x0000000087100000, 0x0000000087100000| Untracked 
| 113|0x0000000087100000, 0x0000000087200000, 0x0000000087200000|100%| O|  |TAMS 0x0000000087200000, 0x0000000087200000| Untracked 
| 114|0x0000000087200000, 0x0000000087300000, 0x0000000087300000|100%| O|  |TAMS 0x0000000087300000, 0x0000000087300000| Untracked 
| 115|0x0000000087300000, 0x0000000087400000, 0x0000000087400000|100%| O|  |TAMS 0x0000000087400000, 0x0000000087400000| Untracked 
| 116|0x0000000087400000, 0x0000000087500000, 0x0000000087500000|100%| O|  |TAMS 0x0000000087500000, 0x0000000087500000| Untracked 
| 117|0x0000000087500000, 0x0000000087600000, 0x0000000087600000|100%| O|  |TAMS 0x0000000087600000, 0x0000000087600000| Untracked 
| 118|0x0000000087600000, 0x0000000087700000, 0x0000000087700000|100%| O|  |TAMS 0x0000000087700000, 0x0000000087700000| Untracked 
| 119|0x0000000087700000, 0x0000000087800000, 0x0000000087800000|100%| O|  |TAMS 0x00000000877c6400, 0x0000000087800000| Untracked 
| 120|0x0000000087800000, 0x0000000087900000, 0x0000000087900000|100%| O|  |TAMS 0x0000000087800000, 0x0000000087900000| Untracked 
| 121|0x0000000087900000, 0x0000000087a00000, 0x0000000087a00000|100%| O|  |TAMS 0x0000000087900000, 0x0000000087a00000| Untracked 
| 122|0x0000000087a00000, 0x0000000087b00000, 0x0000000087b00000|100%| O|  |TAMS 0x0000000087a00000, 0x0000000087b00000| Untracked 
| 123|0x0000000087b00000, 0x0000000087c00000, 0x0000000087c00000|100%| O|  |TAMS 0x0000000087b00000, 0x0000000087c00000| Untracked 
| 124|0x0000000087c00000, 0x0000000087d00000, 0x0000000087d00000|100%| O|  |TAMS 0x0000000087c00000, 0x0000000087d00000| Untracked 
| 125|0x0000000087d00000, 0x0000000087e00000, 0x0000000087e00000|100%| O|  |TAMS 0x0000000087d00000, 0x0000000087e00000| Untracked 
| 126|0x0000000087e00000, 0x0000000087f00000, 0x0000000087f00000|100%| O|  |TAMS 0x0000000087e00000, 0x0000000087f00000| Untracked 
| 127|0x0000000087f00000, 0x0000000088000000, 0x0000000088000000|100%| O|  |TAMS 0x0000000087f00000, 0x0000000088000000| Untracked 
| 128|0x0000000088000000, 0x0000000088100000, 0x0000000088100000|100%| O|  |TAMS 0x0000000088100000, 0x0000000088100000| Untracked 
| 129|0x0000000088100000, 0x0000000088200000, 0x0000000088200000|100%| O|  |TAMS 0x0000000088200000, 0x0000000088200000| Untracked 
| 130|0x0000000088200000, 0x0000000088300000, 0x0000000088300000|100%| O|  |TAMS 0x0000000088300000, 0x0000000088300000| Untracked 
| 131|0x0000000088300000, 0x0000000088400000, 0x0000000088400000|100%| O|  |TAMS 0x0000000088400000, 0x0000000088400000| Untracked 
| 132|0x0000000088400000, 0x0000000088500000, 0x0000000088500000|100%| O|  |TAMS 0x0000000088500000, 0x0000000088500000| Untracked 
| 133|0x0000000088500000, 0x0000000088600000, 0x0000000088600000|100%| O|  |TAMS 0x0000000088500000, 0x0000000088600000| Untracked 
| 134|0x0000000088600000, 0x0000000088700000, 0x0000000088700000|100%| O|  |TAMS 0x0000000088600000, 0x0000000088700000| Untracked 
| 135|0x0000000088700000, 0x0000000088800000, 0x0000000088800000|100%| O|  |TAMS 0x0000000088700000, 0x0000000088800000| Untracked 
| 136|0x0000000088800000, 0x0000000088900000, 0x0000000088900000|100%| O|  |TAMS 0x0000000088800000, 0x0000000088900000| Untracked 
| 137|0x0000000088900000, 0x0000000088a00000, 0x0000000088a00000|100%| O|  |TAMS 0x0000000088900000, 0x0000000088a00000| Untracked 
| 138|0x0000000088a00000, 0x0000000088b00000, 0x0000000088b00000|100%| O|  |TAMS 0x0000000088a00000, 0x0000000088b00000| Untracked 
| 139|0x0000000088b00000, 0x0000000088c00000, 0x0000000088c00000|100%| O|  |TAMS 0x0000000088b00000, 0x0000000088c00000| Untracked 
| 140|0x0000000088c00000, 0x0000000088d00000, 0x0000000088d00000|100%| O|  |TAMS 0x0000000088c00000, 0x0000000088d00000| Untracked 
| 141|0x0000000088d00000, 0x0000000088e00000, 0x0000000088e00000|100%| O|  |TAMS 0x0000000088d00000, 0x0000000088e00000| Untracked 
| 142|0x0000000088e00000, 0x0000000088f00000, 0x0000000088f00000|100%| O|  |TAMS 0x0000000088e00000, 0x0000000088f00000| Untracked 
| 143|0x0000000088f00000, 0x0000000089000000, 0x0000000089000000|100%| O|  |TAMS 0x0000000088f00000, 0x0000000089000000| Untracked 
| 144|0x0000000089000000, 0x0000000089100000, 0x0000000089100000|100%| O|  |TAMS 0x0000000089000000, 0x0000000089100000| Untracked 
| 145|0x0000000089100000, 0x0000000089200000, 0x0000000089200000|100%| O|  |TAMS 0x0000000089100000, 0x0000000089200000| Untracked 
| 146|0x0000000089200000, 0x0000000089300000, 0x0000000089300000|100%| O|  |TAMS 0x0000000089200000, 0x0000000089300000| Untracked 
| 147|0x0000000089300000, 0x0000000089400000, 0x0000000089400000|100%| O|  |TAMS 0x0000000089300000, 0x0000000089400000| Untracked 
| 148|0x0000000089400000, 0x0000000089500000, 0x0000000089500000|100%| O|  |TAMS 0x0000000089400000, 0x0000000089500000| Untracked 
| 149|0x0000000089500000, 0x0000000089600000, 0x0000000089600000|100%| O|  |TAMS 0x0000000089500000, 0x0000000089600000| Untracked 
| 150|0x0000000089600000, 0x0000000089700000, 0x0000000089700000|100%| O|  |TAMS 0x0000000089600000, 0x000000008969fa00| Untracked 
| 151|0x0000000089700000, 0x0000000089800000, 0x0000000089800000|100%| O|  |TAMS 0x0000000089700000, 0x0000000089700000| Untracked 
| 152|0x0000000089800000, 0x0000000089900000, 0x0000000089900000|100%| O|  |TAMS 0x0000000089800000, 0x0000000089800000| Untracked 
| 153|0x0000000089900000, 0x00000000899bc000, 0x0000000089a00000| 73%| O|  |TAMS 0x0000000089900000, 0x0000000089900000| Untracked 
| 154|0x0000000089a00000, 0x0000000089a00000, 0x0000000089b00000|  0%| F|  |TAMS 0x0000000089a00000, 0x0000000089a00000| Untracked 
| 155|0x0000000089b00000, 0x0000000089b00000, 0x0000000089c00000|  0%| F|  |TAMS 0x0000000089b00000, 0x0000000089b00000| Untracked 
| 156|0x0000000089c00000, 0x0000000089c00000, 0x0000000089d00000|  0%| F|  |TAMS 0x0000000089c00000, 0x0000000089c00000| Untracked 
| 157|0x0000000089d00000, 0x0000000089d00000, 0x0000000089e00000|  0%| F|  |TAMS 0x0000000089d00000, 0x0000000089d00000| Untracked 
| 158|0x0000000089e00000, 0x0000000089e00000, 0x0000000089f00000|  0%| F|  |TAMS 0x0000000089e00000, 0x0000000089e00000| Untracked 
| 159|0x0000000089f00000, 0x0000000089f00000, 0x000000008a000000|  0%| F|  |TAMS 0x0000000089f00000, 0x0000000089f00000| Untracked 
| 160|0x000000008a000000, 0x000000008a000000, 0x000000008a100000|  0%| F|  |TAMS 0x000000008a000000, 0x000000008a000000| Untracked 
| 161|0x000000008a100000, 0x000000008a100000, 0x000000008a200000|  0%| F|  |TAMS 0x000000008a100000, 0x000000008a100000| Untracked 
| 162|0x000000008a200000, 0x000000008a200000, 0x000000008a300000|  0%| F|  |TAMS 0x000000008a200000, 0x000000008a200000| Untracked 
| 163|0x000000008a300000, 0x000000008a300000, 0x000000008a400000|  0%| F|  |TAMS 0x000000008a300000, 0x000000008a300000| Untracked 
| 164|0x000000008a400000, 0x000000008a400000, 0x000000008a500000|  0%| F|  |TAMS 0x000000008a400000, 0x000000008a400000| Untracked 
| 165|0x000000008a500000, 0x000000008a500000, 0x000000008a600000|  0%| F|  |TAMS 0x000000008a500000, 0x000000008a500000| Untracked 
| 166|0x000000008a600000, 0x000000008a600000, 0x000000008a700000|  0%| F|  |TAMS 0x000000008a600000, 0x000000008a600000| Untracked 
| 167|0x000000008a700000, 0x000000008a700000, 0x000000008a800000|  0%| F|  |TAMS 0x000000008a700000, 0x000000008a700000| Untracked 
| 168|0x000000008a800000, 0x000000008a800000, 0x000000008a900000|  0%| F|  |TAMS 0x000000008a800000, 0x000000008a800000| Untracked 
| 169|0x000000008a900000, 0x000000008a900000, 0x000000008aa00000|  0%| F|  |TAMS 0x000000008a900000, 0x000000008a900000| Untracked 
| 170|0x000000008aa00000, 0x000000008aa00000, 0x000000008ab00000|  0%| F|  |TAMS 0x000000008aa00000, 0x000000008aa00000| Untracked 
| 171|0x000000008ab00000, 0x000000008ab00000, 0x000000008ac00000|  0%| F|  |TAMS 0x000000008ab00000, 0x000000008ab00000| Untracked 
| 172|0x000000008ac00000, 0x000000008ac00000, 0x000000008ad00000|  0%| F|  |TAMS 0x000000008ac00000, 0x000000008ac00000| Untracked 
| 173|0x000000008ad00000, 0x000000008ad00000, 0x000000008ae00000|  0%| F|  |TAMS 0x000000008ad00000, 0x000000008ad00000| Untracked 
| 174|0x000000008ae00000, 0x000000008ae00000, 0x000000008af00000|  0%| F|  |TAMS 0x000000008ae00000, 0x000000008ae00000| Untracked 
| 175|0x000000008af00000, 0x000000008af00000, 0x000000008b000000|  0%| F|  |TAMS 0x000000008af00000, 0x000000008af00000| Untracked 
| 176|0x000000008b000000, 0x000000008b000000, 0x000000008b100000|  0%| F|  |TAMS 0x000000008b000000, 0x000000008b000000| Untracked 
| 177|0x000000008b100000, 0x000000008b100000, 0x000000008b200000|  0%| F|  |TAMS 0x000000008b100000, 0x000000008b100000| Untracked 
| 178|0x000000008b200000, 0x000000008b200000, 0x000000008b300000|  0%| F|  |TAMS 0x000000008b200000, 0x000000008b200000| Untracked 
| 179|0x000000008b300000, 0x000000008b300000, 0x000000008b400000|  0%| F|  |TAMS 0x000000008b300000, 0x000000008b300000| Untracked 
| 180|0x000000008b400000, 0x000000008b400000, 0x000000008b500000|  0%| F|  |TAMS 0x000000008b400000, 0x000000008b400000| Untracked 
| 181|0x000000008b500000, 0x000000008b500000, 0x000000008b600000|  0%| F|  |TAMS 0x000000008b500000, 0x000000008b500000| Untracked 
| 182|0x000000008b600000, 0x000000008b600000, 0x000000008b700000|  0%| F|  |TAMS 0x000000008b600000, 0x000000008b600000| Untracked 
| 183|0x000000008b700000, 0x000000008b700000, 0x000000008b800000|  0%| F|  |TAMS 0x000000008b700000, 0x000000008b700000| Untracked 
| 184|0x000000008b800000, 0x000000008b800000, 0x000000008b900000|  0%| F|  |TAMS 0x000000008b800000, 0x000000008b800000| Untracked 
| 185|0x000000008b900000, 0x000000008b900000, 0x000000008ba00000|  0%| F|  |TAMS 0x000000008b900000, 0x000000008b900000| Untracked 
| 186|0x000000008ba00000, 0x000000008bb00000, 0x000000008bb00000|100%| S|CS|TAMS 0x000000008ba00000, 0x000000008ba00000| Complete 
| 187|0x000000008bb00000, 0x000000008bb00000, 0x000000008bc00000|  0%| F|  |TAMS 0x000000008bb00000, 0x000000008bb00000| Untracked 
| 188|0x000000008bc00000, 0x000000008bd00000, 0x000000008bd00000|100%| S|CS|TAMS 0x000000008bc00000, 0x000000008bc00000| Complete 
| 189|0x000000008bd00000, 0x000000008be00000, 0x000000008be00000|100%| S|CS|TAMS 0x000000008bd00000, 0x000000008bd00000| Complete 
| 190|0x000000008be00000, 0x000000008be00000, 0x000000008bf00000|  0%| F|  |TAMS 0x000000008be00000, 0x000000008be00000| Untracked 
| 191|0x000000008bf00000, 0x000000008bf00000, 0x000000008c000000|  0%| F|  |TAMS 0x000000008bf00000, 0x000000008bf00000| Untracked 
| 192|0x000000008c000000, 0x000000008c000000, 0x000000008c100000|  0%| F|  |TAMS 0x000000008c000000, 0x000000008c000000| Untracked 
| 193|0x000000008c100000, 0x000000008c100000, 0x000000008c200000|  0%| F|  |TAMS 0x000000008c100000, 0x000000008c100000| Untracked 
| 194|0x000000008c200000, 0x000000008c200000, 0x000000008c300000|  0%| F|  |TAMS 0x000000008c200000, 0x000000008c200000| Untracked 
| 195|0x000000008c300000, 0x000000008c300000, 0x000000008c400000|  0%| F|  |TAMS 0x000000008c300000, 0x000000008c300000| Untracked 
| 196|0x000000008c400000, 0x000000008c400000, 0x000000008c500000|  0%| F|  |TAMS 0x000000008c400000, 0x000000008c400000| Untracked 
| 197|0x000000008c500000, 0x000000008c500000, 0x000000008c600000|  0%| F|  |TAMS 0x000000008c500000, 0x000000008c500000| Untracked 
| 198|0x000000008c600000, 0x000000008c600000, 0x000000008c700000|  0%| F|  |TAMS 0x000000008c600000, 0x000000008c600000| Untracked 
| 199|0x000000008c700000, 0x000000008c700000, 0x000000008c800000|  0%| F|  |TAMS 0x000000008c700000, 0x000000008c700000| Untracked 
| 200|0x000000008c800000, 0x000000008c800000, 0x000000008c900000|  0%| F|  |TAMS 0x000000008c800000, 0x000000008c800000| Untracked 
| 201|0x000000008c900000, 0x000000008c900000, 0x000000008ca00000|  0%| F|  |TAMS 0x000000008c900000, 0x000000008c900000| Untracked 
| 202|0x000000008ca00000, 0x000000008ca00000, 0x000000008cb00000|  0%| F|  |TAMS 0x000000008ca00000, 0x000000008ca00000| Untracked 
| 203|0x000000008cb00000, 0x000000008cb00000, 0x000000008cc00000|  0%| F|  |TAMS 0x000000008cb00000, 0x000000008cb00000| Untracked 
| 204|0x000000008cc00000, 0x000000008cc00000, 0x000000008cd00000|  0%| F|  |TAMS 0x000000008cc00000, 0x000000008cc00000| Untracked 
| 205|0x000000008cd00000, 0x000000008cd00000, 0x000000008ce00000|  0%| F|  |TAMS 0x000000008cd00000, 0x000000008cd00000| Untracked 

Card table byte_map: [0x0000013f1a650000,0x0000013f1aa50000] _byte_map_base: 0x0000013f1a250000

Marking Bits (Prev, Next): (CMBitMap*) 0x0000013f072eb828, (CMBitMap*) 0x0000013f072eb860
 Prev Bits: [0x0000013f1ae50000, 0x0000013f1ce50000)
 Next Bits: [0x0000013f1ce50000, 0x0000013f1ee50000)

Polling page: 0x0000013f05c30000

Metaspace:

Usage:
  Non-class:     77.58 MB capacity,    76.16 MB ( 98%) used,     1.19 MB (  2%) free+waste,   234.75 KB ( <1%) overhead. 
      Class:     12.14 MB capacity,    11.35 MB ( 94%) used,   695.19 KB (  6%) free+waste,   106.63 KB ( <1%) overhead. 
       Both:     89.71 MB capacity,    87.51 MB ( 98%) used,     1.87 MB (  2%) free+waste,   341.38 KB ( <1%) overhead. 

Virtual space:
  Non-class space:       78.00 MB reserved,      77.79 MB (>99%) committed 
      Class space:        1.00 GB reserved,      12.25 MB (  1%) committed 
             Both:        1.08 GB reserved,      90.04 MB (  8%) committed 

Chunk freelists:
   Non-Class:  23.00 KB
       Class:  21.00 KB
        Both:  44.00 KB

MaxMetaspaceSize: 17179869184.00 GB
CompressedClassSpaceSize: 1.00 GB

CodeHeap 'non-profiled nmethods': size=120064Kb used=5299Kb max_used=5299Kb free=114764Kb
 bounds [0x0000013f126f0000, 0x0000013f12c20000, 0x0000013f19c30000]
CodeHeap 'profiled nmethods': size=120000Kb used=24468Kb max_used=24468Kb free=95531Kb
 bounds [0x0000013f0b1c0000, 0x0000013f0c9b0000, 0x0000013f126f0000]
CodeHeap 'non-nmethods': size=5696Kb used=2268Kb max_used=2308Kb free=3427Kb
 bounds [0x0000013f0ac30000, 0x0000013f0aea0000, 0x0000013f0b1c0000]
 total_blobs=12140 nmethods=11277 adapters=774
 compilation: enabled
              stopped_count=0, restarted_count=0
 full_count=0

Compilation events (20 events):
Event: 43.926 Thread 0x0000013f21e94000 11672   !   3       java.util.concurrent.ConcurrentHashMap::transfer (828 bytes)
Event: 43.961 Thread 0x0000013f21e94000 nmethod 11672 0x0000013f0c99ec90 code [0x0000013f0c99f120, 0x0000013f0c9a2338]
Event: 43.961 Thread 0x0000013f21e94000 11675       2       com.android.tools.r8.dex.B::a (123 bytes)
Event: 43.962 Thread 0x0000013f21e94000 nmethod 11675 0x0000013f0c9a3c10 code [0x0000013f0c9a3e80, 0x0000013f0c9a4428]
Event: 43.962 Thread 0x0000013f21e94000 11673       2       com.android.tools.r8.graph.n0::B0 (16 bytes)
Event: 43.962 Thread 0x0000013f21e94000 nmethod 11673 0x0000013f0c9a4810 code [0x0000013f0c9a49c0, 0x0000013f0c9a4ad8]
Event: 43.962 Thread 0x0000013f21e94000 11674       2       com.android.tools.r8.graph.n0::C0 (16 bytes)
Event: 43.962 Thread 0x0000013f21e94000 nmethod 11674 0x0000013f0c9a4b90 code [0x0000013f0c9a4d40, 0x0000013f0c9a4e58]
Event: 44.026 Thread 0x0000013f21e94000 11678       2       java.util.ServiceLoader$3::hasNext (38 bytes)
Event: 44.027 Thread 0x0000013f21e94000 nmethod 11678 0x0000013f0c9a4f10 code [0x0000013f0c9a5100, 0x0000013f0c9a5348]
Event: 44.027 Thread 0x0000013f21e94000 11679       2       org.gradle.internal.classloader.FilteringClassLoader::allowed (30 bytes)
Event: 44.027 Thread 0x0000013f21e94000 nmethod 11679 0x0000013f0c9a5510 code [0x0000013f0c9a56e0, 0x0000013f0c9a5878]
Event: 44.028 Thread 0x0000013f21e94000 11680       2       java.util.ServiceLoader$2::hasNext (30 bytes)
Event: 44.029 Thread 0x0000013f21e94000 nmethod 11680 0x0000013f0c9a5990 code [0x0000013f0c9a5b60, 0x0000013f0c9a5cd8]
Event: 44.031 Thread 0x0000013f21e94000 11681       3       org.apache.xerces.util.NamespaceSupport::getURI (38 bytes)
Event: 44.031 Thread 0x0000013f21e94000 nmethod 11681 0x0000013f0c9a5d90 code [0x0000013f0c9a5f60, 0x0000013f0c9a61d8]
Event: 44.031 Thread 0x0000013f21e94000 11682       2       com.android.ide.common.resources.ValueResourceParser2::parseFile (203 bytes)
Event: 44.033 Thread 0x0000013f21e94000 nmethod 11682 0x0000013f0c9a6310 code [0x0000013f0c9a65c0, 0x0000013f0c9a6f78]
Event: 44.033 Thread 0x0000013f21e94000 11683 %     3       java.lang.StringUTF16::inflate @ 10 (42 bytes)
Event: 44.034 Thread 0x0000013f21e94000 nmethod 11683% 0x0000013f0c9a7590 code [0x0000013f0c9a7760, 0x0000013f0c9a7b08]

GC Heap History (20 events):
Event: 42.074 GC heap after
{Heap after GC invocations=34 (full 0):
 garbage-first heap   total 136192K, used 111999K [0x0000000080000000, 0x0000000100000000)
  region size 1024K, 1 young (1024K), 1 survivors (1024K)
 Metaspace       used 86316K, capacity 88464K, committed 88740K, reserved 1126400K
  class space    used 11142K, capacity 11857K, committed 11904K, reserved 1048576K
}
Event: 42.133 GC heap before
{Heap before GC invocations=34 (full 0):
 garbage-first heap   total 136192K, used 117119K [0x0000000080000000, 0x0000000100000000)
  region size 1024K, 6 young (6144K), 1 survivors (1024K)
 Metaspace       used 87052K, capacity 89202K, committed 89508K, reserved 1126400K
  class space    used 11340K, capacity 12081K, committed 12160K, reserved 1048576K
}
Event: 42.138 GC heap after
{Heap after GC invocations=35 (full 0):
 garbage-first heap   total 163840K, used 112382K [0x0000000080000000, 0x0000000100000000)
  region size 1024K, 1 young (1024K), 1 survivors (1024K)
 Metaspace       used 87052K, capacity 89202K, committed 89508K, reserved 1126400K
  class space    used 11340K, capacity 12081K, committed 12160K, reserved 1048576K
}
Event: 42.554 GC heap before
{Heap before GC invocations=35 (full 0):
 garbage-first heap   total 163840K, used 125694K [0x0000000080000000, 0x0000000100000000)
  region size 1024K, 15 young (15360K), 1 survivors (1024K)
 Metaspace       used 87592K, capacity 89714K, committed 89764K, reserved 1126400K
  class space    used 11372K, capacity 12120K, committed 12160K, reserved 1048576K
}
Event: 42.566 GC heap after
{Heap after GC invocations=36 (full 0):
 garbage-first heap   total 163840K, used 119007K [0x0000000080000000, 0x0000000100000000)
  region size 1024K, 2 young (2048K), 2 survivors (2048K)
 Metaspace       used 87592K, capacity 89714K, committed 89764K, reserved 1126400K
  class space    used 11372K, capacity 12120K, committed 12160K, reserved 1048576K
}
Event: 42.638 GC heap before
{Heap before GC invocations=37 (full 0):
 garbage-first heap   total 163840K, used 130271K [0x0000000080000000, 0x0000000100000000)
  region size 1024K, 13 young (13312K), 2 survivors (2048K)
 Metaspace       used 87632K, capacity 89787K, committed 90020K, reserved 1128448K
  class space    used 11377K, capacity 12122K, committed 12160K, reserved 1048576K
}
Event: 42.651 GC heap after
{Heap after GC invocations=38 (full 0):
 garbage-first heap   total 163840K, used 124852K [0x0000000080000000, 0x0000000100000000)
  region size 1024K, 2 young (2048K), 2 survivors (2048K)
 Metaspace       used 87632K, capacity 89787K, committed 90020K, reserved 1128448K
  class space    used 11377K, capacity 12122K, committed 12160K, reserved 1048576K
}
Event: 42.728 GC heap before
{Heap before GC invocations=38 (full 0):
 garbage-first heap   total 163840K, used 133044K [0x0000000080000000, 0x0000000100000000)
  region size 1024K, 11 young (11264K), 2 survivors (2048K)
 Metaspace       used 87671K, capacity 89859K, committed 90020K, reserved 1128448K
  class space    used 11382K, capacity 12125K, committed 12160K, reserved 1048576K
}
Event: 42.738 GC heap after
{Heap after GC invocations=39 (full 0):
 garbage-first heap   total 163840K, used 129817K [0x0000000080000000, 0x0000000100000000)
  region size 1024K, 2 young (2048K), 2 survivors (2048K)
 Metaspace       used 87671K, capacity 89859K, committed 90020K, reserved 1128448K
  class space    used 11382K, capacity 12125K, committed 12160K, reserved 1048576K
}
Event: 42.784 GC heap before
{Heap before GC invocations=39 (full 0):
 garbage-first heap   total 163840K, used 136985K [0x0000000080000000, 0x0000000100000000)
  region size 1024K, 9 young (9216K), 2 survivors (2048K)
 Metaspace       used 87674K, capacity 89859K, committed 90020K, reserved 1128448K
  class space    used 11382K, capacity 12125K, committed 12160K, reserved 1048576K
}
Event: 42.792 GC heap after
{Heap after GC invocations=40 (full 0):
 garbage-first heap   total 163840K, used 134045K [0x0000000080000000, 0x0000000100000000)
  region size 1024K, 2 young (2048K), 2 survivors (2048K)
 Metaspace       used 87674K, capacity 89859K, committed 90020K, reserved 1128448K
  class space    used 11382K, capacity 12125K, committed 12160K, reserved 1048576K
}
Event: 42.840 GC heap before
{Heap before GC invocations=40 (full 0):
 garbage-first heap   total 163840K, used 140189K [0x0000000080000000, 0x0000000100000000)
  region size 1024K, 8 young (8192K), 2 survivors (2048K)
 Metaspace       used 87686K, capacity 89863K, committed 90020K, reserved 1128448K
  class space    used 11382K, capacity 12125K, committed 12160K, reserved 1048576K
}
Event: 42.850 GC heap after
{Heap after GC invocations=41 (full 0):
 garbage-first heap   total 210944K, used 137197K [0x0000000080000000, 0x0000000100000000)
  region size 1024K, 1 young (1024K), 1 survivors (1024K)
 Metaspace       used 87686K, capacity 89863K, committed 90020K, reserved 1128448K
  class space    used 11382K, capacity 12125K, committed 12160K, reserved 1048576K
}
Event: 43.057 GC heap before
{Heap before GC invocations=41 (full 0):
 garbage-first heap   total 210944K, used 154605K [0x0000000080000000, 0x0000000100000000)
  region size 1024K, 19 young (19456K), 1 survivors (1024K)
 Metaspace       used 87735K, capacity 89863K, committed 90020K, reserved 1128448K
  class space    used 11382K, capacity 12125K, committed 12160K, reserved 1048576K
}
Event: 43.073 GC heap after
{Heap after GC invocations=42 (full 0):
 garbage-first heap   total 210944K, used 146180K [0x0000000080000000, 0x0000000100000000)
  region size 1024K, 3 young (3072K), 3 survivors (3072K)
 Metaspace       used 87735K, capacity 89863K, committed 90020K, reserved 1128448K
  class space    used 11382K, capacity 12125K, committed 12160K, reserved 1048576K
}
Event: 43.435 GC heap before
{Heap before GC invocations=43 (full 0):
 garbage-first heap   total 210944K, used 161540K [0x0000000080000000, 0x0000000100000000)
  region size 1024K, 19 young (19456K), 3 survivors (3072K)
 Metaspace       used 88132K, capacity 90278K, committed 90404K, reserved 1128448K
  class space    used 11442K, capacity 12197K, committed 12288K, reserved 1048576K
}
Event: 43.452 GC heap after
{Heap after GC invocations=44 (full 0):
 garbage-first heap   total 210944K, used 153456K [0x0000000080000000, 0x0000000100000000)
  region size 1024K, 3 young (3072K), 3 survivors (3072K)
 Metaspace       used 88132K, capacity 90278K, committed 90404K, reserved 1128448K
  class space    used 11442K, capacity 12197K, committed 12288K, reserved 1048576K
}
Event: 43.718 GC heap before
{Heap before GC invocations=44 (full 0):
 garbage-first heap   total 210944K, used 166768K [0x0000000080000000, 0x0000000100000000)
  region size 1024K, 17 young (17408K), 3 survivors (3072K)
 Metaspace       used 89503K, capacity 91701K, committed 91940K, reserved 1128448K
  class space    used 11618K, capacity 12419K, committed 12544K, reserved 1048576K
}
Event: 43.730 GC heap after
{Heap after GC invocations=45 (full 0):
 garbage-first heap   total 210944K, used 156594K [0x0000000080000000, 0x0000000100000000)
  region size 1024K, 3 young (3072K), 3 survivors (3072K)
 Metaspace       used 89503K, capacity 91701K, committed 91940K, reserved 1128448K
  class space    used 11618K, capacity 12419K, committed 12544K, reserved 1048576K
}
Event: 44.035 GC heap before
{Heap before GC invocations=45 (full 0):
 garbage-first heap   total 210944K, used 169906K [0x0000000080000000, 0x0000000100000000)
  region size 1024K, 17 young (17408K), 3 survivors (3072K)
 Metaspace       used 89610K, capacity 91864K, committed 92196K, reserved 1128448K
  class space    used 11625K, capacity 12427K, committed 12544K, reserved 1048576K
}

Deoptimization events (20 events):
Event: 43.383 Thread 0x0000013f28684000 DEOPT PACKING pc=0x0000013f0c6e2512 sp=0x00000036b5afa4f0
Event: 43.383 Thread 0x0000013f28684000 DEOPT UNPACKING pc=0x0000013f0ac572ce sp=0x00000036b5af9a50 mode 0
Event: 43.514 Thread 0x0000013f28684000 DEOPT PACKING pc=0x0000013f0c6eb584 sp=0x00000036b5afa570
Event: 43.514 Thread 0x0000013f28684000 DEOPT UNPACKING pc=0x0000013f0ac572ce sp=0x00000036b5af9ab0 mode 0
Event: 43.552 Thread 0x0000013f28684000 DEOPT PACKING pc=0x0000013f0c6ef998 sp=0x00000036b5afa680
Event: 43.552 Thread 0x0000013f28684000 DEOPT UNPACKING pc=0x0000013f0ac572ce sp=0x00000036b5af9bc0 mode 0
Event: 43.759 Thread 0x0000013f2868e000 DEOPT PACKING pc=0x0000013f0c95f674 sp=0x00000036b68fea70
Event: 43.759 Thread 0x0000013f2868e000 DEOPT UNPACKING pc=0x0000013f0ac572ce sp=0x00000036b68fdf40 mode 0
Event: 43.775 Thread 0x0000013f2868e000 DEOPT PACKING pc=0x0000013f0c95f674 sp=0x00000036b68fea70
Event: 43.815 Thread 0x0000013f28684000 DEOPT PACKING pc=0x0000013f0c92aa17 sp=0x00000036b5afa700
Event: 43.866 Thread 0x0000013f28684000 DEOPT UNPACKING pc=0x0000013f0ac572ce sp=0x00000036b5af9c28 mode 0
Event: 43.880 Thread 0x0000013f28684000 DEOPT PACKING pc=0x0000013f0c721dce sp=0x00000036b5afac30
Event: 43.880 Thread 0x0000013f28684000 DEOPT UNPACKING pc=0x0000013f0ac572ce sp=0x00000036b5afa0f0 mode 0
Event: 43.888 Thread 0x0000013f28684000 DEOPT PACKING pc=0x0000013f0b29c61b sp=0x00000036b5af89a0
Event: 43.888 Thread 0x0000013f28684000 DEOPT UNPACKING pc=0x0000013f0ac572ce sp=0x00000036b5af7ee0 mode 0
Event: 43.909 Thread 0x0000013f2868e000 DEOPT UNPACKING pc=0x0000013f0ac572ce sp=0x00000036b68fdf40 mode 0
Event: 43.926 Thread 0x0000013f2868c800 DEOPT PACKING pc=0x0000013f0c8ed93e sp=0x00000036b62fd740
Event: 43.926 Thread 0x0000013f2868c800 DEOPT UNPACKING pc=0x0000013f0ac572ce sp=0x00000036b62fcc60 mode 0
Event: 43.928 Thread 0x0000013f2868c800 DEOPT PACKING pc=0x0000013f0c8ed95f sp=0x00000036b62fd740
Event: 43.928 Thread 0x0000013f2868c800 DEOPT UNPACKING pc=0x0000013f0ac572ce sp=0x00000036b62fcc60 mode 0

Classes redefined (0 events):
No events

Internal exceptions (20 events):
Event: 40.719 Thread 0x0000013f28684000 Exception <a 'sun/nio/fs/WindowsException'{0x0000000087f84b20}> (0x0000000087f84b20) thrown at [./src/hotspot/share/prims/jni.cpp, line 615]
Event: 40.720 Thread 0x0000013f28684000 Exception <a 'sun/nio/fs/WindowsException'{0x0000000087f85750}> (0x0000000087f85750) thrown at [./src/hotspot/share/prims/jni.cpp, line 615]
Event: 40.735 Thread 0x0000013f28686000 Exception <a 'java/lang/NoSuchMethodError'{0x0000000087f6c8e0}: 'java.lang.Object java.lang.invoke.DirectMethodHandle$Holder.invokeStaticInit(java.lang.Object, java.lang.Object, long, java.lang.Object)'> (0x0000000087f6c8e0) thrown at [./src/hotspot/share/interpreter/linkResolver.cpp, line 773]
Event: 40.736 Thread 0x0000013f28686000 Exception <a 'java/lang/NoSuchMethodError'{0x0000000087f72a78}: 'java.lang.Object java.lang.invoke.DirectMethodHandle$Holder.invokeStatic(java.lang.Object, java.lang.Object, long)'> (0x0000000087f72a78) thrown at [./src/hotspot/share/interpreter/linkResolver.cpp, line 773]
Event: 40.736 Thread 0x0000013f28686000 Exception <a 'java/lang/NoSuchMethodError'{0x0000000087f78ff0}: 'java.lang.Object java.lang.invoke.Invokers$Holder.linkToTargetMethod(java.lang.Object, long, java.lang.Object)'> (0x0000000087f78ff0) thrown at [./src/hotspot/share/interpreter/linkResolver.cpp, line 773]
Event: 40.752 Thread 0x0000013f28684000 Exception <a 'java/lang/NoSuchMethodError'{0x0000000087fe1868}: <clinit>> (0x0000000087fe1868) thrown at [./src/hotspot/share/prims/jni.cpp, line 1362]
Event: 40.787 Thread 0x0000013f22dfd000 Exception <a 'sun/nio/fs/WindowsException'{0x0000000087e0bdd0}> (0x0000000087e0bdd0) thrown at [./src/hotspot/share/prims/jni.cpp, line 615]
Event: 40.787 Thread 0x0000013f22dfd000 Exception <a 'sun/nio/fs/WindowsException'{0x0000000087e0d1e8}> (0x0000000087e0d1e8) thrown at [./src/hotspot/share/prims/jni.cpp, line 615]
Event: 40.800 Thread 0x0000013f2868b800 Exception <a 'sun/nio/fs/WindowsException'{0x00000000879954f0}> (0x00000000879954f0) thrown at [./src/hotspot/share/prims/jni.cpp, line 615]
Event: 41.001 Thread 0x0000013f22dfd000 Exception <a 'java/lang/NoSuchMethodError'{0x00000000870de250}: <clinit>> (0x00000000870de250) thrown at [./src/hotspot/share/prims/jni.cpp, line 1362]
Event: 41.945 Thread 0x0000013f2868c800 Implicit null exception at 0x0000013f12bd7c7f to 0x0000013f12bdcab8
Event: 42.036 Thread 0x0000013f2868d000 Exception <a 'java/lang/NoSuchMethodError'{0x0000000087b79058}: 'java.lang.Object java.lang.invoke.DirectMethodHandle$Holder.newInvokeSpecial(java.lang.Object, int)'> (0x0000000087b79058) thrown at [./src/hotspot/share/interpreter/linkResolver.cpp, line 773]
Event: 42.669 Thread 0x0000013f28686000 Exception <a 'java/lang/NoSuchMethodError'{0x0000000089b2aec0}: 'int java.lang.invoke.DirectMethodHandle$Holder.invokeSpecialIFC(java.lang.Object, java.lang.Object, java.lang.Object)'> (0x0000000089b2aec0) thrown at [./src/hotspot/share/interpreter/linkResolver.cpp, line 773]
Event: 43.415 Thread 0x0000013f2868c800 Exception <a 'java/lang/NoSuchMethodError'{0x000000008bfe7b08}: 'void java.lang.invoke.DirectMethodHandle$Holder.invokeStatic(java.lang.Object, java.lang.Object, java.lang.Object, int)'> (0x000000008bfe7b08) thrown at [./src/hotspot/share/interpreter/linkResolver.cpp, line 773]
Event: 43.420 Thread 0x0000013f2868c800 Exception <a 'java/lang/IncompatibleClassChangeError'{0x000000008bfefa08}: Found class java.lang.Object, but interface was expected> (0x000000008bfefa08) thrown at [./src/hotspot/share/interpreter/linkResolver.cpp, line 839]
Event: 43.606 Thread 0x0000013f2868c800 Exception <a 'java/lang/NoSuchMethodError'{0x000000008c5474b8}: 'void java.lang.invoke.DirectMethodHandle$Holder.invokeStaticInit(java.lang.Object, java.lang.Object, java.lang.Object, java.lang.Object, java.lang.Object)'> (0x000000008c5474b8) thrown at [./src/hotspot/share/interpreter/linkResolver.cpp, line 773]
Event: 43.608 Thread 0x0000013f2868c800 Exception <a 'java/lang/NoSuchMethodError'{0x000000008c54f2d8}: 'java.lang.Object java.lang.invoke.DirectMethodHandle$Holder.invokeStatic(java.lang.Object, int, java.lang.Object, java.lang.Object)'> (0x000000008c54f2d8) thrown at [./src/hotspot/share/interpreter/linkResolver.cpp, line 773]
Event: 43.682 Thread 0x0000013f2868c800 Exception <a 'java/lang/NoSuchMethodError'{0x000000008c3c7960}: 'long java.lang.invoke.DirectMethodHandle$Holder.invokeStatic(java.lang.Object, java.lang.Object)'> (0x000000008c3c7960) thrown at [./src/hotspot/share/interpreter/linkResolver.cpp, line 773]
Event: 43.693 Thread 0x0000013f28692000 Exception <a 'java/lang/NoSuchMethodError'{0x000000008c02be38}: 'void java.lang.invoke.DirectMethodHandle$Holder.invokeSpecial(java.lang.Object, java.lang.Object, int, java.lang.Object)'> (0x000000008c02be38) thrown at [./src/hotspot/share/interpreter/linkResolver.cpp, line 773]
Event: 43.693 Thread 0x0000013f2868f000 Exception <a 'java/lang/NoSuchMethodError'{0x000000008cd0db40}: 'void java.lang.invoke.DirectMethodHandle$Holder.invokeSpecial(java.lang.Object, java.lang.Object, int, java.lang.Object)'> (0x000000008cd0db40) thrown at [./src/hotspot/share/interpreter/linkResolver.cpp, line 773]

Events (20 events):
Event: 43.914 loading class com/android/tools/r8/utils/B1/k done
Event: 43.914 loading class com/android/tools/r8/graph/M1
Event: 43.914 loading class com/android/tools/r8/graph/M1 done
Event: 43.914 loading class com/android/tools/r8/graph/M1
Event: 43.914 loading class com/android/tools/r8/graph/M1 done
Event: 43.914 loading class com/android/tools/r8/utils/B1/j
Event: 43.914 loading class com/android/tools/r8/utils/B1/j done
Event: 43.914 loading class com/android/tools/r8/v/c/u$a
Event: 43.914 loading class com/android/tools/r8/v/c/u$a done
Event: 43.915 loading class com/android/tools/r8/graph/v1
Event: 43.915 loading class com/android/tools/r8/graph/v1 done
Event: 43.915 loading class com/android/tools/r8/graph/e0
Event: 43.915 loading class com/android/tools/r8/graph/e0 done
Event: 43.915 loading class com/android/tools/r8/graph/v1
Event: 43.915 loading class com/android/tools/r8/graph/v1 done
Event: 43.932 loading class com/android/tools/r8/dex/B$a
Event: 43.932 loading class com/android/tools/r8/dex/B$a done
Event: 43.933 loading class com/android/tools/r8/dex/B
Event: 43.933 loading class com/android/tools/r8/dex/B done
Event: 44.035 Executing VM operation: G1CollectForAllocation


Dynamic libraries:
0x00007ff718b90000 - 0x00007ff718b9a000 	C:\Program Files\Android\Android Studio\jre\bin\java.exe
0x00007ff905530000 - 0x00007ff905728000 	C:\WINDOWS\SYSTEM32\ntdll.dll
0x00007ff9053c0000 - 0x00007ff90547d000 	C:\WINDOWS\System32\KERNEL32.DLL
0x00007ff9032c0000 - 0x00007ff90358e000 	C:\WINDOWS\System32\KERNELBASE.dll
0x00007ff902f00000 - 0x00007ff903000000 	C:\WINDOWS\System32\ucrtbase.dll
0x00007ff8fd3c0000 - 0x00007ff8fd3d9000 	C:\Program Files\Android\Android Studio\jre\bin\jli.dll
0x00007ff903960000 - 0x00007ff903b00000 	C:\WINDOWS\System32\USER32.dll
0x00007ff903130000 - 0x00007ff903152000 	C:\WINDOWS\System32\win32u.dll
0x00007ff904a10000 - 0x00007ff904a3a000 	C:\WINDOWS\System32\GDI32.dll
0x00007ff902d70000 - 0x00007ff902e7b000 	C:\WINDOWS\System32\gdi32full.dll
0x00007ff903000000 - 0x00007ff90309d000 	C:\WINDOWS\System32\msvcp_win.dll
0x00007ff8fd3e0000 - 0x00007ff8fd3f7000 	C:\Program Files\Android\Android Studio\jre\bin\VCRUNTIME140.dll
0x00007ff8eb1d0000 - 0x00007ff8eb46a000 	C:\WINDOWS\WinSxS\amd64_microsoft.windows.common-controls_6595b64144ccf1df_6.0.19041.1110_none_60b5254171f9507e\COMCTL32.dll
0x00007ff904970000 - 0x00007ff904a0e000 	C:\WINDOWS\System32\msvcrt.dll
0x00007ff904b70000 - 0x00007ff904ba0000 	C:\WINDOWS\System32\IMM32.DLL
0x00007ff8f7fd0000 - 0x00007ff8f806d000 	C:\Program Files\Android\Android Studio\jre\bin\msvcp140.dll
0x00007ff89c750000 - 0x00007ff89d20c000 	C:\Program Files\Android\Android Studio\jre\bin\server\jvm.dll
0x00007ff903f20000 - 0x00007ff903fce000 	C:\WINDOWS\System32\ADVAPI32.dll
0x00007ff9038c0000 - 0x00007ff90395c000 	C:\WINDOWS\System32\sechost.dll
0x00007ff904a40000 - 0x00007ff904b65000 	C:\WINDOWS\System32\RPCRT4.dll
0x00007ff904770000 - 0x00007ff904778000 	C:\WINDOWS\System32\PSAPI.DLL
0x00007ff9013b0000 - 0x00007ff9013b9000 	C:\WINDOWS\SYSTEM32\WSOCK32.dll
0x00007ff905480000 - 0x00007ff9054eb000 	C:\WINDOWS\System32\WS2_32.dll
0x00007ff8f5cc0000 - 0x00007ff8f5cca000 	C:\WINDOWS\SYSTEM32\VERSION.dll
0x00007ff8edb40000 - 0x00007ff8edb67000 	C:\WINDOWS\SYSTEM32\WINMM.dll
0x00007ff901530000 - 0x00007ff901542000 	C:\WINDOWS\SYSTEM32\kernel.appcore.dll
0x00007ff8fce00000 - 0x00007ff8fce11000 	C:\Program Files\Android\Android Studio\jre\bin\verify.dll
0x00007ff900a00000 - 0x00007ff900be4000 	C:\WINDOWS\SYSTEM32\DBGHELP.DLL
0x00007ff8e6620000 - 0x00007ff8e664c000 	C:\WINDOWS\SYSTEM32\dbgcore.DLL
0x00007ff9030a0000 - 0x00007ff903122000 	C:\WINDOWS\System32\bcryptPrimitives.dll
0x00007ff8fa110000 - 0x00007ff8fa139000 	C:\Program Files\Android\Android Studio\jre\bin\java.dll
0x00007ff8fcdf0000 - 0x00007ff8fcdfb000 	C:\Program Files\Android\Android Studio\jre\bin\jimage.dll
0x00007ff8fa820000 - 0x00007ff8fa838000 	C:\Program Files\Android\Android Studio\jre\bin\zip.dll
0x00007ff904c70000 - 0x00007ff9053b4000 	C:\WINDOWS\System32\SHELL32.dll
0x00007ff900bf0000 - 0x00007ff901384000 	C:\WINDOWS\SYSTEM32\windows.storage.dll
0x00007ff903bc0000 - 0x00007ff903f14000 	C:\WINDOWS\System32\combase.dll
0x00007ff9026b0000 - 0x00007ff9026e0000 	C:\WINDOWS\SYSTEM32\Wldp.dll
0x00007ff903660000 - 0x00007ff90370d000 	C:\WINDOWS\System32\SHCORE.dll
0x00007ff903b00000 - 0x00007ff903b55000 	C:\WINDOWS\System32\shlwapi.dll
0x00007ff902b90000 - 0x00007ff902baf000 	C:\WINDOWS\SYSTEM32\profapi.dll
0x00007ff8f8320000 - 0x00007ff8f833a000 	C:\Program Files\Android\Android Studio\jre\bin\net.dll
0x00007ff8f89d0000 - 0x00007ff8f8ada000 	C:\WINDOWS\SYSTEM32\WINHTTP.dll
0x00007ff9023a0000 - 0x00007ff90240a000 	C:\WINDOWS\system32\mswsock.dll
0x00007ff8f82b0000 - 0x00007ff8f82c4000 	C:\Program Files\Android\Android Studio\jre\bin\nio.dll
0x00007ff8f8140000 - 0x00007ff8f8167000 	C:\Users\Admin\.android\native\fdc75f09e3144964f2cf3f50f0aa648679c211496f362492102eb8c894070792\windows-amd64\native-platform.dll
0x00007ff89f320000 - 0x00007ff89f4b6000 	C:\Users\Admin\.android\native\12488b8bf47d2d4c9fbf2f6322a914ad602e24e48041cd04a747c6da556b65c4\windows-amd64\native-platform-file-events.dll
0x00007ff8fca80000 - 0x00007ff8fca8a000 	C:\Program Files\Android\Android Studio\jre\bin\management.dll
0x00007ff8fa100000 - 0x00007ff8fa10c000 	C:\Program Files\Android\Android Studio\jre\bin\management_ext.dll
0x00007ff9025a0000 - 0x00007ff9025b8000 	C:\WINDOWS\SYSTEM32\CRYPTSP.dll
0x00007ff901cc0000 - 0x00007ff901cf4000 	C:\WINDOWS\system32\rsaenh.dll
0x00007ff902e80000 - 0x00007ff902ea7000 	C:\WINDOWS\System32\bcrypt.dll
0x00007ff902b10000 - 0x00007ff902b3e000 	C:\WINDOWS\SYSTEM32\USERENV.dll
0x00007ff902590000 - 0x00007ff90259c000 	C:\WINDOWS\SYSTEM32\CRYPTBASE.dll
0x00007ff902030000 - 0x00007ff90206b000 	C:\WINDOWS\SYSTEM32\IPHLPAPI.DLL
0x00007ff904140000 - 0x00007ff904148000 	C:\WINDOWS\System32\NSI.dll
0x00007ff8fb220000 - 0x00007ff8fb237000 	C:\WINDOWS\SYSTEM32\dhcpcsvc6.DLL
0x00007ff8fb0f0000 - 0x00007ff8fb10d000 	C:\WINDOWS\SYSTEM32\dhcpcsvc.DLL
0x00007ff902070000 - 0x00007ff90213b000 	C:\WINDOWS\SYSTEM32\DNSAPI.dll
0x00007ff8fb1a0000 - 0x00007ff8fb1ab000 	C:\WINDOWS\SYSTEM32\WINNSI.DLL

dbghelp: loaded successfully - version: 4.0.5 - missing functions: none
symbol engine: initialized successfully - sym options: 0x614 - pdb path: .;C:\Program Files\Android\Android Studio\jre\bin;C:\WINDOWS\SYSTEM32;C:\WINDOWS\WinSxS\amd64_microsoft.windows.common-controls_6595b64144ccf1df_6.0.19041.1110_none_60b5254171f9507e;C:\Program Files\Android\Android Studio\jre\bin\server;C:\Users\Admin\.android\native\fdc75f09e3144964f2cf3f50f0aa648679c211496f362492102eb8c894070792\windows-amd64;C:\Users\Admin\.android\native\12488b8bf47d2d4c9fbf2f6322a914ad602e24e48041cd04a747c6da556b65c4\windows-amd64

VM Arguments:
jvm_args: --add-opens=java.base/java.util=ALL-UNNAMED --add-opens=java.base/java.lang=ALL-UNNAMED --add-opens=java.base/java.lang.invoke=ALL-UNNAMED --add-opens=java.prefs/java.util.prefs=ALL-UNNAMED -Xmx2048m -Dfile.encoding=UTF-8 -Duser.country=VN -Duser.language=vi -Duser.variant 
java_command: org.gradle.launcher.daemon.bootstrap.GradleDaemon 6.7.1
java_class_path (initial): C:\Users\Admin\.android\wrapper\dists\gradle-6.7.1-bin\bwlcbys1h7rz3272sye1xwiv6\gradle-6.7.1\lib\gradle-launcher-6.7.1.jar
Launcher Type: SUN_STANDARD

[Global flags]
     intx CICompilerCount                          = 3                                         {product} {ergonomic}
     uint ConcGCThreads                            = 1                                         {product} {ergonomic}
     uint G1ConcRefinementThreads                  = 4                                         {product} {ergonomic}
   size_t G1HeapRegionSize                         = 1048576                                   {product} {ergonomic}
    uintx GCDrainStackTargetSize                   = 64                                        {product} {ergonomic}
   size_t InitialHeapSize                          = 134217728                                 {product} {ergonomic}
   size_t MarkStackSize                            = 4194304                                   {product} {ergonomic}
   size_t MaxHeapSize                              = 2147483648                                {product} {command line}
   size_t MaxNewSize                               = 1287651328                                {product} {ergonomic}
   size_t MinHeapDeltaBytes                        = 1048576                                   {product} {ergonomic}
    uintx NonNMethodCodeHeapSize                   = 5830732                                {pd product} {ergonomic}
    uintx NonProfiledCodeHeapSize                  = 122913754                              {pd product} {ergonomic}
    uintx ProfiledCodeHeapSize                     = 122913754                              {pd product} {ergonomic}
    uintx ReservedCodeCacheSize                    = 251658240                              {pd product} {ergonomic}
     bool SegmentedCodeCache                       = true                                      {product} {ergonomic}
     bool UseCompressedClassPointers               = true                                 {lp64_product} {ergonomic}
     bool UseCompressedOops                        = true                                 {lp64_product} {ergonomic}
     bool UseG1GC                                  = true                                      {product} {ergonomic}
     bool UseLargePagesIndividualAllocation        = false                                  {pd product} {ergonomic}

Logging:
Log output configuration:
 #0: stdout all=warning uptime,level,tags
 #1: stderr all=off uptime,level,tags

Environment Variables:
PATH=C:\Program Files (x86)\Common Files\Oracle\Java\javapath;C:\WINDOWS\system32;C:\WINDOWS;C:\WINDOWS\System32\Wbem;C:\WINDOWS\System32\WindowsPowerShell\v1.0\;C:\WINDOWS\System32\OpenSSH\;C:\Program Files\Java\jdk1.8.0_271\bin;C:\Program Files\Microsoft SQL Server\Client SDK\ODBC\170\Tools\Binn\;C:\Program Files (x86)\Microsoft SQL Server\150\Tools\Binn\;C:\Program Files\Microsoft SQL Server\150\Tools\Binn\;C:\Program Files\Microsoft SQL Server\150\DTS\Binn\;C:\Program Files\Azure Data Studio\bin;C:\Program Files\Git\cmd;C:\Program Files\nodejs\;C:\Program Files\Cloudflare\Cloudflare WARP\;C:\Users\Admin\AppData\Local\Microsoft\WindowsApps;;C:\Users\Admin\AppData\Local\Programs\Microsoft VS Code\bin;C:\Program Files\Azure Data Studio\bin;C:\Program Files\JetBrains\IntelliJ IDEA 2020.3.3\bin;;C:\Users\Admin\AppData\Roaming\npm;C:\Users\Admin\AppData\Local\Programs\mongosh\
USERNAME=Admin
OS=Windows_NT
PROCESSOR_IDENTIFIER=Intel64 Family 6 Model 78 Stepping 3, GenuineIntel



---------------  S Y S T E M  ---------------

OS: Windows 10 , 64 bit Build 19041 (10.0.19041.1806)
OS uptime: 5 days 0:40 hours

CPU:total 4 (initial active 4) (2 cores per cpu, 2 threads per core) family 6 model 78 stepping 3, cmov, cx8, fxsr, mmx, sse, sse2, sse3, ssse3, sse4.1, sse4.2, popcnt, avx, avx2, aes, clmul, erms, rtm, 3dnowpref, lzcnt, ht, tsc, tscinvbit, bmi1, bmi2, adx, fma

Memory: 4k page, system-wide physical 8074M (115M free)
TotalPageFile size 26022M (AvailPageFile size 88M)
current process WorkingSet (physical memory assigned to process): 400M, peak: 432M
current process commit charge ("private bytes"): 503M, peak: 686M

vm_info: OpenJDK 64-Bit Server VM (11.0.8+10-b944.6842174) for windows-amd64 JRE (11.0.8+10-b944.6842174), built on Sep 19 2020 01:11:42 by "builder" with MS VC++ 14.0 (VS2015)

END.
