#
# There is insufficient memory for the Java Runtime Environment to continue.
# Native memory allocation (mmap) failed to map 244318208 bytes for Failed to commit area from 0x000000008e900000 to 0x000000009d200000 of length 244318208.
# Possible reasons:
#   The system is out of physical RAM or swap space
#   The process is running with CompressedOops enabled, and the Java Heap may be blocking the growth of the native heap
# Possible solutions:
#   Reduce memory load on the system
#   Increase physical memory or swap space
#   Check if swap backing store is full
#   Decrease Java heap size (-Xmx/-Xms)
#   Decrease number of Java threads
#   Decrease Java thread stack sizes (-Xss)
#   Set larger code cache with -XX:ReservedCodeCacheSize=
#   JVM is running with Unscaled Compressed Oops mode in which the Java heap is
#     placed in the first 4GB address space. The Java Heap base address is the
#     maximum limit for the native heap growth. Please use -XX:HeapBaseMinAddress
#     to set the Java Heap base and to place the Java Heap above 4GB virtual address.
# This output file may be truncated or incomplete.
#
#  Out of Memory Error (./src/hotspot/os/windows/os_windows.cpp:3303), pid=20752, tid=19712
#
# JRE version: OpenJDK Runtime Environment (11.0.8+10) (build 11.0.8+10-b944.6842174)
# Java VM: OpenJDK 64-Bit Server VM (11.0.8+10-b944.6842174, mixed mode, tiered, compressed oops, g1 gc, windows-amd64)
# No core dump will be written. Minidumps are not enabled by default on client versions of Windows
#

---------------  S U M M A R Y ------------

Command Line: --add-opens=java.base/java.util=ALL-UNNAMED --add-opens=java.base/java.lang=ALL-UNNAMED --add-opens=java.base/java.lang.invoke=ALL-UNNAMED --add-opens=java.prefs/java.util.prefs=ALL-UNNAMED -Xmx2048m -Dfile.encoding=UTF-8 -Duser.country=VN -Duser.language=vi -Duser.variant org.gradle.launcher.daemon.bootstrap.GradleDaemon 6.7.1

Host: Intel(R) Core(TM) i7-6600U CPU @ 2.60GHz, 4 cores, 7G,  Windows 10 , 64 bit Build 19041 (10.0.19041.1806)
Time: Thu Jul 21 17:06:06 2022 SE Asia Standard Time elapsed time: 516 seconds (0d 0h 8m 36s)

---------------  T H R E A D  ---------------

Current thread (0x000002bfaac49000):  VMThread "VM Thread" [stack: 0x000000ec1cf00000,0x000000ec1d000000] [id=19712]

Stack: [0x000000ec1cf00000,0x000000ec1d000000]
[error occurred during error reporting (printing stack bounds), id 0xc0000005, EXCEPTION_ACCESS_VIOLATION (0xc0000005) at pc=0x000002bf94440dad]

Native frames: (J=compiled Java code, j=interpreted, Vv=VM code, C=native code)
V  [jvm.dll+0x5de50a]
V  [jvm.dll+0x7122f5]
V  [jvm.dll+0x71384d]
V  [jvm.dll+0x713e65]
V  [jvm.dll+0x713e1b]
V  [jvm.dll+0x5dd958]
V  [jvm.dll+0x5de0f8]
C  [ntdll.dll+0xa229f]
C  [ntdll.dll+0x51454]
C  [ntdll.dll+0xa0dce]
C  0x000002bf94440dad

VM_Operation (0x000000ec265fe360): G1CollectForAllocation, mode: safepoint, requested by thread 0x000002bfb1dcb000


---------------  P R O C E S S  ---------------

Threads class SMR info:
_java_thread_list=0x000002bfb00dccf0, length=151, elements={
0x000002bf90aba800, 0x000002bfaac4f800, 0x000002bfaac51000, 0x000002bfab5e2800,
0x000002bfaac69800, 0x000002bfaac6c000, 0x000002bfaac71000, 0x000002bfab61c000,
0x000002bfab722000, 0x000002bfab737800, 0x000002bfad0db000, 0x000002bfad108800,
0x000002bfad172800, 0x000002bfad1b9000, 0x000002bfad1b6800, 0x000002bfad1b7800,
0x000002bfaf842000, 0x000002bfaf841000, 0x000002bfaf4f9800, 0x000002bfaf4fd800,
0x000002bfaf4f0800, 0x000002bfaf4f6000, 0x000002bfaf4f5000, 0x000002bfaf4f1000,
0x000002bfaf4f7800, 0x000002bfaf4f2000, 0x000002bfaf4f3800, 0x000002bfaf4f7000,
0x000002bfaf4f8800, 0x000002bfaf4f2800, 0x000002bfaf4f4800, 0x000002bfaf4fa000,
0x000002bfaf4fb800, 0x000002bfaf4fb000, 0x000002bfaf4fc800, 0x000002bfaf4fe000,
0x000002bfaf4ff000, 0x000002bfaf843000, 0x000002bfaf847000, 0x000002bfaf849800,
0x000002bfaf845000, 0x000002bfaf846000, 0x000002bfaf843800, 0x000002bfaf84a000,
0x000002bfaf844800, 0x000002bfaf84f000, 0x000002bfaf850000, 0x000002bfaf84b000,
0x000002bfaf84d800, 0x000002bfaf84b800, 0x000002bfaf84e000, 0x000002bfad1b8800,
0x000002bfad7e3800, 0x000002bfad7e7800, 0x000002bfad7e2000, 0x000002bfad7e6000,
0x000002bfad7e4800, 0x000002bfad7e7000, 0x000002bfad7e5000, 0x000002bfad7e8800,
0x000002bfad7e2800, 0x000002bfad7ea000, 0x000002bfad7ef000, 0x000002bfad7ed800,
0x000002bfad7eb000, 0x000002bfad7ee000, 0x000002bfad7eb800, 0x000002bfad7ec800,
0x000002bfad7e9000, 0x000002bfad7ef800, 0x000002bfad7f0800, 0x000002bfac636800,
0x000002bfac639000, 0x000002bfac638000, 0x000002bfac63a000, 0x000002bfac634000,
0x000002bfac637800, 0x000002bfac63a800, 0x000002bfac635000, 0x000002bfac63b800,
0x000002bfac635800, 0x000002bfac63e000, 0x000002bfac642000, 0x000002bfac63c800,
0x000002bfac643000, 0x000002bfac641000, 0x000002bfac63d000, 0x000002bfac63e800,
0x000002bfac63f800, 0x000002bfac640800, 0x000002bfb0240800, 0x000002bfb0240000,
0x000002bfb0241800, 0x000002bfb0242800, 0x000002bfb023f000, 0x000002bfb0247800,
0x000002bfb0248000, 0x000002bfb0244000, 0x000002bfb0243000, 0x000002bfb0249000,
0x000002bfb0249800, 0x000002bfb024a800, 0x000002bfb0245000, 0x000002bfb0246800,
0x000002bfb024b800, 0x000002bfb0245800, 0x000002bfb024c000, 0x000002bfb024d000,
0x000002bfb024e000, 0x000002bfb1deb000, 0x000002bfb1dea000, 0x000002bfb1de9000,
0x000002bfb1de6800, 0x000002bfb1de8800, 0x000002bfb1deb800, 0x000002bfb1de6000,
0x000002bfb1ded000, 0x000002bfb1de7800, 0x000002bfb1dee000, 0x000002bfb1def000,
0x000002bfb1df1800, 0x000002bfb1def800, 0x000002bfb1df2000, 0x000002bfb1df0800,
0x000002bfb1dec800, 0x000002bfb1df3000, 0x000002bfb1df4800, 0x000002bfb1df3800,
0x000002bfad17b000, 0x000002bfad178800, 0x000002bfad17b800, 0x000002bfad17f000,
0x000002bfad17e000, 0x000002bfad17a000, 0x000002bfad17c800, 0x000002bfad17d800,
0x000002bfad179000, 0x000002bfad182000, 0x000002bfad181800, 0x000002bfad183000,
0x000002bfad17f800, 0x000002bfad185800, 0x000002bfad184000, 0x000002bfad184800,
0x000002bfad180800, 0x000002bfad186800, 0x000002bfad187000, 0x000002bfb1dc8800,
0x000002bfb1dcb000, 0x000002bfb1dc7800, 0x000002bfb1dca000
}

Java Threads: ( => current thread )
  0x000002bf90aba800 JavaThread "main" [_thread_blocked, id=15588, stack(0x000000ec1c900000,0x000000ec1ca00000)]
  0x000002bfaac4f800 JavaThread "Reference Handler" daemon [_thread_blocked, id=21944, stack(0x000000ec1d000000,0x000000ec1d100000)]
  0x000002bfaac51000 JavaThread "Finalizer" daemon [_thread_blocked, id=21260, stack(0x000000ec1d100000,0x000000ec1d200000)]
  0x000002bfab5e2800 JavaThread "Signal Dispatcher" daemon [_thread_blocked, id=18888, stack(0x000000ec1d300000,0x000000ec1d400000)]
  0x000002bfaac69800 JavaThread "Attach Listener" daemon [_thread_blocked, id=20944, stack(0x000000ec1d400000,0x000000ec1d500000)]
  0x000002bfaac6c000 JavaThread "C2 CompilerThread0" daemon [_thread_in_native, id=19888, stack(0x000000ec1d500000,0x000000ec1d600000)]
  0x000002bfaac71000 JavaThread "C1 CompilerThread0" daemon [_thread_blocked, id=14052, stack(0x000000ec1d600000,0x000000ec1d700000)]
  0x000002bfab61c000 JavaThread "Sweeper thread" daemon [_thread_blocked, id=19696, stack(0x000000ec1d700000,0x000000ec1d800000)]
  0x000002bfab722000 JavaThread "Common-Cleaner" daemon [_thread_blocked, id=7012, stack(0x000000ec1d800000,0x000000ec1d900000)]
  0x000002bfab737800 JavaThread "Service Thread" daemon [_thread_blocked, id=5308, stack(0x000000ec1d900000,0x000000ec1da00000)]
  0x000002bfad0db000 JavaThread "Daemon health stats" [_thread_blocked, id=13680, stack(0x000000ec1dd00000,0x000000ec1de00000)]
  0x000002bfad108800 JavaThread "Incoming local TCP Connector on port 64714" [_thread_in_native, id=21988, stack(0x000000ec1e000000,0x000000ec1e100000)]
  0x000002bfad172800 JavaThread "Daemon periodic checks" [_thread_blocked, id=22000, stack(0x000000ec1e100000,0x000000ec1e200000)]
  0x000002bfad1b9000 JavaThread "Cache worker for file hash cache (C:\Users\Admin\.android\caches\6.7.1\fileHashes)" [_thread_blocked, id=19304, stack(0x000000ec1ea00000,0x000000ec1eb00000)]
  0x000002bfad1b6800 JavaThread "File lock request listener" [_thread_in_native, id=12996, stack(0x000000ec1eb00000,0x000000ec1ec00000)]
  0x000002bfad1b7800 JavaThread "Cache worker for journal cache (C:\Users\Admin\.android\caches\journal-1)" [_thread_blocked, id=22348, stack(0x000000ec1ec00000,0x000000ec1ed00000)]
  0x000002bfaf842000 JavaThread "Cache worker for execution history cache (C:\Users\Admin\.android\caches\6.7.1\executionHistory)" [_thread_blocked, id=22224, stack(0x000000ec20600000,0x000000ec20700000)]
  0x000002bfaf841000 JavaThread "Cache worker for file content cache (C:\Users\Admin\.android\caches\6.7.1\fileContent)" [_thread_blocked, id=21336, stack(0x000000ec20700000,0x000000ec20800000)]
  0x000002bfaf4f9800 JavaThread "Memory manager" [_thread_blocked, id=6460, stack(0x000000ec25900000,0x000000ec25a00000)]
  0x000002bfaf4fd800 JavaThread "pool-3-thread-1" [_thread_blocked, id=21568, stack(0x000000ec25a00000,0x000000ec25b00000)]
  0x000002bfaf4f0800 JavaThread "Daemon Thread 2" [_thread_blocked, id=21088, stack(0x000000ec1c700000,0x000000ec1c800000)]
  0x000002bfaf4f6000 JavaThread "Handler for socket connection from /127.0.0.1:64714 to /127.0.0.1:65178" [_thread_in_native, id=3380, stack(0x000000ec1c800000,0x000000ec1c900000)]
  0x000002bfaf4f5000 JavaThread "Cancel handler" [_thread_blocked, id=22132, stack(0x000000ec1d200000,0x000000ec1d300000)]
  0x000002bfaf4f1000 JavaThread "Daemon worker Thread 2" [_thread_blocked, id=22352, stack(0x000000ec1de00000,0x000000ec1df00000)]
  0x000002bfaf4f7800 JavaThread "Asynchronous log dispatcher for DefaultDaemonConnection: socket connection from /127.0.0.1:64714 to /127.0.0.1:65178" [_thread_blocked, id=22492, stack(0x000000ec1df00000,0x000000ec1e000000)]
  0x000002bfaf4f2000 JavaThread "Stdin handler" [_thread_blocked, id=2736, stack(0x000000ec1e200000,0x000000ec1e300000)]
  0x000002bfaf4f3800 JavaThread "Thread-130" [_thread_blocked, id=18236, stack(0x000000ec1e300000,0x000000ec1e400000)]
  0x000002bfaf4f7000 JavaThread "Cache worker for file hash cache (C:\Users\Admin\AndroidStudioProjects\ASM_AnhdroidNetworking\.gradle\6.7.1\fileHashes)" [_thread_blocked, id=8524, stack(0x000000ec1e400000,0x000000ec1e500000)]
  0x000002bfaf4f8800 JavaThread "Cache worker for checksums cache (C:\Users\Admin\AndroidStudioProjects\ASM_AnhdroidNetworking\.gradle\checksums)" [_thread_blocked, id=7832, stack(0x000000ec1e500000,0x000000ec1e600000)]
  0x000002bfaf4f2800 JavaThread "Cache worker for cache directory md-supplier (C:\Users\Admin\.android\caches\6.7.1\md-supplier)" [_thread_blocked, id=20608, stack(0x000000ec1e600000,0x000000ec1e700000)]
  0x000002bfaf4f4800 JavaThread "Cache worker for cache directory md-rule (C:\Users\Admin\.android\caches\6.7.1\md-rule)" [_thread_blocked, id=13316, stack(0x000000ec1e700000,0x000000ec1e800000)]
  0x000002bfaf4fa000 JavaThread "Cache worker for Build Output Cleanup Cache (C:\Users\Admin\AndroidStudioProjects\ASM_AnhdroidNetworking\.gradle\buildOutputCleanup)" [_thread_blocked, id=22064, stack(0x000000ec1e800000,0x000000ec1e900000)]
  0x000002bfaf4fb800 JavaThread "Build operations" [_thread_blocked, id=21544, stack(0x000000ec1ed00000,0x000000ec1ee00000)]
  0x000002bfaf4fb000 JavaThread "Build operations Thread 2" [_thread_blocked, id=8956, stack(0x000000ec1ee00000,0x000000ec1ef00000)]
  0x000002bfaf4fc800 JavaThread "Build operations Thread 3" [_thread_blocked, id=3228, stack(0x000000ec1ef00000,0x000000ec1f000000)]
  0x000002bfaf4fe000 JavaThread "Build operations Thread 4" [_thread_blocked, id=13740, stack(0x000000ec1f000000,0x000000ec1f100000)]
  0x000002bfaf4ff000 JavaThread "jar transforms Thread 98" [_thread_blocked, id=15220, stack(0x000000ec1f100000,0x000000ec1f200000)]
  0x000002bfaf843000 JavaThread "jar transforms Thread 99" [_thread_blocked, id=15964, stack(0x000000ec1f200000,0x000000ec1f300000)]
  0x000002bfaf847000 JavaThread "jar transforms Thread 100" [_thread_blocked, id=6004, stack(0x000000ec1f300000,0x000000ec1f400000)]
  0x000002bfaf849800 JavaThread "jar transforms Thread 101" [_thread_blocked, id=11220, stack(0x000000ec1f400000,0x000000ec1f500000)]
  0x000002bfaf845000 JavaThread "jar transforms Thread 102" [_thread_blocked, id=16692, stack(0x000000ec1f500000,0x000000ec1f600000)]
  0x000002bfaf846000 JavaThread "jar transforms Thread 103" [_thread_blocked, id=18772, stack(0x000000ec1f600000,0x000000ec1f700000)]
  0x000002bfaf843800 JavaThread "jar transforms Thread 104" [_thread_blocked, id=21972, stack(0x000000ec1f700000,0x000000ec1f800000)]
  0x000002bfaf84a000 JavaThread "jar transforms Thread 105" [_thread_blocked, id=2632, stack(0x000000ec1f800000,0x000000ec1f900000)]
  0x000002bfaf844800 JavaThread "jar transforms Thread 106" [_thread_blocked, id=16652, stack(0x000000ec1f900000,0x000000ec1fa00000)]
  0x000002bfaf84f000 JavaThread "jar transforms Thread 107" [_thread_blocked, id=13648, stack(0x000000ec1fa00000,0x000000ec1fb00000)]
  0x000002bfaf850000 JavaThread "jar transforms Thread 108" [_thread_blocked, id=17108, stack(0x000000ec1fb00000,0x000000ec1fc00000)]
  0x000002bfaf84b000 JavaThread "jar transforms Thread 109" [_thread_blocked, id=21908, stack(0x000000ec1fc00000,0x000000ec1fd00000)]
  0x000002bfaf84d800 JavaThread "jar transforms Thread 110" [_thread_blocked, id=12028, stack(0x000000ec1fd00000,0x000000ec1fe00000)]
  0x000002bfaf84b800 JavaThread "jar transforms Thread 111" [_thread_blocked, id=21364, stack(0x000000ec1fe00000,0x000000ec1ff00000)]
  0x000002bfaf84e000 JavaThread "jar transforms Thread 112" [_thread_blocked, id=1464, stack(0x000000ec1ff00000,0x000000ec20000000)]
  0x000002bfad1b8800 JavaThread "jar transforms Thread 113" [_thread_blocked, id=13744, stack(0x000000ec20000000,0x000000ec20100000)]
  0x000002bfad7e3800 JavaThread "jar transforms Thread 114" [_thread_blocked, id=11068, stack(0x000000ec20100000,0x000000ec20200000)]
  0x000002bfad7e7800 JavaThread "jar transforms Thread 115" [_thread_blocked, id=21160, stack(0x000000ec20200000,0x000000ec20300000)]
  0x000002bfad7e2000 JavaThread "jar transforms Thread 116" [_thread_blocked, id=21432, stack(0x000000ec20300000,0x000000ec20400000)]
  0x000002bfad7e6000 JavaThread "jar transforms Thread 117" [_thread_blocked, id=17548, stack(0x000000ec20400000,0x000000ec20500000)]
  0x000002bfad7e4800 JavaThread "jar transforms Thread 118" [_thread_blocked, id=22516, stack(0x000000ec20500000,0x000000ec20600000)]
  0x000002bfad7e7000 JavaThread "jar transforms Thread 119" [_thread_blocked, id=18936, stack(0x000000ec20800000,0x000000ec20900000)]
  0x000002bfad7e5000 JavaThread "jar transforms Thread 120" [_thread_blocked, id=21608, stack(0x000000ec20900000,0x000000ec20a00000)]
  0x000002bfad7e8800 JavaThread "jar transforms Thread 121" [_thread_blocked, id=22292, stack(0x000000ec20a00000,0x000000ec20b00000)]
  0x000002bfad7e2800 JavaThread "jar transforms Thread 122" [_thread_blocked, id=856, stack(0x000000ec20b00000,0x000000ec20c00000)]
  0x000002bfad7ea000 JavaThread "jar transforms Thread 123" [_thread_blocked, id=20204, stack(0x000000ec20c00000,0x000000ec20d00000)]
  0x000002bfad7ef000 JavaThread "jar transforms Thread 124" [_thread_blocked, id=6576, stack(0x000000ec20d00000,0x000000ec20e00000)]
  0x000002bfad7ed800 JavaThread "jar transforms Thread 125" [_thread_blocked, id=19868, stack(0x000000ec20e00000,0x000000ec20f00000)]
  0x000002bfad7eb000 JavaThread "jar transforms Thread 126" [_thread_blocked, id=20680, stack(0x000000ec20f00000,0x000000ec21000000)]
  0x000002bfad7ee000 JavaThread "jar transforms Thread 127" [_thread_blocked, id=16784, stack(0x000000ec21000000,0x000000ec21100000)]
  0x000002bfad7eb800 JavaThread "jar transforms Thread 128" [_thread_blocked, id=22456, stack(0x000000ec21100000,0x000000ec21200000)]
  0x000002bfad7ec800 JavaThread "jar transforms Thread 129" [_thread_blocked, id=7352, stack(0x000000ec21200000,0x000000ec21300000)]
  0x000002bfad7e9000 JavaThread "jar transforms Thread 130" [_thread_blocked, id=21636, stack(0x000000ec21300000,0x000000ec21400000)]
  0x000002bfad7ef800 JavaThread "jar transforms Thread 131" [_thread_blocked, id=8904, stack(0x000000ec21400000,0x000000ec21500000)]
  0x000002bfad7f0800 JavaThread "jar transforms Thread 132" [_thread_blocked, id=18632, stack(0x000000ec21500000,0x000000ec21600000)]
  0x000002bfac636800 JavaThread "jar transforms Thread 133" [_thread_blocked, id=9984, stack(0x000000ec21600000,0x000000ec21700000)]
  0x000002bfac639000 JavaThread "jar transforms Thread 134" [_thread_blocked, id=9036, stack(0x000000ec21700000,0x000000ec21800000)]
  0x000002bfac638000 JavaThread "jar transforms Thread 135" [_thread_blocked, id=17072, stack(0x000000ec21800000,0x000000ec21900000)]
  0x000002bfac63a000 JavaThread "jar transforms Thread 136" [_thread_blocked, id=8288, stack(0x000000ec21900000,0x000000ec21a00000)]
  0x000002bfac634000 JavaThread "jar transforms Thread 137" [_thread_blocked, id=20552, stack(0x000000ec21a00000,0x000000ec21b00000)]
  0x000002bfac637800 JavaThread "jar transforms Thread 138" [_thread_blocked, id=19076, stack(0x000000ec21b00000,0x000000ec21c00000)]
  0x000002bfac63a800 JavaThread "jar transforms Thread 139" [_thread_blocked, id=21884, stack(0x000000ec21c00000,0x000000ec21d00000)]
  0x000002bfac635000 JavaThread "jar transforms Thread 140" [_thread_blocked, id=11696, stack(0x000000ec21d00000,0x000000ec21e00000)]
  0x000002bfac63b800 JavaThread "jar transforms Thread 141" [_thread_blocked, id=20028, stack(0x000000ec21e00000,0x000000ec21f00000)]
  0x000002bfac635800 JavaThread "jar transforms Thread 142" [_thread_blocked, id=17896, stack(0x000000ec21f00000,0x000000ec22000000)]
  0x000002bfac63e000 JavaThread "jar transforms Thread 143" [_thread_blocked, id=14016, stack(0x000000ec22000000,0x000000ec22100000)]
  0x000002bfac642000 JavaThread "jar transforms Thread 144" [_thread_blocked, id=972, stack(0x000000ec22100000,0x000000ec22200000)]
  0x000002bfac63c800 JavaThread "jar transforms Thread 145" [_thread_blocked, id=5752, stack(0x000000ec22200000,0x000000ec22300000)]
  0x000002bfac643000 JavaThread "jar transforms Thread 146" [_thread_blocked, id=19892, stack(0x000000ec22300000,0x000000ec22400000)]
  0x000002bfac641000 JavaThread "jar transforms Thread 147" [_thread_blocked, id=20996, stack(0x000000ec22400000,0x000000ec22500000)]
  0x000002bfac63d000 JavaThread "jar transforms Thread 148" [_thread_blocked, id=19000, stack(0x000000ec22500000,0x000000ec22600000)]
  0x000002bfac63e800 JavaThread "jar transforms Thread 149" [_thread_blocked, id=14572, stack(0x000000ec22600000,0x000000ec22700000)]
  0x000002bfac63f800 JavaThread "jar transforms Thread 150" [_thread_blocked, id=7456, stack(0x000000ec22700000,0x000000ec22800000)]
  0x000002bfac640800 JavaThread "jar transforms Thread 151" [_thread_blocked, id=13504, stack(0x000000ec22800000,0x000000ec22900000)]
  0x000002bfb0240800 JavaThread "jar transforms Thread 152" [_thread_blocked, id=20824, stack(0x000000ec22900000,0x000000ec22a00000)]
  0x000002bfb0240000 JavaThread "jar transforms Thread 153" [_thread_blocked, id=22036, stack(0x000000ec22a00000,0x000000ec22b00000)]
  0x000002bfb0241800 JavaThread "jar transforms Thread 154" [_thread_blocked, id=17268, stack(0x000000ec22b00000,0x000000ec22c00000)]
  0x000002bfb0242800 JavaThread "jar transforms Thread 155" [_thread_blocked, id=20660, stack(0x000000ec22c00000,0x000000ec22d00000)]
  0x000002bfb023f000 JavaThread "jar transforms Thread 156" [_thread_blocked, id=19560, stack(0x000000ec22d00000,0x000000ec22e00000)]
  0x000002bfb0247800 JavaThread "jar transforms Thread 157" [_thread_blocked, id=12448, stack(0x000000ec22e00000,0x000000ec22f00000)]
  0x000002bfb0248000 JavaThread "jar transforms Thread 158" [_thread_blocked, id=11880, stack(0x000000ec22f00000,0x000000ec23000000)]
  0x000002bfb0244000 JavaThread "jar transforms Thread 159" [_thread_blocked, id=4716, stack(0x000000ec23000000,0x000000ec23100000)]
  0x000002bfb0243000 JavaThread "jar transforms Thread 160" [_thread_blocked, id=14716, stack(0x000000ec23100000,0x000000ec23200000)]
  0x000002bfb0249000 JavaThread "jar transforms Thread 161" [_thread_blocked, id=17348, stack(0x000000ec23200000,0x000000ec23300000)]
  0x000002bfb0249800 JavaThread "jar transforms Thread 162" [_thread_blocked, id=16756, stack(0x000000ec23300000,0x000000ec23400000)]
  0x000002bfb024a800 JavaThread "jar transforms Thread 163" [_thread_blocked, id=21372, stack(0x000000ec23400000,0x000000ec23500000)]
  0x000002bfb0245000 JavaThread "jar transforms Thread 164" [_thread_blocked, id=1296, stack(0x000000ec23500000,0x000000ec23600000)]
  0x000002bfb0246800 JavaThread "jar transforms Thread 165" [_thread_blocked, id=18328, stack(0x000000ec23600000,0x000000ec23700000)]
  0x000002bfb024b800 JavaThread "jar transforms Thread 166" [_thread_blocked, id=16768, stack(0x000000ec23700000,0x000000ec23800000)]
  0x000002bfb0245800 JavaThread "jar transforms Thread 167" [_thread_blocked, id=17840, stack(0x000000ec23800000,0x000000ec23900000)]
  0x000002bfb024c000 JavaThread "jar transforms Thread 168" [_thread_blocked, id=5568, stack(0x000000ec23900000,0x000000ec23a00000)]
  0x000002bfb024d000 JavaThread "jar transforms Thread 169" [_thread_blocked, id=8196, stack(0x000000ec23a00000,0x000000ec23b00000)]
  0x000002bfb024e000 JavaThread "jar transforms Thread 170" [_thread_blocked, id=19620, stack(0x000000ec23b00000,0x000000ec23c00000)]
  0x000002bfb1deb000 JavaThread "jar transforms Thread 171" [_thread_blocked, id=10992, stack(0x000000ec23c00000,0x000000ec23d00000)]
  0x000002bfb1dea000 JavaThread "jar transforms Thread 172" [_thread_blocked, id=17252, stack(0x000000ec23d00000,0x000000ec23e00000)]
  0x000002bfb1de9000 JavaThread "jar transforms Thread 173" [_thread_blocked, id=20672, stack(0x000000ec23e00000,0x000000ec23f00000)]
  0x000002bfb1de6800 JavaThread "jar transforms Thread 174" [_thread_blocked, id=19448, stack(0x000000ec23f00000,0x000000ec24000000)]
  0x000002bfb1de8800 JavaThread "jar transforms Thread 175" [_thread_blocked, id=10136, stack(0x000000ec24000000,0x000000ec24100000)]
  0x000002bfb1deb800 JavaThread "jar transforms Thread 176" [_thread_blocked, id=1504, stack(0x000000ec24100000,0x000000ec24200000)]
  0x000002bfb1de6000 JavaThread "jar transforms Thread 177" [_thread_blocked, id=12960, stack(0x000000ec24200000,0x000000ec24300000)]
  0x000002bfb1ded000 JavaThread "jar transforms Thread 178" [_thread_blocked, id=20532, stack(0x000000ec24300000,0x000000ec24400000)]
  0x000002bfb1de7800 JavaThread "jar transforms Thread 179" [_thread_blocked, id=18708, stack(0x000000ec24400000,0x000000ec24500000)]
  0x000002bfb1dee000 JavaThread "jar transforms Thread 180" [_thread_blocked, id=22336, stack(0x000000ec24500000,0x000000ec24600000)]
  0x000002bfb1def000 JavaThread "jar transforms Thread 181" [_thread_blocked, id=6212, stack(0x000000ec24600000,0x000000ec24700000)]
  0x000002bfb1df1800 JavaThread "jar transforms Thread 182" [_thread_blocked, id=21916, stack(0x000000ec24700000,0x000000ec24800000)]
  0x000002bfb1def800 JavaThread "jar transforms Thread 183" [_thread_blocked, id=22092, stack(0x000000ec24800000,0x000000ec24900000)]
  0x000002bfb1df2000 JavaThread "jar transforms Thread 184" [_thread_blocked, id=19828, stack(0x000000ec24900000,0x000000ec24a00000)]
  0x000002bfb1df0800 JavaThread "jar transforms Thread 185" [_thread_blocked, id=21144, stack(0x000000ec24a00000,0x000000ec24b00000)]
  0x000002bfb1dec800 JavaThread "jar transforms Thread 186" [_thread_blocked, id=4612, stack(0x000000ec24b00000,0x000000ec24c00000)]
  0x000002bfb1df3000 JavaThread "jar transforms Thread 187" [_thread_blocked, id=7288, stack(0x000000ec24c00000,0x000000ec24d00000)]
  0x000002bfb1df4800 JavaThread "jar transforms Thread 188" [_thread_blocked, id=6116, stack(0x000000ec24d00000,0x000000ec24e00000)]
  0x000002bfb1df3800 JavaThread "jar transforms Thread 189" [_thread_blocked, id=20880, stack(0x000000ec24e00000,0x000000ec24f00000)]
  0x000002bfad17b000 JavaThread "jar transforms Thread 190" [_thread_blocked, id=3192, stack(0x000000ec24f00000,0x000000ec25000000)]
  0x000002bfad178800 JavaThread "jar transforms Thread 191" [_thread_blocked, id=9884, stack(0x000000ec25000000,0x000000ec25100000)]
  0x000002bfad17b800 JavaThread "jar transforms Thread 192" [_thread_blocked, id=20904, stack(0x000000ec25100000,0x000000ec25200000)]
  0x000002bfad17f000 JavaThread "jar transforms Thread 193" [_thread_blocked, id=20616, stack(0x000000ec25200000,0x000000ec25300000)]
  0x000002bfad17e000 JavaThread "jar transforms Thread 194" [_thread_blocked, id=18232, stack(0x000000ec25300000,0x000000ec25400000)]
  0x000002bfad17a000 JavaThread "build event listener" [_thread_blocked, id=9132, stack(0x000000ec25400000,0x000000ec25500000)]
  0x000002bfad17c800 JavaThread "pool-6-thread-1" [_thread_blocked, id=21328, stack(0x000000ec25500000,0x000000ec25600000)]
  0x000002bfad17d800 JavaThread "build event listener" [_thread_blocked, id=21044, stack(0x000000ec25600000,0x000000ec25700000)]
  0x000002bfad179000 JavaThread "Execution worker for ':'" [_thread_blocked, id=14012, stack(0x000000ec25700000,0x000000ec25800000)]
  0x000002bfad182000 JavaThread "Execution worker for ':' Thread 2" [_thread_blocked, id=8836, stack(0x000000ec25800000,0x000000ec25900000)]
  0x000002bfad181800 JavaThread "Execution worker for ':' Thread 3" [_thread_blocked, id=18364, stack(0x000000ec25b00000,0x000000ec25c00000)]
  0x000002bfad183000 JavaThread "Cache worker for execution history cache (C:\Users\Admin\AndroidStudioProjects\ASM_AnhdroidNetworking\.gradle\6.7.1\executionHistory)" [_thread_blocked, id=21132, stack(0x000000ec25c00000,0x000000ec25d00000)]
  0x000002bfad17f800 JavaThread "WorkerExecutor Queue" [_thread_blocked, id=10832, stack(0x000000ec25d00000,0x000000ec25e00000)]
  0x000002bfad185800 JavaThread "WorkerExecutor Queue Thread 2" [_thread_blocked, id=21548, stack(0x000000ec25e00000,0x000000ec25f00000)]
  0x000002bfad184000 JavaThread "WorkerExecutor Queue Thread 3" [_thread_blocked, id=21672, stack(0x000000ec25f00000,0x000000ec26000000)]
  0x000002bfad184800 JavaThread "WorkerExecutor Queue Thread 4" [_thread_blocked, id=21244, stack(0x000000ec26000000,0x000000ec26100000)]
  0x000002bfad180800 JavaThread "pool-7-thread-1" [_thread_blocked, id=18576, stack(0x000000ec26100000,0x000000ec26200000)]
  0x000002bfad186800 JavaThread "ForkJoinPool-2-worker-3" daemon [_thread_blocked, id=1432, stack(0x000000ec26200000,0x000000ec26300000)]
  0x000002bfad187000 JavaThread "ForkJoinPool-2-worker-5" daemon [_thread_blocked, id=4184, stack(0x000000ec26300000,0x000000ec26400000)]
  0x000002bfb1dc8800 JavaThread "ForkJoinPool-2-worker-7" daemon [_thread_blocked, id=19740, stack(0x000000ec26400000,0x000000ec26500000)]
  0x000002bfb1dcb000 JavaThread "ForkJoinPool-2-worker-1" daemon [_thread_blocked, id=21324, stack(0x000000ec26500000,0x000000ec26600000)]
  0x000002bfb1dc7800 JavaThread "stderr" [_thread_in_native, id=20624, stack(0x000000ec26600000,0x000000ec26700000)]
  0x000002bfb1dca000 JavaThread "stdout" [_thread_in_native, id=13756, stack(0x000000ec26700000,0x000000ec26800000)]

Other Threads:
=>0x000002bfaac49000 VMThread "VM Thread" [stack: 0x000000ec1cf00000,0x000000ec1d000000] [id=19712]
  0x000002bfab739800 WatcherThread [stack: 0x000000ec1da00000,0x000000ec1db00000] [id=19788]
  0x000002bf90ad3000 GCTaskThread "GC Thread#0" [stack: 0x000000ec1ca00000,0x000000ec1cb00000] [id=17420]
  0x000002bfabb8f000 GCTaskThread "GC Thread#1" [stack: 0x000000ec1db00000,0x000000ec1dc00000] [id=19832]
  0x000002bfabb90000 GCTaskThread "GC Thread#2" [stack: 0x000000ec1dc00000,0x000000ec1dd00000] [id=12524]
  0x000002bfad224800 GCTaskThread "GC Thread#3" [stack: 0x000000ec1e900000,0x000000ec1ea00000] [id=21408]
  0x000002bf90b06000 ConcurrentGCThread "G1 Main Marker" [stack: 0x000000ec1cb00000,0x000000ec1cc00000] [id=20912]
  0x000002bf90b09000 ConcurrentGCThread "G1 Conc#0" [stack: 0x000000ec1cc00000,0x000000ec1cd00000] [id=19068]
  0x000002bf90b9b000 ConcurrentGCThread "G1 Refine#0" [stack: 0x000000ec1cd00000,0x000000ec1ce00000] [id=844]
  0x000002bf90b9c000 ConcurrentGCThread "G1 Young RemSet Sampling" [stack: 0x000000ec1ce00000,0x000000ec1cf00000] [id=18768]

Threads with active compile tasks:
C2 CompilerThread0 516506 12913       4       com.android.tools.r8.dex.n::e (654 bytes)
C1 CompilerThread0 516506 13199       2       com.android.tools.r8.w.a.a.a.h.e0::iterator (12 bytes)

VM state:at safepoint (normal execution)

VM Mutex/Monitor currently owned by a thread:  ([mutex/lock_event])
[0x000002bf90ab7d20] Threads_lock - owner thread: 0x000002bfaac49000
[0x000002bf90ab7540] Heap_lock - owner thread: 0x000002bfb1dcb000

Heap address: 0x0000000080000000, size: 2048 MB, Compressed Oops mode: 32-bit
Narrow klass base: 0x0000000000000000, Narrow klass shift: 3
Compressed class space size: 1073741824 Address: 0x0000000100000000

Heap:
 garbage-first heap   total 477184K, used 185343K [0x0000000080000000, 0x0000000100000000)
  region size 1024K, 3 young (3072K), 3 survivors (3072K)
 Metaspace       used 105669K, capacity 108528K, committed 108800K, reserved 1142784K
  class space    used 13522K, capacity 14477K, committed 14592K, reserved 1048576K
Heap Regions: E=young(eden), S=young(survivor), O=old, HS=humongous(starts), HC=humongous(continues), CS=collection set, F=free, A=archive, TAMS=top-at-mark-start (previous, next)
|   0|0x0000000080000000, 0x0000000080100000, 0x0000000080100000|100%| O|  |TAMS 0x0000000080100000, 0x0000000080000000| Updating 
|   1|0x0000000080100000, 0x0000000080200000, 0x0000000080200000|100%| O|  |TAMS 0x0000000080200000, 0x0000000080100000| Updating 
|   2|0x0000000080200000, 0x0000000080300000, 0x0000000080300000|100%| O|  |TAMS 0x0000000080300000, 0x0000000080200000| Updating 
|   3|0x0000000080300000, 0x0000000080400000, 0x0000000080400000|100%|HS|  |TAMS 0x0000000080400000, 0x0000000080300000| Complete 
|   4|0x0000000080400000, 0x0000000080500000, 0x0000000080500000|100%|HC|  |TAMS 0x0000000080500000, 0x0000000080400000| Complete 
|   5|0x0000000080500000, 0x0000000080600000, 0x0000000080600000|100%|HC|  |TAMS 0x0000000080600000, 0x0000000080500000| Complete 
|   6|0x0000000080600000, 0x0000000080700000, 0x0000000080700000|100%| O|  |TAMS 0x0000000080700000, 0x0000000080600000| Updating 
|   7|0x0000000080700000, 0x0000000080800000, 0x0000000080800000|100%| O|  |TAMS 0x0000000080800000, 0x0000000080700000| Updating 
|   8|0x0000000080800000, 0x0000000080900000, 0x0000000080900000|100%| O|  |TAMS 0x0000000080900000, 0x0000000080800000| Updating 
|   9|0x0000000080900000, 0x0000000080a00000, 0x0000000080a00000|100%| O|  |TAMS 0x0000000080a00000, 0x0000000080900000| Updating 
|  10|0x0000000080a00000, 0x0000000080b00000, 0x0000000080b00000|100%| O|  |TAMS 0x0000000080b00000, 0x0000000080a00000| Updating 
|  11|0x0000000080b00000, 0x0000000080c00000, 0x0000000080c00000|100%| O|  |TAMS 0x0000000080c00000, 0x0000000080b00000| Updating 
|  12|0x0000000080c00000, 0x0000000080d00000, 0x0000000080d00000|100%| O|  |TAMS 0x0000000080d00000, 0x0000000080c00000| Updating 
|  13|0x0000000080d00000, 0x0000000080e00000, 0x0000000080e00000|100%|HS|  |TAMS 0x0000000080e00000, 0x0000000080d00000| Complete 
|  14|0x0000000080e00000, 0x0000000080f00000, 0x0000000080f00000|100%|HC|  |TAMS 0x0000000080f00000, 0x0000000080e00000| Complete 
|  15|0x0000000080f00000, 0x0000000081000000, 0x0000000081000000|100%|HS|  |TAMS 0x0000000081000000, 0x0000000080f00000| Complete 
|  16|0x0000000081000000, 0x0000000081100000, 0x0000000081100000|100%|HC|  |TAMS 0x0000000081100000, 0x0000000081000000| Complete 
|  17|0x0000000081100000, 0x0000000081200000, 0x0000000081200000|100%|HC|  |TAMS 0x0000000081200000, 0x0000000081100000| Complete 
|  18|0x0000000081200000, 0x00000000812ffff8, 0x0000000081300000| 99%| O|  |TAMS 0x00000000812ffff8, 0x0000000081200000| Updating 
|  19|0x0000000081300000, 0x0000000081400000, 0x0000000081400000|100%| O|  |TAMS 0x0000000081400000, 0x0000000081300000| Updating 
|  20|0x0000000081400000, 0x0000000081500000, 0x0000000081500000|100%| O|  |TAMS 0x0000000081500000, 0x0000000081400000| Updating 
|  21|0x0000000081500000, 0x0000000081600000, 0x0000000081600000|100%|HS|  |TAMS 0x0000000081600000, 0x0000000081500000| Complete 
|  22|0x0000000081600000, 0x0000000081700000, 0x0000000081700000|100%|HC|  |TAMS 0x0000000081700000, 0x0000000081600000| Complete 
|  23|0x0000000081700000, 0x0000000081800000, 0x0000000081800000|100%|HC|  |TAMS 0x0000000081800000, 0x0000000081700000| Complete 
|  24|0x0000000081800000, 0x0000000081900000, 0x0000000081900000|100%|HC|  |TAMS 0x0000000081900000, 0x0000000081800000| Complete 
|  25|0x0000000081900000, 0x0000000081a00000, 0x0000000081a00000|100%| O|  |TAMS 0x0000000081a00000, 0x0000000081900000| Updating 
|  26|0x0000000081a00000, 0x0000000081b00000, 0x0000000081b00000|100%| O|  |TAMS 0x0000000081b00000, 0x0000000081a00000| Updating 
|  27|0x0000000081b00000, 0x0000000081c00000, 0x0000000081c00000|100%| O|  |TAMS 0x0000000081c00000, 0x0000000081b00000| Updating 
|  28|0x0000000081c00000, 0x0000000081d00000, 0x0000000081d00000|100%|HS|  |TAMS 0x0000000081d00000, 0x0000000081c00000| Complete 
|  29|0x0000000081d00000, 0x0000000081e00000, 0x0000000081e00000|100%|HC|  |TAMS 0x0000000081e00000, 0x0000000081d00000| Complete 
|  30|0x0000000081e00000, 0x0000000081f00000, 0x0000000081f00000|100%|HC|  |TAMS 0x0000000081f00000, 0x0000000081e00000| Complete 
|  31|0x0000000081f00000, 0x0000000082000000, 0x0000000082000000|100%|HC|  |TAMS 0x0000000082000000, 0x0000000081f00000| Complete 
|  32|0x0000000082000000, 0x0000000082100000, 0x0000000082100000|100%|HS|  |TAMS 0x0000000082100000, 0x0000000082000000| Complete 
|  33|0x0000000082100000, 0x0000000082200000, 0x0000000082200000|100%|HC|  |TAMS 0x0000000082200000, 0x0000000082100000| Complete 
|  34|0x0000000082200000, 0x0000000082300000, 0x0000000082300000|100%|HC|  |TAMS 0x0000000082300000, 0x0000000082200000| Complete 
|  35|0x0000000082300000, 0x0000000082400000, 0x0000000082400000|100%| O|  |TAMS 0x0000000082400000, 0x0000000082300000| Updating 
|  36|0x0000000082400000, 0x0000000082500000, 0x0000000082500000|100%| O|  |TAMS 0x0000000082500000, 0x0000000082400000| Updating 
|  37|0x0000000082500000, 0x0000000082600000, 0x0000000082600000|100%| O|  |TAMS 0x0000000082600000, 0x0000000082500000| Updating 
|  38|0x0000000082600000, 0x0000000082700000, 0x0000000082700000|100%| O|  |TAMS 0x0000000082700000, 0x0000000082600000| Updating 
|  39|0x0000000082700000, 0x0000000082800000, 0x0000000082800000|100%| O|  |TAMS 0x0000000082800000, 0x0000000082700000| Updating 
|  40|0x0000000082800000, 0x0000000082900000, 0x0000000082900000|100%| O|  |TAMS 0x0000000082900000, 0x0000000082800000| Updating 
|  41|0x0000000082900000, 0x0000000082a00000, 0x0000000082a00000|100%| O|  |TAMS 0x0000000082a00000, 0x0000000082900000| Updating 
|  42|0x0000000082a00000, 0x0000000082b00000, 0x0000000082b00000|100%| O|  |TAMS 0x0000000082b00000, 0x0000000082a00000| Updating 
|  43|0x0000000082b00000, 0x0000000082c00000, 0x0000000082c00000|100%| O|  |TAMS 0x0000000082c00000, 0x0000000082b00000| Updating 
|  44|0x0000000082c00000, 0x0000000082d00000, 0x0000000082d00000|100%| O|  |TAMS 0x0000000082d00000, 0x0000000082c00000| Updating 
|  45|0x0000000082d00000, 0x0000000082e00000, 0x0000000082e00000|100%| O|  |TAMS 0x0000000082e00000, 0x0000000082d00000| Updating 
|  46|0x0000000082e00000, 0x0000000082f00000, 0x0000000082f00000|100%|HS|  |TAMS 0x0000000082f00000, 0x0000000082e00000| Complete 
|  47|0x0000000082f00000, 0x0000000083000000, 0x0000000083000000|100%|HS|  |TAMS 0x0000000083000000, 0x0000000082f00000| Complete 
|  48|0x0000000083000000, 0x0000000083100000, 0x0000000083100000|100%|HC|  |TAMS 0x0000000083100000, 0x0000000083000000| Complete 
|  49|0x0000000083100000, 0x0000000083200000, 0x0000000083200000|100%| O|  |TAMS 0x0000000083200000, 0x0000000083100000| Updating 
|  50|0x0000000083200000, 0x0000000083300000, 0x0000000083300000|100%| O|  |TAMS 0x0000000083300000, 0x0000000083200000| Updating 
|  51|0x0000000083300000, 0x0000000083400000, 0x0000000083400000|100%| O|  |TAMS 0x0000000083400000, 0x0000000083300000| Updating 
|  52|0x0000000083400000, 0x0000000083500000, 0x0000000083500000|100%| O|  |TAMS 0x0000000083500000, 0x0000000083400000| Updating 
|  53|0x0000000083500000, 0x0000000083600000, 0x0000000083600000|100%| O|  |TAMS 0x0000000083600000, 0x0000000083500000| Updating 
|  54|0x0000000083600000, 0x0000000083700000, 0x0000000083700000|100%| O|  |TAMS 0x0000000083700000, 0x0000000083600000| Updating 
|  55|0x0000000083700000, 0x0000000083800000, 0x0000000083800000|100%| O|  |TAMS 0x0000000083800000, 0x0000000083700000| Updating 
|  56|0x0000000083800000, 0x0000000083900000, 0x0000000083900000|100%| O|  |TAMS 0x0000000083900000, 0x0000000083800000| Updating 
|  57|0x0000000083900000, 0x0000000083a00000, 0x0000000083a00000|100%| O|  |TAMS 0x0000000083a00000, 0x0000000083900000| Updating 
|  58|0x0000000083a00000, 0x0000000083b00000, 0x0000000083b00000|100%| O|  |TAMS 0x0000000083b00000, 0x0000000083a00000| Updating 
|  59|0x0000000083b00000, 0x0000000083c00000, 0x0000000083c00000|100%| O|  |TAMS 0x0000000083c00000, 0x0000000083b00000| Updating 
|  60|0x0000000083c00000, 0x0000000083d00000, 0x0000000083d00000|100%| O|  |TAMS 0x0000000083d00000, 0x0000000083c00000| Updating 
|  61|0x0000000083d00000, 0x0000000083e00000, 0x0000000083e00000|100%| O|  |TAMS 0x0000000083e00000, 0x0000000083d00000| Updating 
|  62|0x0000000083e00000, 0x0000000083f00000, 0x0000000083f00000|100%| O|  |TAMS 0x0000000083f00000, 0x0000000083e00000| Updating 
|  63|0x0000000083f00000, 0x0000000084000000, 0x0000000084000000|100%| O|  |TAMS 0x0000000084000000, 0x0000000083f00000| Updating 
|  64|0x0000000084000000, 0x0000000084100000, 0x0000000084100000|100%| O|  |TAMS 0x0000000084100000, 0x0000000084000000| Updating 
|  65|0x0000000084100000, 0x0000000084200000, 0x0000000084200000|100%| O|  |TAMS 0x0000000084200000, 0x0000000084100000| Updating 
|  66|0x0000000084200000, 0x0000000084300000, 0x0000000084300000|100%| O|  |TAMS 0x0000000084300000, 0x0000000084200000| Updating 
|  67|0x0000000084300000, 0x0000000084400000, 0x0000000084400000|100%| O|  |TAMS 0x0000000084400000, 0x0000000084300000| Updating 
|  68|0x0000000084400000, 0x0000000084500000, 0x0000000084500000|100%| O|  |TAMS 0x0000000084500000, 0x0000000084400000| Updating 
|  69|0x0000000084500000, 0x0000000084600000, 0x0000000084600000|100%| O|  |TAMS 0x0000000084600000, 0x0000000084500000| Updating 
|  70|0x0000000084600000, 0x0000000084700000, 0x0000000084700000|100%| O|  |TAMS 0x0000000084700000, 0x0000000084600000| Updating 
|  71|0x0000000084700000, 0x0000000084800000, 0x0000000084800000|100%| O|  |TAMS 0x0000000084800000, 0x0000000084700000| Updating 
|  72|0x0000000084800000, 0x0000000084900000, 0x0000000084900000|100%| O|  |TAMS 0x0000000084900000, 0x0000000084800000| Updating 
|  73|0x0000000084900000, 0x0000000084a00000, 0x0000000084a00000|100%| O|  |TAMS 0x0000000084a00000, 0x0000000084900000| Updating 
|  74|0x0000000084a00000, 0x0000000084b00000, 0x0000000084b00000|100%| O|  |TAMS 0x0000000084b00000, 0x0000000084a00000| Updating 
|  75|0x0000000084b00000, 0x0000000084c00000, 0x0000000084c00000|100%| O|  |TAMS 0x0000000084c00000, 0x0000000084b00000| Updating 
|  76|0x0000000084c00000, 0x0000000084d00000, 0x0000000084d00000|100%| O|  |TAMS 0x0000000084d00000, 0x0000000084c00000| Updating 
|  77|0x0000000084d00000, 0x0000000084e00000, 0x0000000084e00000|100%| O|  |TAMS 0x0000000084e00000, 0x0000000084d00000| Updating 
|  78|0x0000000084e00000, 0x0000000084f00000, 0x0000000084f00000|100%| O|  |TAMS 0x0000000084f00000, 0x0000000084e00000| Updating 
|  79|0x0000000084f00000, 0x0000000085000000, 0x0000000085000000|100%| O|  |TAMS 0x0000000085000000, 0x0000000084f00000| Updating 
|  80|0x0000000085000000, 0x0000000085100000, 0x0000000085100000|100%| O|  |TAMS 0x0000000085100000, 0x0000000085000000| Updating 
|  81|0x0000000085100000, 0x0000000085200000, 0x0000000085200000|100%| O|  |TAMS 0x0000000085200000, 0x0000000085100000| Updating 
|  82|0x0000000085200000, 0x0000000085300000, 0x0000000085300000|100%| O|  |TAMS 0x0000000085300000, 0x0000000085200000| Updating 
|  83|0x0000000085300000, 0x0000000085400000, 0x0000000085400000|100%| O|  |TAMS 0x0000000085400000, 0x0000000085300000| Updating 
|  84|0x0000000085400000, 0x0000000085500000, 0x0000000085500000|100%| O|  |TAMS 0x0000000085500000, 0x0000000085400000| Updating 
|  85|0x0000000085500000, 0x0000000085600000, 0x0000000085600000|100%| O|  |TAMS 0x0000000085600000, 0x0000000085500000| Updating 
|  86|0x0000000085600000, 0x0000000085700000, 0x0000000085700000|100%| O|  |TAMS 0x0000000085700000, 0x0000000085600000| Updating 
|  87|0x0000000085700000, 0x0000000085800000, 0x0000000085800000|100%| O|  |TAMS 0x0000000085800000, 0x0000000085700000| Updating 
|  88|0x0000000085800000, 0x0000000085900000, 0x0000000085900000|100%| O|  |TAMS 0x0000000085900000, 0x0000000085800000| Updating 
|  89|0x0000000085900000, 0x0000000085a00000, 0x0000000085a00000|100%|HS|  |TAMS 0x0000000085a00000, 0x0000000085900000| Complete 
|  90|0x0000000085a00000, 0x0000000085b00000, 0x0000000085b00000|100%|HC|  |TAMS 0x0000000085b00000, 0x0000000085a00000| Complete 
|  91|0x0000000085b00000, 0x0000000085c00000, 0x0000000085c00000|100%|HS|  |TAMS 0x0000000085c00000, 0x0000000085b00000| Complete 
|  92|0x0000000085c00000, 0x0000000085d00000, 0x0000000085d00000|100%|HS|  |TAMS 0x0000000085d00000, 0x0000000085c00000| Complete 
|  93|0x0000000085d00000, 0x0000000085e00000, 0x0000000085e00000|100%| O|  |TAMS 0x0000000085e00000, 0x0000000085d00000| Updating 
|  94|0x0000000085e00000, 0x0000000085f00000, 0x0000000085f00000|100%| O|  |TAMS 0x0000000085f00000, 0x0000000085e00000| Updating 
|  95|0x0000000085f00000, 0x0000000086000000, 0x0000000086000000|100%| O|  |TAMS 0x0000000086000000, 0x0000000085f00000| Updating 
|  96|0x0000000086000000, 0x0000000086100000, 0x0000000086100000|100%| O|  |TAMS 0x0000000086100000, 0x0000000086000000| Updating 
|  97|0x0000000086100000, 0x0000000086200000, 0x0000000086200000|100%| O|  |TAMS 0x0000000086200000, 0x0000000086100000| Updating 
|  98|0x0000000086200000, 0x0000000086300000, 0x0000000086300000|100%| O|  |TAMS 0x0000000086300000, 0x0000000086200000| Updating 
|  99|0x0000000086300000, 0x0000000086400000, 0x0000000086400000|100%| O|  |TAMS 0x0000000086400000, 0x0000000086300000| Updating 
| 100|0x0000000086400000, 0x0000000086500000, 0x0000000086500000|100%| O|  |TAMS 0x0000000086500000, 0x0000000086400000| Updating 
| 101|0x0000000086500000, 0x0000000086600000, 0x0000000086600000|100%| O|  |TAMS 0x0000000086600000, 0x0000000086500000| Updating 
| 102|0x0000000086600000, 0x0000000086700000, 0x0000000086700000|100%| O|  |TAMS 0x0000000086700000, 0x0000000086600000| Updating 
| 103|0x0000000086700000, 0x0000000086800000, 0x0000000086800000|100%|HS|  |TAMS 0x0000000086800000, 0x0000000086700000| Complete 
| 104|0x0000000086800000, 0x0000000086900000, 0x0000000086900000|100%| O|  |TAMS 0x0000000086900000, 0x0000000086800000| Updating 
| 105|0x0000000086900000, 0x0000000086a00000, 0x0000000086a00000|100%| O|  |TAMS 0x0000000086a00000, 0x0000000086900000| Updating 
| 106|0x0000000086a00000, 0x0000000086b00000, 0x0000000086b00000|100%| O|  |TAMS 0x0000000086b00000, 0x0000000086a00000| Updating 
| 107|0x0000000086b00000, 0x0000000086c00000, 0x0000000086c00000|100%|HS|  |TAMS 0x0000000086c00000, 0x0000000086b00000| Complete 
| 108|0x0000000086c00000, 0x0000000086d00000, 0x0000000086d00000|100%| O|  |TAMS 0x0000000086d00000, 0x0000000086c00000| Updating 
| 109|0x0000000086d00000, 0x0000000086e00000, 0x0000000086e00000|100%| O|  |TAMS 0x0000000086e00000, 0x0000000086d00000| Updating 
| 110|0x0000000086e00000, 0x0000000086f00000, 0x0000000086f00000|100%| O|  |TAMS 0x0000000086f00000, 0x0000000086e00000| Updating 
| 111|0x0000000086f00000, 0x0000000087000000, 0x0000000087000000|100%| O|  |TAMS 0x0000000087000000, 0x0000000086f00000| Updating 
| 112|0x0000000087000000, 0x0000000087100000, 0x0000000087100000|100%| O|  |TAMS 0x0000000087100000, 0x0000000087000000| Updating 
| 113|0x0000000087100000, 0x0000000087200000, 0x0000000087200000|100%|HS|  |TAMS 0x0000000087200000, 0x0000000087100000| Complete 
| 114|0x0000000087200000, 0x0000000087300000, 0x0000000087300000|100%|HS|  |TAMS 0x0000000087300000, 0x0000000087200000| Complete 
| 115|0x0000000087300000, 0x0000000087400000, 0x0000000087400000|100%|HC|  |TAMS 0x0000000087400000, 0x0000000087300000| Complete 
| 116|0x0000000087400000, 0x0000000087500000, 0x0000000087500000|100%| O|  |TAMS 0x0000000087500000, 0x0000000087400000| Updating 
| 117|0x0000000087500000, 0x0000000087600000, 0x0000000087600000|100%|HS|  |TAMS 0x0000000087600000, 0x0000000087500000| Complete 
| 118|0x0000000087600000, 0x0000000087700000, 0x0000000087700000|100%| O|  |TAMS 0x0000000087700000, 0x0000000087600000| Updating 
| 119|0x0000000087700000, 0x0000000087800000, 0x0000000087800000|100%|HS|  |TAMS 0x0000000087800000, 0x0000000087700000| Complete 
| 120|0x0000000087800000, 0x0000000087900000, 0x0000000087900000|100%| O|  |TAMS 0x0000000087900000, 0x0000000087800000| Updating 
| 121|0x0000000087900000, 0x0000000087a00000, 0x0000000087a00000|100%|HS|  |TAMS 0x0000000087a00000, 0x0000000087900000| Complete 
| 122|0x0000000087a00000, 0x0000000087b00000, 0x0000000087b00000|100%| O|  |TAMS 0x0000000087b00000, 0x0000000087a00000| Updating 
| 123|0x0000000087b00000, 0x0000000087c00000, 0x0000000087c00000|100%| O|  |TAMS 0x0000000087c00000, 0x0000000087b00000| Updating 
| 124|0x0000000087c00000, 0x0000000087d00000, 0x0000000087d00000|100%| O|  |TAMS 0x0000000087d00000, 0x0000000087c00000| Updating 
| 125|0x0000000087d00000, 0x0000000087e00000, 0x0000000087e00000|100%| O|  |TAMS 0x0000000087e00000, 0x0000000087d00000| Updating 
| 126|0x0000000087e00000, 0x0000000087f00000, 0x0000000087f00000|100%| O|  |TAMS 0x0000000087f00000, 0x0000000087e00000| Updating 
| 127|0x0000000087f00000, 0x0000000088000000, 0x0000000088000000|100%| O|  |TAMS 0x0000000088000000, 0x0000000087f00000| Updating 
| 128|0x0000000088000000, 0x0000000088100000, 0x0000000088100000|100%| O|  |TAMS 0x0000000088100000, 0x0000000088000000| Updating 
| 129|0x0000000088100000, 0x0000000088200000, 0x0000000088200000|100%| O|  |TAMS 0x0000000088200000, 0x0000000088100000| Updating 
| 130|0x0000000088200000, 0x0000000088300000, 0x0000000088300000|100%| O|  |TAMS 0x0000000088300000, 0x0000000088200000| Updating 
| 131|0x0000000088300000, 0x0000000088400000, 0x0000000088400000|100%| O|  |TAMS 0x0000000088400000, 0x0000000088300000| Updating 
| 132|0x0000000088400000, 0x0000000088500000, 0x0000000088500000|100%| O|  |TAMS 0x0000000088500000, 0x0000000088400000| Updating 
| 133|0x0000000088500000, 0x0000000088600000, 0x0000000088600000|100%| O|  |TAMS 0x0000000088600000, 0x0000000088500000| Updating 
| 134|0x0000000088600000, 0x0000000088700000, 0x0000000088700000|100%| O|  |TAMS 0x0000000088700000, 0x0000000088600000| Updating 
| 135|0x0000000088700000, 0x0000000088800000, 0x0000000088800000|100%|HS|  |TAMS 0x0000000088800000, 0x0000000088700000| Complete 
| 136|0x0000000088800000, 0x0000000088900000, 0x0000000088900000|100%| O|  |TAMS 0x0000000088900000, 0x0000000088800000| Updating 
| 137|0x0000000088900000, 0x0000000088a00000, 0x0000000088a00000|100%| O|  |TAMS 0x0000000088a00000, 0x0000000088900000| Updating 
| 138|0x0000000088a00000, 0x0000000088b00000, 0x0000000088b00000|100%| O|  |TAMS 0x0000000088b00000, 0x0000000088a00000| Updating 
| 139|0x0000000088b00000, 0x0000000088c00000, 0x0000000088c00000|100%| O|  |TAMS 0x0000000088c00000, 0x0000000088b00000| Updating 
| 140|0x0000000088c00000, 0x0000000088d00000, 0x0000000088d00000|100%| O|  |TAMS 0x0000000088d00000, 0x0000000088c00000| Updating 
| 141|0x0000000088d00000, 0x0000000088e00000, 0x0000000088e00000|100%| O|  |TAMS 0x0000000088e00000, 0x0000000088d00000| Updating 
| 142|0x0000000088e00000, 0x0000000088f00000, 0x0000000088f00000|100%| O|  |TAMS 0x0000000088f00000, 0x0000000088e00000| Updating 
| 143|0x0000000088f00000, 0x0000000089000000, 0x0000000089000000|100%| O|  |TAMS 0x0000000089000000, 0x0000000088f00000| Updating 
| 144|0x0000000089000000, 0x0000000089100000, 0x0000000089100000|100%| O|  |TAMS 0x0000000089100000, 0x0000000089000000| Updating 
| 145|0x0000000089100000, 0x0000000089200000, 0x0000000089200000|100%| O|  |TAMS 0x0000000089200000, 0x0000000089100000| Updating 
| 146|0x0000000089200000, 0x0000000089300000, 0x0000000089300000|100%| O|  |TAMS 0x0000000089300000, 0x0000000089200000| Updating 
| 147|0x0000000089300000, 0x0000000089400000, 0x0000000089400000|100%| O|  |TAMS 0x0000000089400000, 0x0000000089300000| Updating 
| 148|0x0000000089400000, 0x0000000089500000, 0x0000000089500000|100%| O|  |TAMS 0x0000000089500000, 0x0000000089400000| Updating 
| 149|0x0000000089500000, 0x0000000089600000, 0x0000000089600000|100%| O|  |TAMS 0x0000000089600000, 0x0000000089500000| Updating 
| 150|0x0000000089600000, 0x0000000089700000, 0x0000000089700000|100%| O|  |TAMS 0x0000000089700000, 0x0000000089600000| Updating 
| 151|0x0000000089700000, 0x0000000089800000, 0x0000000089800000|100%| O|  |TAMS 0x0000000089800000, 0x0000000089700000| Updating 
| 152|0x0000000089800000, 0x0000000089900000, 0x0000000089900000|100%| O|  |TAMS 0x0000000089900000, 0x0000000089800000| Updating 
| 153|0x0000000089900000, 0x0000000089a00000, 0x0000000089a00000|100%| O|  |TAMS 0x0000000089a00000, 0x0000000089900000| Updating 
| 154|0x0000000089a00000, 0x0000000089b00000, 0x0000000089b00000|100%| O|  |TAMS 0x0000000089b00000, 0x0000000089a00000| Updating 
| 155|0x0000000089b00000, 0x0000000089c00000, 0x0000000089c00000|100%| O|  |TAMS 0x0000000089c00000, 0x0000000089b00000| Updating 
| 156|0x0000000089c00000, 0x0000000089d00000, 0x0000000089d00000|100%| O|  |TAMS 0x0000000089d00000, 0x0000000089c00000| Updating 
| 157|0x0000000089d00000, 0x0000000089e00000, 0x0000000089e00000|100%| O|  |TAMS 0x0000000089e00000, 0x0000000089d00000| Updating 
| 158|0x0000000089e00000, 0x0000000089f00000, 0x0000000089f00000|100%| O|  |TAMS 0x0000000089f00000, 0x0000000089e00000| Updating 
| 159|0x0000000089f00000, 0x000000008a000000, 0x000000008a000000|100%| O|  |TAMS 0x0000000089f61200, 0x0000000089f00000| Updating 
| 160|0x000000008a000000, 0x000000008a100000, 0x000000008a100000|100%| O|  |TAMS 0x000000008a000000, 0x000000008a000000| Untracked 
| 161|0x000000008a100000, 0x000000008a200000, 0x000000008a200000|100%| O|  |TAMS 0x000000008a100000, 0x000000008a100000| Untracked 
| 162|0x000000008a200000, 0x000000008a300000, 0x000000008a300000|100%| O|  |TAMS 0x000000008a200000, 0x000000008a200000| Untracked 
| 163|0x000000008a300000, 0x000000008a400000, 0x000000008a400000|100%| O|  |TAMS 0x000000008a300000, 0x000000008a300000| Untracked 
| 164|0x000000008a400000, 0x000000008a500000, 0x000000008a500000|100%| O|  |TAMS 0x000000008a400000, 0x000000008a400000| Untracked 
| 165|0x000000008a500000, 0x000000008a600000, 0x000000008a600000|100%| O|  |TAMS 0x000000008a500000, 0x000000008a500000| Untracked 
| 166|0x000000008a600000, 0x000000008a700000, 0x000000008a700000|100%| O|  |TAMS 0x000000008a600000, 0x000000008a600000| Untracked 
| 167|0x000000008a700000, 0x000000008a800000, 0x000000008a800000|100%| O|  |TAMS 0x000000008a700000, 0x000000008a700000| Untracked 
| 168|0x000000008a800000, 0x000000008a900000, 0x000000008a900000|100%| O|  |TAMS 0x000000008a800000, 0x000000008a800000| Untracked 
| 169|0x000000008a900000, 0x000000008aa00000, 0x000000008aa00000|100%| O|  |TAMS 0x000000008a900000, 0x000000008a900000| Untracked 
| 170|0x000000008aa00000, 0x000000008ab00000, 0x000000008ab00000|100%| O|  |TAMS 0x000000008aa00000, 0x000000008aa00000| Untracked 
| 171|0x000000008ab00000, 0x000000008ac00000, 0x000000008ac00000|100%| O|  |TAMS 0x000000008ab00000, 0x000000008ab00000| Untracked 
| 172|0x000000008ac00000, 0x000000008ad00000, 0x000000008ad00000|100%| O|  |TAMS 0x000000008ac00000, 0x000000008ac00000| Untracked 
| 173|0x000000008ad00000, 0x000000008ae00000, 0x000000008ae00000|100%| O|  |TAMS 0x000000008ad00000, 0x000000008ad00000| Untracked 
| 174|0x000000008ae00000, 0x000000008af00000, 0x000000008af00000|100%| O|  |TAMS 0x000000008ae00000, 0x000000008ae00000| Untracked 
| 175|0x000000008af00000, 0x000000008b000000, 0x000000008b000000|100%| O|  |TAMS 0x000000008af00000, 0x000000008af00000| Untracked 
| 176|0x000000008b000000, 0x000000008b100000, 0x000000008b100000|100%| O|  |TAMS 0x000000008b000000, 0x000000008b000000| Untracked 
| 177|0x000000008b100000, 0x000000008b200000, 0x000000008b200000|100%| O|  |TAMS 0x000000008b100000, 0x000000008b100000| Untracked 
| 178|0x000000008b200000, 0x000000008b200000, 0x000000008b300000|  0%| F|  |TAMS 0x000000008b200000, 0x000000008b200000| Untracked 
| 179|0x000000008b300000, 0x000000008b300000, 0x000000008b400000|  0%| F|  |TAMS 0x000000008b300000, 0x000000008b300000| Untracked 
| 180|0x000000008b400000, 0x000000008b400000, 0x000000008b500000|  0%| F|  |TAMS 0x000000008b400000, 0x000000008b400000| Untracked 
| 181|0x000000008b500000, 0x000000008b500000, 0x000000008b600000|  0%| F|  |TAMS 0x000000008b500000, 0x000000008b500000| Untracked 
| 182|0x000000008b600000, 0x000000008b600000, 0x000000008b700000|  0%| F|  |TAMS 0x000000008b600000, 0x000000008b600000| Untracked 
| 183|0x000000008b700000, 0x000000008b700000, 0x000000008b800000|  0%| F|  |TAMS 0x000000008b700000, 0x000000008b700000| Untracked 
| 184|0x000000008b800000, 0x000000008b800000, 0x000000008b900000|  0%| F|  |TAMS 0x000000008b800000, 0x000000008b800000| Untracked 
| 185|0x000000008b900000, 0x000000008b900000, 0x000000008ba00000|  0%| F|  |TAMS 0x000000008b900000, 0x000000008b900000| Untracked 
| 186|0x000000008ba00000, 0x000000008ba00000, 0x000000008bb00000|  0%| F|  |TAMS 0x000000008ba00000, 0x000000008ba00000| Untracked 
| 187|0x000000008bb00000, 0x000000008bb00000, 0x000000008bc00000|  0%| F|  |TAMS 0x000000008bb00000, 0x000000008bb00000| Untracked 
| 188|0x000000008bc00000, 0x000000008bc00000, 0x000000008bd00000|  0%| F|  |TAMS 0x000000008bc00000, 0x000000008bc00000| Untracked 
| 189|0x000000008bd00000, 0x000000008bd00000, 0x000000008be00000|  0%| F|  |TAMS 0x000000008bd00000, 0x000000008bd00000| Untracked 
| 190|0x000000008be00000, 0x000000008be00000, 0x000000008bf00000|  0%| F|  |TAMS 0x000000008be00000, 0x000000008be00000| Untracked 
| 191|0x000000008bf00000, 0x000000008bf00000, 0x000000008c000000|  0%| F|  |TAMS 0x000000008bf00000, 0x000000008bf00000| Untracked 
| 192|0x000000008c000000, 0x000000008c000000, 0x000000008c100000|  0%| F|  |TAMS 0x000000008c000000, 0x000000008c000000| Untracked 
| 193|0x000000008c100000, 0x000000008c100000, 0x000000008c200000|  0%| F|  |TAMS 0x000000008c100000, 0x000000008c100000| Untracked 
| 194|0x000000008c200000, 0x000000008c200000, 0x000000008c300000|  0%| F|  |TAMS 0x000000008c200000, 0x000000008c200000| Untracked 
| 195|0x000000008c300000, 0x000000008c300000, 0x000000008c400000|  0%| F|  |TAMS 0x000000008c300000, 0x000000008c300000| Untracked 
| 196|0x000000008c400000, 0x000000008c400000, 0x000000008c500000|  0%| F|  |TAMS 0x000000008c400000, 0x000000008c400000| Untracked 
| 197|0x000000008c500000, 0x000000008c500000, 0x000000008c600000|  0%| F|  |TAMS 0x000000008c500000, 0x000000008c500000| Untracked 
| 198|0x000000008c600000, 0x000000008c600000, 0x000000008c700000|  0%| F|  |TAMS 0x000000008c600000, 0x000000008c600000| Untracked 
| 199|0x000000008c700000, 0x000000008c700000, 0x000000008c800000|  0%| F|  |TAMS 0x000000008c700000, 0x000000008c700000| Untracked 
| 200|0x000000008c800000, 0x000000008c800000, 0x000000008c900000|  0%| F|  |TAMS 0x000000008c800000, 0x000000008c800000| Untracked 
| 201|0x000000008c900000, 0x000000008c900000, 0x000000008ca00000|  0%| F|  |TAMS 0x000000008c900000, 0x000000008c900000| Untracked 
| 202|0x000000008ca00000, 0x000000008ca00000, 0x000000008cb00000|  0%| F|  |TAMS 0x000000008ca00000, 0x000000008ca00000| Untracked 
| 203|0x000000008cb00000, 0x000000008cb00000, 0x000000008cc00000|  0%| F|  |TAMS 0x000000008cb00000, 0x000000008cb00000| Untracked 
| 204|0x000000008cc00000, 0x000000008cc00000, 0x000000008cd00000|  0%| F|  |TAMS 0x000000008cc00000, 0x000000008cc00000| Untracked 
| 205|0x000000008cd00000, 0x000000008cd00000, 0x000000008ce00000|  0%| F|  |TAMS 0x000000008cd00000, 0x000000008cd00000| Untracked 
| 206|0x000000008ce00000, 0x000000008ce00000, 0x000000008cf00000|  0%| F|  |TAMS 0x000000008ce00000, 0x000000008ce00000| Untracked 
| 207|0x000000008cf00000, 0x000000008cf00000, 0x000000008d000000|  0%| F|  |TAMS 0x000000008cf00000, 0x000000008cf00000| Untracked 
| 208|0x000000008d000000, 0x000000008d000000, 0x000000008d100000|  0%| F|  |TAMS 0x000000008d000000, 0x000000008d000000| Untracked 
| 209|0x000000008d100000, 0x000000008d100000, 0x000000008d200000|  0%| F|  |TAMS 0x000000008d100000, 0x000000008d100000| Untracked 
| 210|0x000000008d200000, 0x000000008d200000, 0x000000008d300000|  0%| F|  |TAMS 0x000000008d200000, 0x000000008d200000| Untracked 
| 211|0x000000008d300000, 0x000000008d300000, 0x000000008d400000|  0%| F|  |TAMS 0x000000008d300000, 0x000000008d300000| Untracked 
| 212|0x000000008d400000, 0x000000008d400000, 0x000000008d500000|  0%| F|  |TAMS 0x000000008d400000, 0x000000008d400000| Untracked 
| 213|0x000000008d500000, 0x000000008d500000, 0x000000008d600000|  0%| F|  |TAMS 0x000000008d500000, 0x000000008d500000| Untracked 
| 214|0x000000008d600000, 0x000000008d600000, 0x000000008d700000|  0%| F|  |TAMS 0x000000008d600000, 0x000000008d600000| Untracked 
| 215|0x000000008d700000, 0x000000008d700000, 0x000000008d800000|  0%| F|  |TAMS 0x000000008d700000, 0x000000008d700000| Untracked 
| 216|0x000000008d800000, 0x000000008d900000, 0x000000008d900000|100%| S|CS|TAMS 0x000000008d800000, 0x000000008d800000| Complete 
| 217|0x000000008d900000, 0x000000008da00000, 0x000000008da00000|100%| S|CS|TAMS 0x000000008d900000, 0x000000008d900000| Complete 
| 218|0x000000008da00000, 0x000000008db00000, 0x000000008db00000|100%| S|CS|TAMS 0x000000008da00000, 0x000000008da00000| Complete 
| 219|0x000000008db00000, 0x000000008db00000, 0x000000008dc00000|  0%| F|  |TAMS 0x000000008db00000, 0x000000008db00000| Untracked 
| 220|0x000000008dc00000, 0x000000008dc00000, 0x000000008dd00000|  0%| F|  |TAMS 0x000000008dc00000, 0x000000008dc00000| Untracked 
| 221|0x000000008dd00000, 0x000000008dd00000, 0x000000008de00000|  0%| F|  |TAMS 0x000000008dd00000, 0x000000008dd00000| Untracked 
| 222|0x000000008de00000, 0x000000008de00000, 0x000000008df00000|  0%| F|  |TAMS 0x000000008de00000, 0x000000008de00000| Untracked 
| 223|0x000000008df00000, 0x000000008df00000, 0x000000008e000000|  0%| F|  |TAMS 0x000000008df00000, 0x000000008df00000| Untracked 
| 224|0x000000008e000000, 0x000000008e000000, 0x000000008e100000|  0%| F|  |TAMS 0x000000008e000000, 0x000000008e000000| Untracked 
| 225|0x000000008e100000, 0x000000008e100000, 0x000000008e200000|  0%| F|  |TAMS 0x000000008e100000, 0x000000008e100000| Untracked 
| 226|0x000000008e200000, 0x000000008e200000, 0x000000008e300000|  0%| F|  |TAMS 0x000000008e200000, 0x000000008e200000| Untracked 
| 227|0x000000008e300000, 0x000000008e300000, 0x000000008e400000|  0%| F|  |TAMS 0x000000008e300000, 0x000000008e300000| Untracked 
| 228|0x000000008e400000, 0x000000008e400000, 0x000000008e500000|  0%| F|  |TAMS 0x000000008e400000, 0x000000008e400000| Untracked 
| 229|0x000000008e500000, 0x000000008e500000, 0x000000008e600000|  0%| F|  |TAMS 0x000000008e500000, 0x000000008e500000| Untracked 
| 230|0x000000008e600000, 0x000000008e600000, 0x000000008e700000|  0%| F|  |TAMS 0x000000008e600000, 0x000000008e600000| Untracked 
| 231|0x000000008e700000, 0x000000008e700000, 0x000000008e800000|  0%| F|  |TAMS 0x000000008e700000, 0x000000008e700000| Untracked 
| 232|0x000000008e800000, 0x000000008e800000, 0x000000008e900000|  0%| F|  |TAMS 0x000000008e800000, 0x000000008e800000| Untracked 

Card table byte_map: [0x000002bfa3e60000,0x000002bfa4260000] _byte_map_base: 0x000002bfa3a60000

Marking Bits (Prev, Next): (CMBitMap*) 0x000002bf90afcf80, (CMBitMap*) 0x000002bf90afcf48
 Prev Bits: [0x000002bfa6660000, 0x000002bfa8660000)
 Next Bits: [0x000002bfa4660000, 0x000002bfa6660000)

Polling page: 0x000002bf8f230000

Metaspace:

Usage:
  Non-class:     91.85 MB capacity,    89.99 MB ( 98%) used,     1.58 MB (  2%) free+waste,   285.44 KB ( <1%) overhead. 
      Class:     14.14 MB capacity,    13.21 MB ( 93%) used,   822.84 KB (  6%) free+waste,   131.25 KB ( <1%) overhead. 
       Both:    105.98 MB capacity,   103.19 MB ( 97%) used,     2.38 MB (  2%) free+waste,   416.69 KB ( <1%) overhead. 

Virtual space:
  Non-class space:       92.00 MB reserved,      92.00 MB (100%) committed 
      Class space:        1.00 GB reserved,      14.25 MB (  1%) committed 
             Both:        1.09 GB reserved,     106.25 MB ( 10%) committed 

Chunk freelists:
   Non-Class:  29.00 KB
       Class:  0 bytes
        Both:  29.00 KB

MaxMetaspaceSize: 17179869184.00 GB
CompressedClassSpaceSize: 1.00 GB

CodeHeap 'non-profiled nmethods': size=120064Kb used=7123Kb max_used=7123Kb free=112940Kb
 bounds [0x000002bf9bf00000, 0x000002bf9c600000, 0x000002bfa3440000]
CodeHeap 'profiled nmethods': size=120000Kb used=27199Kb max_used=27199Kb free=92801Kb
 bounds [0x000002bf949d0000, 0x000002bf96470000, 0x000002bf9bf00000]
CodeHeap 'non-nmethods': size=5696Kb used=2303Kb max_used=2356Kb free=3392Kb
 bounds [0x000002bf94440000, 0x000002bf946b0000, 0x000002bf949d0000]
 total_blobs=13574 nmethods=12670 adapters=813
 compilation: enabled
              stopped_count=0, restarted_count=0
 full_count=0

Compilation events (20 events):
Event: 516.400 Thread 0x000002bfaac71000 nmethod 13190 0x000002bf9645d090 code [0x000002bf9645d2e0, 0x000002bf9645dc38]
Event: 516.400 Thread 0x000002bfaac71000 13191       2       com.android.tools.r8.graph.J$$Lambda$1039/0x0000000100e20c40::get$Lambda (9 bytes)
Event: 516.400 Thread 0x000002bfaac71000 nmethod 13191 0x000002bf9645e110 code [0x000002bf9645e2c0, 0x000002bf9645e438]
Event: 516.400 Thread 0x000002bfaac71000 13192       2       com.android.tools.r8.graph.J$$Lambda$1039/0x0000000100e20c40::<init> (10 bytes)
Event: 516.400 Thread 0x000002bfaac71000 nmethod 13192 0x000002bf9645e510 code [0x000002bf9645e6c0, 0x000002bf9645e7f8]
Event: 516.404 Thread 0x000002bfaac71000 13193       2       com.android.tools.r8.graph.J$$Lambda$1040/0x0000000100e21040::get$Lambda (9 bytes)
Event: 516.404 Thread 0x000002bfaac71000 nmethod 13193 0x000002bf9645e890 code [0x000002bf9645ea40, 0x000002bf9645ebb8]
Event: 516.404 Thread 0x000002bfaac71000 13194       2       com.android.tools.r8.graph.J$$Lambda$1040/0x0000000100e21040::<init> (10 bytes)
Event: 516.404 Thread 0x000002bfaac71000 nmethod 13194 0x000002bf9645ec90 code [0x000002bf9645ee40, 0x000002bf9645ef78]
Event: 516.404 Thread 0x000002bfaac71000 13196       2       com.android.tools.r8.graph.s1::d (97 bytes)
Event: 516.405 Thread 0x000002bfaac71000 nmethod 13196 0x000002bf9645f010 code [0x000002bf9645f200, 0x000002bf9645f598]
Event: 516.405 Thread 0x000002bfaac71000 13195       2       com.android.tools.r8.graph.s1::b (18 bytes)
Event: 516.405 Thread 0x000002bfaac71000 nmethod 13195 0x000002bf9645f790 code [0x000002bf9645f9a0, 0x000002bf9645ffc8]
Event: 516.405 Thread 0x000002bfaac71000 13197       2       com.android.tools.r8.graph.J::b (41 bytes)
Event: 516.406 Thread 0x000002bfaac71000 nmethod 13197 0x000002bf96460210 code [0x000002bf96460460, 0x000002bf96460ff8]
Event: 516.408 Thread 0x000002bfaac71000 13198       2       com.android.tools.r8.w.a.a.a.h.f0$f::<init> (6 bytes)
Event: 516.408 Thread 0x000002bfaac71000 nmethod 13198 0x000002bf96461390 code [0x000002bf96461540, 0x000002bf96461648]
Event: 516.412 Thread 0x000002bfaac71000 13201 %     3       com.android.tools.r8.graph.n0::b @ 41 (74 bytes)
Event: 516.413 Thread 0x000002bfaac71000 nmethod 13201% 0x000002bf96461710 code [0x000002bf964619c0, 0x000002bf96462a38]
Event: 516.413 Thread 0x000002bfaac71000 13199       2       com.android.tools.r8.w.a.a.a.h.e0::iterator (12 bytes)

GC Heap History (20 events):
Event: 513.645 GC heap after
{Heap after GC invocations=72 (full 0):
 garbage-first heap   total 131072K, used 117185K [0x0000000080000000, 0x0000000100000000)
  region size 1024K, 1 young (1024K), 1 survivors (1024K)
 Metaspace       used 102353K, capacity 105082K, committed 105344K, reserved 1140736K
  class space    used 12994K, capacity 13905K, committed 13952K, reserved 1048576K
}
Event: 513.657 GC heap before
{Heap before GC invocations=72 (full 0):
 garbage-first heap   total 131072K, used 129473K [0x0000000080000000, 0x0000000100000000)
  region size 1024K, 6 young (6144K), 1 survivors (1024K)
 Metaspace       used 102358K, capacity 105082K, committed 105344K, reserved 1140736K
  class space    used 12994K, capacity 13905K, committed 13952K, reserved 1048576K
}
Event: 513.663 GC heap after
{Heap after GC invocations=73 (full 0):
 garbage-first heap   total 134144K, used 123893K [0x0000000080000000, 0x0000000100000000)
  region size 1024K, 1 young (1024K), 1 survivors (1024K)
 Metaspace       used 102358K, capacity 105082K, committed 105344K, reserved 1140736K
  class space    used 12994K, capacity 13905K, committed 13952K, reserved 1048576K
}
Event: 513.720 GC heap before
{Heap before GC invocations=73 (full 0):
 garbage-first heap   total 134144K, used 127989K [0x0000000080000000, 0x0000000100000000)
  region size 1024K, 6 young (6144K), 1 survivors (1024K)
 Metaspace       used 102394K, capacity 105146K, committed 105344K, reserved 1140736K
  class space    used 12996K, capacity 13905K, committed 13952K, reserved 1048576K
}
Event: 513.724 GC heap after
{Heap after GC invocations=74 (full 0):
 garbage-first heap   total 162816K, used 126508K [0x0000000080000000, 0x0000000100000000)
  region size 1024K, 1 young (1024K), 1 survivors (1024K)
 Metaspace       used 102394K, capacity 105146K, committed 105344K, reserved 1140736K
  class space    used 12996K, capacity 13905K, committed 13952K, reserved 1048576K
}
Event: 514.113 GC heap before
{Heap before GC invocations=75 (full 0):
 garbage-first heap   total 162816K, used 135724K [0x0000000080000000, 0x0000000100000000)
  region size 1024K, 11 young (11264K), 1 survivors (1024K)
 Metaspace       used 102629K, capacity 105378K, committed 105600K, reserved 1140736K
  class space    used 13025K, capacity 13939K, committed 13952K, reserved 1048576K
}
Event: 514.121 GC heap after
{Heap after GC invocations=76 (full 0):
 garbage-first heap   total 162816K, used 130742K [0x0000000080000000, 0x0000000100000000)
  region size 1024K, 2 young (2048K), 2 survivors (2048K)
 Metaspace       used 102629K, capacity 105378K, committed 105600K, reserved 1140736K
  class space    used 13025K, capacity 13939K, committed 13952K, reserved 1048576K
}
Event: 514.214 GC heap before
{Heap before GC invocations=76 (full 0):
 garbage-first heap   total 162816K, used 136886K [0x0000000080000000, 0x0000000100000000)
  region size 1024K, 9 young (9216K), 2 survivors (2048K)
 Metaspace       used 102630K, capacity 105378K, committed 105600K, reserved 1140736K
  class space    used 13025K, capacity 13939K, committed 13952K, reserved 1048576K
}
Event: 514.223 GC heap after
{Heap after GC invocations=77 (full 0):
 garbage-first heap   total 162816K, used 134037K [0x0000000080000000, 0x0000000100000000)
  region size 1024K, 2 young (2048K), 2 survivors (2048K)
 Metaspace       used 102630K, capacity 105378K, committed 105600K, reserved 1140736K
  class space    used 13025K, capacity 13939K, committed 13952K, reserved 1048576K
}
Event: 514.267 GC heap before
{Heap before GC invocations=77 (full 0):
 garbage-first heap   total 162816K, used 139157K [0x0000000080000000, 0x0000000100000000)
  region size 1024K, 7 young (7168K), 2 survivors (2048K)
 Metaspace       used 102631K, capacity 105378K, committed 105600K, reserved 1140736K
  class space    used 13025K, capacity 13939K, committed 13952K, reserved 1048576K
}
Event: 514.276 GC heap after
{Heap after GC invocations=78 (full 0):
 garbage-first heap   total 162816K, used 136191K [0x0000000080000000, 0x0000000100000000)
  region size 1024K, 1 young (1024K), 1 survivors (1024K)
 Metaspace       used 102631K, capacity 105378K, committed 105600K, reserved 1140736K
  class space    used 13025K, capacity 13939K, committed 13952K, reserved 1048576K
}
Event: 514.331 GC heap before
{Heap before GC invocations=78 (full 0):
 garbage-first heap   total 162816K, used 142335K [0x0000000080000000, 0x0000000100000000)
  region size 1024K, 7 young (7168K), 1 survivors (1024K)
 Metaspace       used 102632K, capacity 105378K, committed 105600K, reserved 1140736K
  class space    used 13025K, capacity 13939K, committed 13952K, reserved 1048576K
}
Event: 514.344 GC heap after
{Heap after GC invocations=79 (full 0):
 garbage-first heap   total 238592K, used 138761K [0x0000000080000000, 0x0000000100000000)
  region size 1024K, 1 young (1024K), 1 survivors (1024K)
 Metaspace       used 102632K, capacity 105378K, committed 105600K, reserved 1140736K
  class space    used 13025K, capacity 13939K, committed 13952K, reserved 1048576K
}
Event: 515.437 GC heap before
{Heap before GC invocations=80 (full 0):
 garbage-first heap   total 238592K, used 170505K [0x0000000080000000, 0x0000000100000000)
  region size 1024K, 31 young (31744K), 1 survivors (1024K)
 Metaspace       used 104509K, capacity 107300K, committed 107520K, reserved 1142784K
  class space    used 13379K, capacity 14301K, committed 14336K, reserved 1048576K
}
Event: 515.468 GC heap after
{Heap after GC invocations=81 (full 0):
 garbage-first heap   total 238592K, used 152680K [0x0000000080000000, 0x0000000100000000)
  region size 1024K, 4 young (4096K), 4 survivors (4096K)
 Metaspace       used 104509K, capacity 107300K, committed 107520K, reserved 1142784K
  class space    used 13379K, capacity 14301K, committed 14336K, reserved 1048576K
}
Event: 515.750 GC heap before
{Heap before GC invocations=81 (full 0):
 garbage-first heap   total 238592K, used 178280K [0x0000000080000000, 0x0000000100000000)
  region size 1024K, 29 young (29696K), 4 survivors (4096K)
 Metaspace       used 104533K, capacity 107303K, committed 107520K, reserved 1142784K
  class space    used 13379K, capacity 14301K, committed 14336K, reserved 1048576K
}
Event: 515.785 GC heap after
{Heap after GC invocations=82 (full 0):
 garbage-first heap   total 238592K, used 167300K [0x0000000080000000, 0x0000000100000000)
  region size 1024K, 4 young (4096K), 4 survivors (4096K)
 Metaspace       used 104533K, capacity 107303K, committed 107520K, reserved 1142784K
  class space    used 13379K, capacity 14301K, committed 14336K, reserved 1048576K
}
Event: 515.972 GC heap before
{Heap before GC invocations=82 (full 0):
 garbage-first heap   total 238592K, used 186756K [0x0000000080000000, 0x0000000100000000)
  region size 1024K, 23 young (23552K), 4 survivors (4096K)
 Metaspace       used 104547K, capacity 107367K, committed 107520K, reserved 1142784K
  class space    used 13379K, capacity 14301K, committed 14336K, reserved 1048576K
}
Event: 515.996 GC heap after
{Heap after GC invocations=83 (full 0):
 garbage-first heap   total 238592K, used 179199K [0x0000000080000000, 0x0000000100000000)
  region size 1024K, 3 young (3072K), 3 survivors (3072K)
 Metaspace       used 104547K, capacity 107367K, committed 107520K, reserved 1142784K
  class space    used 13379K, capacity 14301K, committed 14336K, reserved 1048576K
}
Event: 516.413 GC heap before
{Heap before GC invocations=83 (full 0):
 garbage-first heap   total 238592K, used 192511K [0x0000000080000000, 0x0000000100000000)
  region size 1024K, 17 young (17408K), 3 survivors (3072K)
 Metaspace       used 105669K, capacity 108528K, committed 108800K, reserved 1142784K
  class space    used 13522K, capacity 14477K, committed 14592K, reserved 1048576K
}

Deoptimization events (20 events):
Event: 515.090 Thread 0x000002bfb1dcb000 Uncommon trap: trap_request=0xffffff4d fr.pc=0x000002bf9c5cdbc4 relative=0x00000000000001a4
Event: 515.090 Thread 0x000002bfb1dcb000 Uncommon trap: reason=unstable_if action=reinterpret pc=0x000002bf9c5cdbc4 method=jdk.internal.util.ArraysSupport.mismatch([B[BI)I @ 14 c2
Event: 515.090 Thread 0x000002bfb1dcb000 DEOPT PACKING pc=0x000002bf9c5cdbc4 sp=0x000000ec265fe770
Event: 515.091 Thread 0x000002bfb1dcb000 DEOPT UNPACKING pc=0x000002bf944674af sp=0x000000ec265fe6a8 mode 2
Event: 515.095 Thread 0x000002bfb1dcb000 Uncommon trap: trap_request=0xffffff4d fr.pc=0x000002bf9c5cc0a8 relative=0x0000000000000188
Event: 515.095 Thread 0x000002bfb1dcb000 Uncommon trap: reason=unstable_if action=reinterpret pc=0x000002bf9c5cc0a8 method=jdk.internal.util.ArraysSupport.mismatch([B[BI)I @ 14 c2
Event: 515.095 Thread 0x000002bfb1dcb000 DEOPT PACKING pc=0x000002bf9c5cc0a8 sp=0x000000ec265fe6d0
Event: 515.095 Thread 0x000002bfb1dcb000 DEOPT UNPACKING pc=0x000002bf944674af sp=0x000000ec265fe690 mode 2
Event: 515.384 Thread 0x000002bfb1dcb000 DEOPT PACKING pc=0x000002bf9635527e sp=0x000000ec265fe4b0
Event: 515.384 Thread 0x000002bfb1dcb000 DEOPT UNPACKING pc=0x000002bf944672ce sp=0x000000ec265fda38 mode 0
Event: 515.401 Thread 0x000002bfad186800 DEOPT PACKING pc=0x000002bf962ef1d3 sp=0x000000ec262fe740
Event: 515.401 Thread 0x000002bfad186800 DEOPT UNPACKING pc=0x000002bf944672ce sp=0x000000ec262fdc98 mode 0
Event: 515.966 Thread 0x000002bfb1dca000 Uncommon trap: trap_request=0xffffffc6 fr.pc=0x000002bf9c3466a8 relative=0x0000000000000a08
Event: 515.966 Thread 0x000002bfb1dca000 Uncommon trap: reason=bimorphic_or_optimized_type_check action=maybe_recompile pc=0x000002bf9c3466a8 method=java.io.BufferedInputStream.read1([BII)I @ 39 c2
Event: 515.966 Thread 0x000002bfb1dca000 DEOPT PACKING pc=0x000002bf9c3466a8 sp=0x000000ec267fedf0
Event: 515.966 Thread 0x000002bfb1dca000 DEOPT UNPACKING pc=0x000002bf944674af sp=0x000000ec267fed08 mode 2
Event: 516.004 Thread 0x000002bfb1dcb000 Uncommon trap: trap_request=0xffffff4d fr.pc=0x000002bf9c5ebe08 relative=0x000000000000aca8
Event: 516.004 Thread 0x000002bfb1dcb000 Uncommon trap: reason=unstable_if action=reinterpret pc=0x000002bf9c5ebe08 method=com.android.tools.r8.code.x1.a(Ljava/nio/ShortBuffer;IILcom/android/tools/r8/graph/D1;)[Lcom/android/tools/r8/code/w1; @ 541 c2
Event: 516.004 Thread 0x000002bfb1dcb000 DEOPT PACKING pc=0x000002bf9c5ebe08 sp=0x000000ec265fe7a0
Event: 516.004 Thread 0x000002bfb1dcb000 DEOPT UNPACKING pc=0x000002bf944674af sp=0x000000ec265fe788 mode 2

Classes redefined (0 events):
No events

Internal exceptions (20 events):
Event: 509.664 Thread 0x000002bfaf4f1000 Exception <a 'sun/nio/fs/WindowsException'{0x00000000875c9318}> (0x00000000875c9318) thrown at [./src/hotspot/share/prims/jni.cpp, line 615]
Event: 509.687 Thread 0x000002bfaf4f1000 Exception <a 'sun/nio/fs/WindowsException'{0x00000000875ca3e8}> (0x00000000875ca3e8) thrown at [./src/hotspot/share/prims/jni.cpp, line 615]
Event: 509.687 Thread 0x000002bfaf4f1000 Exception <a 'sun/nio/fs/WindowsException'{0x00000000875cb808}> (0x00000000875cb808) thrown at [./src/hotspot/share/prims/jni.cpp, line 615]
Event: 509.779 Thread 0x000002bfaf4f1000 Exception <a 'java/lang/NoSuchMethodError'{0x0000000087349078}: <clinit>> (0x0000000087349078) thrown at [./src/hotspot/share/prims/jni.cpp, line 1362]
Event: 509.788 Thread 0x000002bfaf4f1000 Exception <a 'java/lang/NoSuchMethodError'{0x000000008738e368}: <clinit>> (0x000000008738e368) thrown at [./src/hotspot/share/prims/jni.cpp, line 1362]
Event: 509.792 Thread 0x000002bfaf4f1000 Exception <a 'java/lang/NoSuchMethodError'{0x00000000873c5e80}: <clinit>> (0x00000000873c5e80) thrown at [./src/hotspot/share/prims/jni.cpp, line 1362]
Event: 511.599 Thread 0x000002bfad182000 Exception <a 'java/lang/NoSuchMethodError'{0x0000000087797828}: 'void java.lang.invoke.DirectMethodHandle$Holder.invokeStatic(java.lang.Object, java.lang.Object, java.lang.Object, java.lang.Object, int, java.lang.Object)'> (0x0000000087797828) thrown at [./src/hotspot/share/interpreter/linkResolver.cpp, line 773]
Event: 511.801 Thread 0x000002bfaf4fb800 Implicit null exception at 0x000002bf9c5475b2 to 0x000002bf9c54797c
Event: 513.504 Thread 0x000002bfad181800 Exception <a 'java/lang/NoSuchMethodError'{0x0000000087d0f058}: 'int java.lang.invoke.DirectMethodHandle$Holder.invokeSpecial(java.lang.Object, java.lang.Object, java.lang.Object, java.lang.Object, java.lang.Object)'> (0x0000000087d0f058) thrown at [./src/hotspot/share/interpreter/linkResolver.cpp, line 773]
Event: 513.541 Thread 0x000002bfad184800 Exception <a 'sun/nio/fs/WindowsException'{0x0000000087db82b0}> (0x0000000087db82b0) thrown at [./src/hotspot/share/prims/jni.cpp, line 615]
Event: 514.489 Thread 0x000002bfad17f800 Exception <a 'java/lang/NoSuchMethodError'{0x000000008e08bf20}: 'void java.lang.invoke.DirectMethodHandle$Holder.invokeStatic(java.lang.Object, long)'> (0x000000008e08bf20) thrown at [./src/hotspot/share/interpreter/linkResolver.cpp, line 773]
Event: 514.489 Thread 0x000002bfad17f800 Exception <a 'java/lang/NoSuchMethodError'{0x000000008e091138}: 'java.lang.Object java.lang.invoke.DirectMethodHandle$Holder.invokeStatic(java.lang.Object, long)'> (0x000000008e091138) thrown at [./src/hotspot/share/interpreter/linkResolver.cpp, line 773]
Event: 514.505 Thread 0x000002bfad17f800 Exception <a 'java/lang/NoSuchMethodError'{0x000000008e09f4a0}: 'java.lang.Object java.lang.invoke.DirectMethodHandle$Holder.invokeStaticInit(java.lang.Object, java.lang.Object, long, java.lang.Object)'> (0x000000008e09f4a0) thrown at [./src/hotspot/share/interpreter/linkResolver.cpp, line 773]
Event: 514.505 Thread 0x000002bfad17f800 Exception <a 'java/lang/NoSuchMethodError'{0x000000008e0a5638}: 'java.lang.Object java.lang.invoke.DirectMethodHandle$Holder.invokeStatic(java.lang.Object, java.lang.Object, long)'> (0x000000008e0a5638) thrown at [./src/hotspot/share/interpreter/linkResolver.cpp, line 773]
Event: 514.519 Thread 0x000002bfad17f800 Exception <a 'java/lang/NoSuchMethodError'{0x000000008df00fc8}: 'java.lang.Object java.lang.invoke.Invokers$Holder.linkToTargetMethod(java.lang.Object, long, java.lang.Object)'> (0x000000008df00fc8) thrown at [./src/hotspot/share/interpreter/linkResolver.cpp, line 773]
Event: 514.660 Thread 0x000002bfad186800 Exception <a 'java/lang/NoSuchMethodError'{0x000000008dfcc930}: 'java.lang.Object java.lang.invoke.DirectMethodHandle$Holder.newInvokeSpecial(java.lang.Object, int)'> (0x000000008dfcc930) thrown at [./src/hotspot/share/interpreter/linkResolver.cpp, line 773]
Event: 516.124 Thread 0x000002bfad184800 Exception <a 'java/lang/NoSuchMethodError'{0x000000008e2dbaa8}: 'void java.lang.invoke.DirectMethodHandle$Holder.invokeStatic(java.lang.Object, java.lang.Object, java.lang.Object, int)'> (0x000000008e2dbaa8) thrown at [./src/hotspot/share/interpreter/linkResolver.cpp, line 773]
Event: 516.129 Thread 0x000002bfad184800 Exception <a 'java/lang/IncompatibleClassChangeError'{0x000000008e2e38e0}: Found class java.lang.Object, but interface was expected> (0x000000008e2e38e0) thrown at [./src/hotspot/share/interpreter/linkResolver.cpp, line 839]
Event: 516.357 Thread 0x000002bfad184800 Exception <a 'java/lang/NoSuchMethodError'{0x000000008dea01f8}: 'long java.lang.invoke.DirectMethodHandle$Holder.invokeStatic(java.lang.Object, java.lang.Object)'> (0x000000008dea01f8) thrown at [./src/hotspot/share/interpreter/linkResolver.cpp, line 773]
Event: 516.368 Thread 0x000002bfb1dcb000 Exception <a 'java/lang/NoSuchMethodError'{0x000000008dd51cd0}: 'void java.lang.invoke.DirectMethodHandle$Holder.invokeSpecial(java.lang.Object, java.lang.Object, int, java.lang.Object)'> (0x000000008dd51cd0) thrown at [./src/hotspot/share/interpreter/linkResolver.cpp, line 773]

Events (20 events):
Event: 516.381 Executing VM operation: RevokeBias done
Event: 516.382 Executing VM operation: RevokeBias
Event: 516.383 Executing coalesced safepoint VM operation: RevokeBias
Event: 516.383 Executing coalesced safepoint VM operation: RevokeBias done
Event: 516.383 Executing VM operation: RevokeBias done
Event: 516.383 Executing VM operation: RevokeBias
Event: 516.384 Executing coalesced safepoint VM operation: RevokeBias
Event: 516.384 Executing coalesced safepoint VM operation: RevokeBias done
Event: 516.384 Executing coalesced safepoint VM operation: RevokeBias
Event: 516.384 Executing coalesced safepoint VM operation: RevokeBias done
Event: 516.384 Executing coalesced safepoint VM operation: RevokeBias
Event: 516.384 Executing coalesced safepoint VM operation: RevokeBias done
Event: 516.384 Executing VM operation: RevokeBias done
Event: 516.386 Executing VM operation: RevokeBias
Event: 516.386 Executing VM operation: RevokeBias done
Event: 516.400 Executing VM operation: BulkRevokeBias
Event: 516.404 Executing coalesced safepoint VM operation: RevokeBias
Event: 516.404 Executing coalesced safepoint VM operation: RevokeBias done
Event: 516.404 Executing VM operation: BulkRevokeBias done
Event: 516.412 Executing VM operation: G1CollectForAllocation


Dynamic libraries:
0x00007ff718b90000 - 0x00007ff718b9a000 	C:\Program Files\Android\Android Studio\jre\bin\java.exe
0x00007ff905530000 - 0x00007ff905728000 	C:\WINDOWS\SYSTEM32\ntdll.dll
0x00007ff9053c0000 - 0x00007ff90547d000 	C:\WINDOWS\System32\KERNEL32.DLL
0x00007ff9032c0000 - 0x00007ff90358e000 	C:\WINDOWS\System32\KERNELBASE.dll
0x00007ff902f00000 - 0x00007ff903000000 	C:\WINDOWS\System32\ucrtbase.dll
0x00007ff8fd3c0000 - 0x00007ff8fd3d9000 	C:\Program Files\Android\Android Studio\jre\bin\jli.dll
0x00007ff903960000 - 0x00007ff903b00000 	C:\WINDOWS\System32\USER32.dll
0x00007ff903130000 - 0x00007ff903152000 	C:\WINDOWS\System32\win32u.dll
0x00007ff904a10000 - 0x00007ff904a3a000 	C:\WINDOWS\System32\GDI32.dll
0x00007ff902d70000 - 0x00007ff902e7b000 	C:\WINDOWS\System32\gdi32full.dll
0x00007ff903000000 - 0x00007ff90309d000 	C:\WINDOWS\System32\msvcp_win.dll
0x00007ff8fd3e0000 - 0x00007ff8fd3f7000 	C:\Program Files\Android\Android Studio\jre\bin\VCRUNTIME140.dll
0x00007ff8eb1d0000 - 0x00007ff8eb46a000 	C:\WINDOWS\WinSxS\amd64_microsoft.windows.common-controls_6595b64144ccf1df_6.0.19041.1110_none_60b5254171f9507e\COMCTL32.dll
0x00007ff904970000 - 0x00007ff904a0e000 	C:\WINDOWS\System32\msvcrt.dll
0x00007ff904b70000 - 0x00007ff904ba0000 	C:\WINDOWS\System32\IMM32.DLL
0x00007ff8f7fd0000 - 0x00007ff8f806d000 	C:\Program Files\Android\Android Studio\jre\bin\msvcp140.dll
0x00007ff89c750000 - 0x00007ff89d20c000 	C:\Program Files\Android\Android Studio\jre\bin\server\jvm.dll
0x00007ff903f20000 - 0x00007ff903fce000 	C:\WINDOWS\System32\ADVAPI32.dll
0x00007ff9038c0000 - 0x00007ff90395c000 	C:\WINDOWS\System32\sechost.dll
0x00007ff904a40000 - 0x00007ff904b65000 	C:\WINDOWS\System32\RPCRT4.dll
0x00007ff904770000 - 0x00007ff904778000 	C:\WINDOWS\System32\PSAPI.DLL
0x00007ff9013b0000 - 0x00007ff9013b9000 	C:\WINDOWS\SYSTEM32\WSOCK32.dll
0x00007ff905480000 - 0x00007ff9054eb000 	C:\WINDOWS\System32\WS2_32.dll
0x00007ff8edb40000 - 0x00007ff8edb67000 	C:\WINDOWS\SYSTEM32\WINMM.dll
0x00007ff8f5cc0000 - 0x00007ff8f5cca000 	C:\WINDOWS\SYSTEM32\VERSION.dll
0x00007ff901530000 - 0x00007ff901542000 	C:\WINDOWS\SYSTEM32\kernel.appcore.dll
0x00007ff8fce00000 - 0x00007ff8fce11000 	C:\Program Files\Android\Android Studio\jre\bin\verify.dll
0x00007ff900a00000 - 0x00007ff900be4000 	C:\WINDOWS\SYSTEM32\DBGHELP.DLL
0x00007ff8e6620000 - 0x00007ff8e664c000 	C:\WINDOWS\SYSTEM32\dbgcore.DLL
0x00007ff9030a0000 - 0x00007ff903122000 	C:\WINDOWS\System32\bcryptPrimitives.dll
0x00007ff8fa110000 - 0x00007ff8fa139000 	C:\Program Files\Android\Android Studio\jre\bin\java.dll
0x00007ff8fcdf0000 - 0x00007ff8fcdfb000 	C:\Program Files\Android\Android Studio\jre\bin\jimage.dll
0x00007ff8fa820000 - 0x00007ff8fa838000 	C:\Program Files\Android\Android Studio\jre\bin\zip.dll
0x00007ff904c70000 - 0x00007ff9053b4000 	C:\WINDOWS\System32\SHELL32.dll
0x00007ff900bf0000 - 0x00007ff901384000 	C:\WINDOWS\SYSTEM32\windows.storage.dll
0x00007ff903bc0000 - 0x00007ff903f14000 	C:\WINDOWS\System32\combase.dll
0x00007ff9026b0000 - 0x00007ff9026e0000 	C:\WINDOWS\SYSTEM32\Wldp.dll
0x00007ff903660000 - 0x00007ff90370d000 	C:\WINDOWS\System32\SHCORE.dll
0x00007ff903b00000 - 0x00007ff903b55000 	C:\WINDOWS\System32\shlwapi.dll
0x00007ff902b90000 - 0x00007ff902baf000 	C:\WINDOWS\SYSTEM32\profapi.dll
0x00007ff8f8320000 - 0x00007ff8f833a000 	C:\Program Files\Android\Android Studio\jre\bin\net.dll
0x00007ff8f89d0000 - 0x00007ff8f8ada000 	C:\WINDOWS\SYSTEM32\WINHTTP.dll
0x00007ff9023a0000 - 0x00007ff90240a000 	C:\WINDOWS\system32\mswsock.dll
0x00007ff8f82b0000 - 0x00007ff8f82c4000 	C:\Program Files\Android\Android Studio\jre\bin\nio.dll
0x00007ff8f8140000 - 0x00007ff8f8167000 	C:\Users\Admin\.android\native\fdc75f09e3144964f2cf3f50f0aa648679c211496f362492102eb8c894070792\windows-amd64\native-platform.dll
0x00007ff89f320000 - 0x00007ff89f4b6000 	C:\Users\Admin\.android\native\12488b8bf47d2d4c9fbf2f6322a914ad602e24e48041cd04a747c6da556b65c4\windows-amd64\native-platform-file-events.dll
0x00007ff8fca80000 - 0x00007ff8fca8a000 	C:\Program Files\Android\Android Studio\jre\bin\management.dll
0x00007ff8fa100000 - 0x00007ff8fa10c000 	C:\Program Files\Android\Android Studio\jre\bin\management_ext.dll
0x00007ff9025a0000 - 0x00007ff9025b8000 	C:\WINDOWS\SYSTEM32\CRYPTSP.dll
0x00007ff901cc0000 - 0x00007ff901cf4000 	C:\WINDOWS\system32\rsaenh.dll
0x00007ff902e80000 - 0x00007ff902ea7000 	C:\WINDOWS\System32\bcrypt.dll
0x00007ff902b10000 - 0x00007ff902b3e000 	C:\WINDOWS\SYSTEM32\USERENV.dll
0x00007ff902590000 - 0x00007ff90259c000 	C:\WINDOWS\SYSTEM32\CRYPTBASE.dll
0x00007ff902030000 - 0x00007ff90206b000 	C:\WINDOWS\SYSTEM32\IPHLPAPI.DLL
0x00007ff904140000 - 0x00007ff904148000 	C:\WINDOWS\System32\NSI.dll
0x00007ff8fb220000 - 0x00007ff8fb237000 	C:\WINDOWS\SYSTEM32\dhcpcsvc6.DLL
0x00007ff8fb0f0000 - 0x00007ff8fb10d000 	C:\WINDOWS\SYSTEM32\dhcpcsvc.DLL
0x00007ff902070000 - 0x00007ff90213b000 	C:\WINDOWS\SYSTEM32\DNSAPI.dll
0x00007ff8fb1a0000 - 0x00007ff8fb1ab000 	C:\WINDOWS\SYSTEM32\WINNSI.DLL

dbghelp: loaded successfully - version: 4.0.5 - missing functions: none
symbol engine: initialized successfully - sym options: 0x614 - pdb path: .;C:\Program Files\Android\Android Studio\jre\bin;C:\WINDOWS\SYSTEM32;C:\WINDOWS\WinSxS\amd64_microsoft.windows.common-controls_6595b64144ccf1df_6.0.19041.1110_none_60b5254171f9507e;C:\Program Files\Android\Android Studio\jre\bin\server;C:\Users\Admin\.android\native\fdc75f09e3144964f2cf3f50f0aa648679c211496f362492102eb8c894070792\windows-amd64;C:\Users\Admin\.android\native\12488b8bf47d2d4c9fbf2f6322a914ad602e24e48041cd04a747c6da556b65c4\windows-amd64

VM Arguments:
jvm_args: --add-opens=java.base/java.util=ALL-UNNAMED --add-opens=java.base/java.lang=ALL-UNNAMED --add-opens=java.base/java.lang.invoke=ALL-UNNAMED --add-opens=java.prefs/java.util.prefs=ALL-UNNAMED -Xmx2048m -Dfile.encoding=UTF-8 -Duser.country=VN -Duser.language=vi -Duser.variant 
java_command: org.gradle.launcher.daemon.bootstrap.GradleDaemon 6.7.1
java_class_path (initial): C:\Users\Admin\.android\wrapper\dists\gradle-6.7.1-bin\bwlcbys1h7rz3272sye1xwiv6\gradle-6.7.1\lib\gradle-launcher-6.7.1.jar
Launcher Type: SUN_STANDARD

[Global flags]
     intx CICompilerCount                          = 3                                         {product} {ergonomic}
     uint ConcGCThreads                            = 1                                         {product} {ergonomic}
     uint G1ConcRefinementThreads                  = 4                                         {product} {ergonomic}
   size_t G1HeapRegionSize                         = 1048576                                   {product} {ergonomic}
    uintx GCDrainStackTargetSize                   = 64                                        {product} {ergonomic}
   size_t InitialHeapSize                          = 134217728                                 {product} {ergonomic}
   size_t MarkStackSize                            = 4194304                                   {product} {ergonomic}
   size_t MaxHeapSize                              = 2147483648                                {product} {command line}
   size_t MaxNewSize                               = 1287651328                                {product} {ergonomic}
   size_t MinHeapDeltaBytes                        = 1048576                                   {product} {ergonomic}
    uintx NonNMethodCodeHeapSize                   = 5830732                                {pd product} {ergonomic}
    uintx NonProfiledCodeHeapSize                  = 122913754                              {pd product} {ergonomic}
    uintx ProfiledCodeHeapSize                     = 122913754                              {pd product} {ergonomic}
    uintx ReservedCodeCacheSize                    = 251658240                              {pd product} {ergonomic}
     bool SegmentedCodeCache                       = true                                      {product} {ergonomic}
     bool UseCompressedClassPointers               = true                                 {lp64_product} {ergonomic}
     bool UseCompressedOops                        = true                                 {lp64_product} {ergonomic}
     bool UseG1GC                                  = true                                      {product} {ergonomic}
     bool UseLargePagesIndividualAllocation        = false                                  {pd product} {ergonomic}

Logging:
Log output configuration:
 #0: stdout all=warning uptime,level,tags
 #1: stderr all=off uptime,level,tags

Environment Variables:
PATH=C:\Program Files (x86)\Common Files\Oracle\Java\javapath;C:\WINDOWS\system32;C:\WINDOWS;C:\WINDOWS\System32\Wbem;C:\WINDOWS\System32\WindowsPowerShell\v1.0\;C:\WINDOWS\System32\OpenSSH\;C:\Program Files\Java\jdk1.8.0_271\bin;C:\Program Files\Microsoft SQL Server\Client SDK\ODBC\170\Tools\Binn\;C:\Program Files (x86)\Microsoft SQL Server\150\Tools\Binn\;C:\Program Files\Microsoft SQL Server\150\Tools\Binn\;C:\Program Files\Microsoft SQL Server\150\DTS\Binn\;C:\Program Files\Azure Data Studio\bin;C:\Program Files\Git\cmd;C:\Program Files\nodejs\;C:\Program Files\Cloudflare\Cloudflare WARP\;C:\Users\Admin\AppData\Local\Microsoft\WindowsApps;;C:\Users\Admin\AppData\Local\Programs\Microsoft VS Code\bin;C:\Program Files\Azure Data Studio\bin;C:\Program Files\JetBrains\IntelliJ IDEA 2020.3.3\bin;;C:\Users\Admin\AppData\Roaming\npm;C:\Users\Admin\AppData\Local\Programs\mongosh\
USERNAME=Admin
OS=Windows_NT
PROCESSOR_IDENTIFIER=Intel64 Family 6 Model 78 Stepping 3, GenuineIntel



---------------  S Y S T E M  ---------------

OS: Windows 10 , 64 bit Build 19041 (10.0.19041.1806)
OS uptime: 5 days 0:52 hours

CPU:total 4 (initial active 4) (2 cores per cpu, 2 threads per core) family 6 model 78 stepping 3, cmov, cx8, fxsr, mmx, sse, sse2, sse3, ssse3, sse4.1, sse4.2, popcnt, avx, avx2, aes, clmul, erms, rtm, 3dnowpref, lzcnt, ht, tsc, tscinvbit, bmi1, bmi2, adx, fma

Memory: 4k page, system-wide physical 8074M (58M free)
TotalPageFile size 26022M (AvailPageFile size 70M)
current process WorkingSet (physical memory assigned to process): 401M, peak: 402M
current process commit charge ("private bytes"): 556M, peak: 786M

vm_info: OpenJDK 64-Bit Server VM (11.0.8+10-b944.6842174) for windows-amd64 JRE (11.0.8+10-b944.6842174), built on Sep 19 2020 01:11:42 by "builder" with MS VC++ 14.0 (VS2015)

END.
