#
# There is insufficient memory for the Java Runtime Environment to continue.
# Native memory allocation (mmap) failed to map 119537664 bytes for Failed to commit area from 0x000000008cd00000 to 0x0000000093f00000 of length 119537664.
# Possible reasons:
#   The system is out of physical RAM or swap space
#   The process is running with CompressedOops enabled, and the Java Heap may be blocking the growth of the native heap
# Possible solutions:
#   Reduce memory load on the system
#   Increase physical memory or swap space
#   Check if swap backing store is full
#   Decrease Java heap size (-Xmx/-Xms)
#   Decrease number of Java threads
#   Decrease Java thread stack sizes (-Xss)
#   Set larger code cache with -XX:ReservedCodeCacheSize=
#   JVM is running with Unscaled Compressed Oops mode in which the Java heap is
#     placed in the first 4GB address space. The Java Heap base address is the
#     maximum limit for the native heap growth. Please use -XX:HeapBaseMinAddress
#     to set the Java Heap base and to place the Java Heap above 4GB virtual address.
# This output file may be truncated or incomplete.
#
#  Out of Memory Error (./src/hotspot/os/windows/os_windows.cpp:3303), pid=20968, tid=21064
#
# JRE version: OpenJDK Runtime Environment (11.0.8+10) (build 11.0.8+10-b944.6842174)
# Java VM: OpenJDK 64-Bit Server VM (11.0.8+10-b944.6842174, mixed mode, tiered, compressed oops, g1 gc, windows-amd64)
# No core dump will be written. Minidumps are not enabled by default on client versions of Windows
#

---------------  S U M M A R Y ------------

Command Line: --add-opens=java.base/java.util=ALL-UNNAMED --add-opens=java.base/java.lang=ALL-UNNAMED --add-opens=java.base/java.lang.invoke=ALL-UNNAMED --add-opens=java.prefs/java.util.prefs=ALL-UNNAMED -Xmx2048m -Dfile.encoding=UTF-8 -Duser.country=VN -Duser.language=vi -Duser.variant org.gradle.launcher.daemon.bootstrap.GradleDaemon 6.7.1

Host: Intel(R) Core(TM) i7-6600U CPU @ 2.60GHz, 4 cores, 7G,  Windows 10 , 64 bit Build 19041 (10.0.19041.1806)
Time: Thu Jul 21 16:55:09 2022 SE Asia Standard Time elapsed time: 41 seconds (0d 0h 0m 41s)

---------------  T H R E A D  ---------------

Current thread (0x0000023aee786800):  VMThread "VM Thread" [stack: 0x0000003bba200000,0x0000003bba300000] [id=21064]

Stack: [0x0000003bba200000,0x0000003bba300000]
[error occurred during error reporting (printing stack bounds), id 0xc0000005, EXCEPTION_ACCESS_VIOLATION (0xc0000005) at pc=0x0000023ad7f20dad]

Native frames: (J=compiled Java code, j=interpreted, Vv=VM code, C=native code)
V  [jvm.dll+0x5de50a]
V  [jvm.dll+0x7122f5]
V  [jvm.dll+0x71384d]
V  [jvm.dll+0x713e65]
V  [jvm.dll+0x713e1b]
V  [jvm.dll+0x5dd958]
V  [jvm.dll+0x5de0f8]
C  [ntdll.dll+0xa229f]
C  [ntdll.dll+0x51454]
C  [ntdll.dll+0xa0dce]
C  0x0000023ad7f20dad

VM_Operation (0x0000003bc35fd2a0): G1CollectForAllocation, mode: safepoint, requested by thread 0x0000023af1c72000


---------------  P R O C E S S  ---------------

Threads class SMR info:
_java_thread_list=0x0000023af7b65a40, length=150, elements={
0x0000023ad459a800, 0x0000023aee78d000, 0x0000023aee78e800, 0x0000023aee7a8000,
0x0000023aee7bb000, 0x0000023aee7bc800, 0x0000023aee7c5800, 0x0000023aee7c9000,
0x0000023aef28c800, 0x0000023aef289800, 0x0000023aef28a800, 0x0000023aef28b000,
0x0000023aef28c000, 0x0000023aef287000, 0x0000023aef28d800, 0x0000023aef288000,
0x0000023aef288800, 0x0000023af0b68000, 0x0000023af0b67800, 0x0000023af0b69000,
0x0000023af0b65800, 0x0000023af0b6a000, 0x0000023af0b64000, 0x0000023af0b6a800,
0x0000023af0b66800, 0x0000023af0b65000, 0x0000023af0b70800, 0x0000023af0b6c000,
0x0000023af0b6e800, 0x0000023af0b71000, 0x0000023af0b72000, 0x0000023af0b6f800,
0x0000023af0b72800, 0x0000023af0b6e000, 0x0000023af0b6d000, 0x0000023af1dd4000,
0x0000023af1dd3800, 0x0000023af1dd7800, 0x0000023af1dd8000, 0x0000023af1dd2800,
0x0000023af1dd5800, 0x0000023af1dda800, 0x0000023af1dd6800, 0x0000023af1dd5000,
0x0000023af1ddb800, 0x0000023af1ddc000, 0x0000023af1dda000, 0x0000023af1ddd000,
0x0000023af1dde800, 0x0000023af1dd9000, 0x0000023af1de0800, 0x0000023af1dde000,
0x0000023af1ddf800, 0x0000023af1de1000, 0x0000023af18fb000, 0x0000023af18fd000,
0x0000023af18f9800, 0x0000023af18fa800, 0x0000023af18f8800, 0x0000023af18fc000,
0x0000023af18f8000, 0x0000023af18f7000, 0x0000023af1902800, 0x0000023af1903800,
0x0000023af18fe800, 0x0000023af1900000, 0x0000023af18ff000, 0x0000023af1901000,
0x0000023af18fd800, 0x0000023af1905000, 0x0000023af1905800, 0x0000023af1901800,
0x0000023af1904000, 0x0000023aef4df000, 0x0000023aef4e0000, 0x0000023aef4e0800,
0x0000023aef4db000, 0x0000023aef4dc800, 0x0000023aef4e1800, 0x0000023aef4de000,
0x0000023aef4dc000, 0x0000023aef4e2800, 0x0000023aef4e3000, 0x0000023aef4dd800,
0x0000023aef4e9800, 0x0000023aef4e4000, 0x0000023aef4e5800, 0x0000023aef4e4800,
0x0000023aef4e7000, 0x0000023aef4e6800, 0x0000023aef4e8000, 0x0000023aef4e9000,
0x0000023af1d22000, 0x0000023af1d1d000, 0x0000023af1d1c800, 0x0000023af1d1e800,
0x0000023af1d23000, 0x0000023af1d1f800, 0x0000023af1d21000, 0x0000023af1d20800,
0x0000023af1d23800, 0x0000023af1d1e000, 0x0000023af1d24800, 0x0000023af1d25800,
0x0000023af1d27800, 0x0000023af1d27000, 0x0000023af1d2b000, 0x0000023af1d26000,
0x0000023af1d28800, 0x0000023af1d29800, 0x0000023af1d2a000, 0x0000023af3993000,
0x0000023af3990800, 0x0000023af3994000, 0x0000023af3991800, 0x0000023af398e000,
0x0000023af3992800, 0x0000023af3994800, 0x0000023af398f000, 0x0000023af3995800,
0x0000023af3990000, 0x0000023af3999800, 0x0000023af3996800, 0x0000023af399d000,
0x0000023af399a800, 0x0000023af399b800, 0x0000023af3998000, 0x0000023af399c000,
0x0000023af3999000, 0x0000023af3997000, 0x0000023af1c6a800, 0x0000023af1c6b800,
0x0000023af1c6c800, 0x0000023af1c6d000, 0x0000023af1c6e000, 0x0000023af1c6a000,
0x0000023af1c68800, 0x0000023af1c6f000, 0x0000023af1c69000, 0x0000023af1c71000,
0x0000023af1c6f800, 0x0000023af1c72000, 0x0000023af1c70800, 0x0000023af1c73000,
0x0000023af1c76000, 0x0000023af1c75800, 0x0000023af1c73800, 0x0000023af1c74800,
0x0000023af1c77000, 0x0000023af58da000
}

Java Threads: ( => current thread )
  0x0000023ad459a800 JavaThread "main" [_thread_blocked, id=21708, stack(0x0000003bb9c00000,0x0000003bb9d00000)]
  0x0000023aee78d000 JavaThread "Reference Handler" daemon [_thread_blocked, id=22220, stack(0x0000003bba300000,0x0000003bba400000)]
  0x0000023aee78e800 JavaThread "Finalizer" daemon [_thread_blocked, id=22464, stack(0x0000003bba400000,0x0000003bba500000)]
  0x0000023aee7a8000 JavaThread "Signal Dispatcher" daemon [_thread_blocked, id=21820, stack(0x0000003bba500000,0x0000003bba600000)]
  0x0000023aee7bb000 JavaThread "Attach Listener" daemon [_thread_blocked, id=21788, stack(0x0000003bba600000,0x0000003bba700000)]
  0x0000023aee7bc800 JavaThread "C2 CompilerThread0" daemon [_thread_blocked, id=21836, stack(0x0000003bba700000,0x0000003bba800000)]
  0x0000023aee7c5800 JavaThread "C1 CompilerThread0" daemon [_thread_blocked, id=18988, stack(0x0000003bba800000,0x0000003bba900000)]
  0x0000023aee7c9000 JavaThread "Sweeper thread" daemon [_thread_blocked, id=19868, stack(0x0000003bba900000,0x0000003bbaa00000)]
  0x0000023aef28c800 JavaThread "Common-Cleaner" daemon [_thread_blocked, id=20800, stack(0x0000003bbaa00000,0x0000003bbab00000)]
  0x0000023aef289800 JavaThread "Service Thread" daemon [_thread_blocked, id=20436, stack(0x0000003bbab00000,0x0000003bbac00000)]
  0x0000023aef28a800 JavaThread "Daemon health stats" [_thread_blocked, id=20904, stack(0x0000003bbaf00000,0x0000003bbb000000)]
  0x0000023aef28b000 JavaThread "Incoming local TCP Connector on port 64163" [_thread_in_native, id=21248, stack(0x0000003bbb200000,0x0000003bbb300000)]
  0x0000023aef28c000 JavaThread "Daemon periodic checks" [_thread_blocked, id=852, stack(0x0000003bbb300000,0x0000003bbb400000)]
  0x0000023aef287000 JavaThread "Daemon" [_thread_blocked, id=2216, stack(0x0000003bbb400000,0x0000003bbb500000)]
  0x0000023aef28d800 JavaThread "Handler for socket connection from /127.0.0.1:64163 to /127.0.0.1:64164" [_thread_in_native, id=20568, stack(0x0000003bbb500000,0x0000003bbb600000)]
  0x0000023aef288000 JavaThread "Cancel handler" [_thread_blocked, id=20868, stack(0x0000003bbb600000,0x0000003bbb700000)]
  0x0000023aef288800 JavaThread "Daemon worker" [_thread_blocked, id=20572, stack(0x0000003bbb700000,0x0000003bbb800000)]
  0x0000023af0b68000 JavaThread "Asynchronous log dispatcher for DefaultDaemonConnection: socket connection from /127.0.0.1:64163 to /127.0.0.1:64164" [_thread_blocked, id=20672, stack(0x0000003bbb800000,0x0000003bbb900000)]
  0x0000023af0b67800 JavaThread "Stdin handler" [_thread_blocked, id=14940, stack(0x0000003bbb900000,0x0000003bbba00000)]
  0x0000023af0b69000 JavaThread "Thread-8" [_thread_blocked, id=21264, stack(0x0000003bbba00000,0x0000003bbbb00000)]
  0x0000023af0b65800 JavaThread "Cache worker for file hash cache (C:\Users\Admin\.android\caches\6.7.1\fileHashes)" [_thread_blocked, id=10780, stack(0x0000003bbbc00000,0x0000003bbbd00000)]
  0x0000023af0b6a000 JavaThread "File lock request listener" [_thread_in_native, id=20924, stack(0x0000003bbbd00000,0x0000003bbbe00000)]
  0x0000023af0b64000 JavaThread "Cache worker for journal cache (C:\Users\Admin\.android\caches\journal-1)" [_thread_blocked, id=21232, stack(0x0000003bbbe00000,0x0000003bbbf00000)]
  0x0000023af0b6a800 JavaThread "Cache worker for file hash cache (C:\Users\Admin\AndroidStudioProjects\ASM_AnhdroidNetworking\.gradle\6.7.1\fileHashes)" [_thread_blocked, id=21696, stack(0x0000003bbbf00000,0x0000003bbc000000)]
  0x0000023af0b66800 JavaThread "Cache worker for checksums cache (C:\Users\Admin\AndroidStudioProjects\ASM_AnhdroidNetworking\.gradle\checksums)" [_thread_blocked, id=21940, stack(0x0000003bbc000000,0x0000003bbc100000)]
  0x0000023af0b65000 JavaThread "Cache worker for cache directory md-supplier (C:\Users\Admin\.android\caches\6.7.1\md-supplier)" [_thread_blocked, id=21824, stack(0x0000003bbc100000,0x0000003bbc200000)]
  0x0000023af0b70800 JavaThread "Cache worker for cache directory md-rule (C:\Users\Admin\.android\caches\6.7.1\md-rule)" [_thread_blocked, id=22244, stack(0x0000003bbc200000,0x0000003bbc300000)]
  0x0000023af0b6c000 JavaThread "Cache worker for execution history cache (C:\Users\Admin\.android\caches\6.7.1\executionHistory)" [_thread_blocked, id=22256, stack(0x0000003bbc300000,0x0000003bbc400000)]
  0x0000023af0b6e800 JavaThread "jar transforms" [_thread_blocked, id=21900, stack(0x0000003bbc400000,0x0000003bbc500000)]
  0x0000023af0b71000 JavaThread "Cache worker for file content cache (C:\Users\Admin\.android\caches\6.7.1\fileContent)" [_thread_blocked, id=21916, stack(0x0000003bbc500000,0x0000003bbc600000)]
  0x0000023af0b72000 JavaThread "Cache worker for Build Output Cleanup Cache (C:\Users\Admin\AndroidStudioProjects\ASM_AnhdroidNetworking\.gradle\buildOutputCleanup)" [_thread_blocked, id=10148, stack(0x0000003bbc600000,0x0000003bbc700000)]
  0x0000023af0b6f800 JavaThread "Build operations" [_thread_blocked, id=21980, stack(0x0000003bbc700000,0x0000003bbc800000)]
  0x0000023af0b72800 JavaThread "Build operations Thread 2" [_thread_blocked, id=22036, stack(0x0000003bbc800000,0x0000003bbc900000)]
  0x0000023af0b6e000 JavaThread "Build operations Thread 3" [_thread_blocked, id=22048, stack(0x0000003bbc900000,0x0000003bbca00000)]
  0x0000023af0b6d000 JavaThread "Build operations Thread 4" [_thread_blocked, id=8268, stack(0x0000003bbca00000,0x0000003bbcb00000)]
  0x0000023af1dd4000 JavaThread "jar transforms Thread 2" [_thread_blocked, id=22148, stack(0x0000003bbcb00000,0x0000003bbcc00000)]
  0x0000023af1dd3800 JavaThread "jar transforms Thread 3" [_thread_blocked, id=22092, stack(0x0000003bbcc00000,0x0000003bbcd00000)]
  0x0000023af1dd7800 JavaThread "jar transforms Thread 4" [_thread_blocked, id=22156, stack(0x0000003bbcd00000,0x0000003bbce00000)]
  0x0000023af1dd8000 JavaThread "jar transforms Thread 5" [_thread_blocked, id=22172, stack(0x0000003bbce00000,0x0000003bbcf00000)]
  0x0000023af1dd2800 JavaThread "jar transforms Thread 6" [_thread_blocked, id=22152, stack(0x0000003bbcf00000,0x0000003bbd000000)]
  0x0000023af1dd5800 JavaThread "jar transforms Thread 7" [_thread_blocked, id=22124, stack(0x0000003bbd000000,0x0000003bbd100000)]
  0x0000023af1dda800 JavaThread "jar transforms Thread 8" [_thread_blocked, id=22064, stack(0x0000003bbd100000,0x0000003bbd200000)]
  0x0000023af1dd6800 JavaThread "jar transforms Thread 9" [_thread_blocked, id=22004, stack(0x0000003bbd200000,0x0000003bbd300000)]
  0x0000023af1dd5000 JavaThread "jar transforms Thread 10" [_thread_blocked, id=22084, stack(0x0000003bbd300000,0x0000003bbd400000)]
  0x0000023af1ddb800 JavaThread "jar transforms Thread 11" [_thread_blocked, id=22088, stack(0x0000003bbd400000,0x0000003bbd500000)]
  0x0000023af1ddc000 JavaThread "jar transforms Thread 12" [_thread_blocked, id=22008, stack(0x0000003bbd500000,0x0000003bbd600000)]
  0x0000023af1dda000 JavaThread "jar transforms Thread 13" [_thread_blocked, id=22020, stack(0x0000003bbd600000,0x0000003bbd700000)]
  0x0000023af1ddd000 JavaThread "jar transforms Thread 14" [_thread_blocked, id=20772, stack(0x0000003bbd700000,0x0000003bbd800000)]
  0x0000023af1dde800 JavaThread "jar transforms Thread 15" [_thread_blocked, id=22012, stack(0x0000003bbd800000,0x0000003bbd900000)]
  0x0000023af1dd9000 JavaThread "jar transforms Thread 16" [_thread_blocked, id=21932, stack(0x0000003bbd900000,0x0000003bbda00000)]
  0x0000023af1de0800 JavaThread "jar transforms Thread 17" [_thread_blocked, id=22080, stack(0x0000003bbda00000,0x0000003bbdb00000)]
  0x0000023af1dde000 JavaThread "jar transforms Thread 18" [_thread_blocked, id=21908, stack(0x0000003bbdb00000,0x0000003bbdc00000)]
  0x0000023af1ddf800 JavaThread "jar transforms Thread 19" [_thread_blocked, id=22016, stack(0x0000003bbdc00000,0x0000003bbdd00000)]
  0x0000023af1de1000 JavaThread "jar transforms Thread 20" [_thread_blocked, id=21968, stack(0x0000003bbdd00000,0x0000003bbde00000)]
  0x0000023af18fb000 JavaThread "jar transforms Thread 21" [_thread_blocked, id=22044, stack(0x0000003bbde00000,0x0000003bbdf00000)]
  0x0000023af18fd000 JavaThread "jar transforms Thread 22" [_thread_blocked, id=21972, stack(0x0000003bbdf00000,0x0000003bbe000000)]
  0x0000023af18f9800 JavaThread "jar transforms Thread 23" [_thread_blocked, id=21964, stack(0x0000003bbe000000,0x0000003bbe100000)]
  0x0000023af18fa800 JavaThread "jar transforms Thread 24" [_thread_blocked, id=21924, stack(0x0000003bbe100000,0x0000003bbe200000)]
  0x0000023af18f8800 JavaThread "jar transforms Thread 25" [_thread_blocked, id=21892, stack(0x0000003bbe200000,0x0000003bbe300000)]
  0x0000023af18fc000 JavaThread "jar transforms Thread 26" [_thread_blocked, id=21888, stack(0x0000003bbe300000,0x0000003bbe400000)]
  0x0000023af18f8000 JavaThread "jar transforms Thread 27" [_thread_blocked, id=22128, stack(0x0000003bbe400000,0x0000003bbe500000)]
  0x0000023af18f7000 JavaThread "jar transforms Thread 28" [_thread_blocked, id=22096, stack(0x0000003bbe500000,0x0000003bbe600000)]
  0x0000023af1902800 JavaThread "jar transforms Thread 29" [_thread_blocked, id=22160, stack(0x0000003bbe600000,0x0000003bbe700000)]
  0x0000023af1903800 JavaThread "jar transforms Thread 30" [_thread_blocked, id=21976, stack(0x0000003bbe700000,0x0000003bbe800000)]
  0x0000023af18fe800 JavaThread "jar transforms Thread 31" [_thread_blocked, id=22472, stack(0x0000003bbe800000,0x0000003bbe900000)]
  0x0000023af1900000 JavaThread "jar transforms Thread 32" [_thread_blocked, id=22224, stack(0x0000003bbe900000,0x0000003bbea00000)]
  0x0000023af18ff000 JavaThread "jar transforms Thread 33" [_thread_blocked, id=21288, stack(0x0000003bbea00000,0x0000003bbeb00000)]
  0x0000023af1901000 JavaThread "jar transforms Thread 34" [_thread_blocked, id=21336, stack(0x0000003bbeb00000,0x0000003bbec00000)]
  0x0000023af18fd800 JavaThread "jar transforms Thread 35" [_thread_blocked, id=21308, stack(0x0000003bbec00000,0x0000003bbed00000)]
  0x0000023af1905000 JavaThread "jar transforms Thread 36" [_thread_blocked, id=21312, stack(0x0000003bbed00000,0x0000003bbee00000)]
  0x0000023af1905800 JavaThread "jar transforms Thread 37" [_thread_blocked, id=21224, stack(0x0000003bbee00000,0x0000003bbef00000)]
  0x0000023af1901800 JavaThread "jar transforms Thread 38" [_thread_blocked, id=21200, stack(0x0000003bbef00000,0x0000003bbf000000)]
  0x0000023af1904000 JavaThread "jar transforms Thread 39" [_thread_blocked, id=21292, stack(0x0000003bbf000000,0x0000003bbf100000)]
  0x0000023aef4df000 JavaThread "jar transforms Thread 40" [_thread_blocked, id=21304, stack(0x0000003bbf100000,0x0000003bbf200000)]
  0x0000023aef4e0000 JavaThread "jar transforms Thread 41" [_thread_blocked, id=21220, stack(0x0000003bbf200000,0x0000003bbf300000)]
  0x0000023aef4e0800 JavaThread "jar transforms Thread 42" [_thread_blocked, id=21196, stack(0x0000003bbf300000,0x0000003bbf400000)]
  0x0000023aef4db000 JavaThread "jar transforms Thread 43" [_thread_blocked, id=21868, stack(0x0000003bbf400000,0x0000003bbf500000)]
  0x0000023aef4dc800 JavaThread "jar transforms Thread 44" [_thread_blocked, id=20028, stack(0x0000003bbf500000,0x0000003bbf600000)]
  0x0000023aef4e1800 JavaThread "jar transforms Thread 45" [_thread_blocked, id=17880, stack(0x0000003bbf600000,0x0000003bbf700000)]
  0x0000023aef4de000 JavaThread "jar transforms Thread 46" [_thread_blocked, id=20648, stack(0x0000003bbf700000,0x0000003bbf800000)]
  0x0000023aef4dc000 JavaThread "jar transforms Thread 47" [_thread_blocked, id=20656, stack(0x0000003bbf800000,0x0000003bbf900000)]
  0x0000023aef4e2800 JavaThread "jar transforms Thread 48" [_thread_blocked, id=20652, stack(0x0000003bbf900000,0x0000003bbfa00000)]
  0x0000023aef4e3000 JavaThread "jar transforms Thread 49" [_thread_blocked, id=22112, stack(0x0000003bbfa00000,0x0000003bbfb00000)]
  0x0000023aef4dd800 JavaThread "jar transforms Thread 50" [_thread_blocked, id=17900, stack(0x0000003bbfb00000,0x0000003bbfc00000)]
  0x0000023aef4e9800 JavaThread "jar transforms Thread 51" [_thread_blocked, id=10488, stack(0x0000003bbfc00000,0x0000003bbfd00000)]
  0x0000023aef4e4000 JavaThread "jar transforms Thread 52" [_thread_blocked, id=20232, stack(0x0000003bbfd00000,0x0000003bbfe00000)]
  0x0000023aef4e5800 JavaThread "jar transforms Thread 53" [_thread_blocked, id=12524, stack(0x0000003bbfe00000,0x0000003bbff00000)]
  0x0000023aef4e4800 JavaThread "jar transforms Thread 54" [_thread_blocked, id=22140, stack(0x0000003bbff00000,0x0000003bc0000000)]
  0x0000023aef4e7000 JavaThread "jar transforms Thread 55" [_thread_blocked, id=5352, stack(0x0000003bc0000000,0x0000003bc0100000)]
  0x0000023aef4e6800 JavaThread "jar transforms Thread 56" [_thread_blocked, id=20852, stack(0x0000003bc0100000,0x0000003bc0200000)]
  0x0000023aef4e8000 JavaThread "jar transforms Thread 57" [_thread_blocked, id=20828, stack(0x0000003bc0200000,0x0000003bc0300000)]
  0x0000023aef4e9000 JavaThread "jar transforms Thread 58" [_thread_blocked, id=8004, stack(0x0000003bc0300000,0x0000003bc0400000)]
  0x0000023af1d22000 JavaThread "jar transforms Thread 59" [_thread_blocked, id=984, stack(0x0000003bc0400000,0x0000003bc0500000)]
  0x0000023af1d1d000 JavaThread "jar transforms Thread 60" [_thread_blocked, id=18080, stack(0x0000003bc0500000,0x0000003bc0600000)]
  0x0000023af1d1c800 JavaThread "jar transforms Thread 61" [_thread_blocked, id=22052, stack(0x0000003bc0600000,0x0000003bc0700000)]
  0x0000023af1d1e800 JavaThread "jar transforms Thread 62" [_thread_blocked, id=21764, stack(0x0000003bc0700000,0x0000003bc0800000)]
  0x0000023af1d23000 JavaThread "jar transforms Thread 63" [_thread_blocked, id=22208, stack(0x0000003bc0800000,0x0000003bc0900000)]
  0x0000023af1d1f800 JavaThread "jar transforms Thread 64" [_thread_blocked, id=22192, stack(0x0000003bc0900000,0x0000003bc0a00000)]
  0x0000023af1d21000 JavaThread "jar transforms Thread 65" [_thread_blocked, id=2912, stack(0x0000003bc0a00000,0x0000003bc0b00000)]
  0x0000023af1d20800 JavaThread "jar transforms Thread 66" [_thread_blocked, id=22116, stack(0x0000003bc0b00000,0x0000003bc0c00000)]
  0x0000023af1d23800 JavaThread "jar transforms Thread 67" [_thread_blocked, id=19304, stack(0x0000003bc0c00000,0x0000003bc0d00000)]
  0x0000023af1d1e000 JavaThread "jar transforms Thread 68" [_thread_blocked, id=16912, stack(0x0000003bc0d00000,0x0000003bc0e00000)]
  0x0000023af1d24800 JavaThread "jar transforms Thread 69" [_thread_blocked, id=8956, stack(0x0000003bc0e00000,0x0000003bc0f00000)]
  0x0000023af1d25800 JavaThread "jar transforms Thread 70" [_thread_blocked, id=9452, stack(0x0000003bc0f00000,0x0000003bc1000000)]
  0x0000023af1d27800 JavaThread "jar transforms Thread 71" [_thread_blocked, id=22132, stack(0x0000003bc1000000,0x0000003bc1100000)]
  0x0000023af1d27000 JavaThread "jar transforms Thread 72" [_thread_blocked, id=21120, stack(0x0000003bc1100000,0x0000003bc1200000)]
  0x0000023af1d2b000 JavaThread "jar transforms Thread 73" [_thread_blocked, id=20180, stack(0x0000003bc1200000,0x0000003bc1300000)]
  0x0000023af1d26000 JavaThread "jar transforms Thread 74" [_thread_blocked, id=20776, stack(0x0000003bc1300000,0x0000003bc1400000)]
  0x0000023af1d28800 JavaThread "jar transforms Thread 75" [_thread_blocked, id=19660, stack(0x0000003bc1400000,0x0000003bc1500000)]
  0x0000023af1d29800 JavaThread "jar transforms Thread 76" [_thread_blocked, id=19560, stack(0x0000003bc1500000,0x0000003bc1600000)]
  0x0000023af1d2a000 JavaThread "jar transforms Thread 77" [_thread_blocked, id=21952, stack(0x0000003bc1600000,0x0000003bc1700000)]
  0x0000023af3993000 JavaThread "jar transforms Thread 78" [_thread_blocked, id=22136, stack(0x0000003bc1700000,0x0000003bc1800000)]
  0x0000023af3990800 JavaThread "jar transforms Thread 79" [_thread_blocked, id=22296, stack(0x0000003bc1800000,0x0000003bc1900000)]
  0x0000023af3994000 JavaThread "jar transforms Thread 80" [_thread_blocked, id=11532, stack(0x0000003bc1900000,0x0000003bc1a00000)]
  0x0000023af3991800 JavaThread "jar transforms Thread 81" [_thread_blocked, id=22180, stack(0x0000003bc1a00000,0x0000003bc1b00000)]
  0x0000023af398e000 JavaThread "jar transforms Thread 82" [_thread_blocked, id=22312, stack(0x0000003bc1b00000,0x0000003bc1c00000)]
  0x0000023af3992800 JavaThread "jar transforms Thread 83" [_thread_blocked, id=14872, stack(0x0000003bc1c00000,0x0000003bc1d00000)]
  0x0000023af3994800 JavaThread "jar transforms Thread 84" [_thread_blocked, id=19796, stack(0x0000003bc1d00000,0x0000003bc1e00000)]
  0x0000023af398f000 JavaThread "jar transforms Thread 85" [_thread_blocked, id=22280, stack(0x0000003bc1e00000,0x0000003bc1f00000)]
  0x0000023af3995800 JavaThread "jar transforms Thread 86" [_thread_blocked, id=21412, stack(0x0000003bc1f00000,0x0000003bc2000000)]
  0x0000023af3990000 JavaThread "jar transforms Thread 87" [_thread_blocked, id=6856, stack(0x0000003bc2000000,0x0000003bc2100000)]
  0x0000023af3999800 JavaThread "jar transforms Thread 88" [_thread_blocked, id=22184, stack(0x0000003bc2100000,0x0000003bc2200000)]
  0x0000023af3996800 JavaThread "jar transforms Thread 89" [_thread_blocked, id=16048, stack(0x0000003bc2200000,0x0000003bc2300000)]
  0x0000023af399d000 JavaThread "jar transforms Thread 90" [_thread_blocked, id=20996, stack(0x0000003bc2300000,0x0000003bc2400000)]
  0x0000023af399a800 JavaThread "jar transforms Thread 91" [_thread_blocked, id=20784, stack(0x0000003bc2400000,0x0000003bc2500000)]
  0x0000023af399b800 JavaThread "jar transforms Thread 92" [_thread_blocked, id=22232, stack(0x0000003bc2500000,0x0000003bc2600000)]
  0x0000023af3998000 JavaThread "jar transforms Thread 93" [_thread_blocked, id=22228, stack(0x0000003bc2600000,0x0000003bc2700000)]
  0x0000023af399c000 JavaThread "jar transforms Thread 94" [_thread_blocked, id=21992, stack(0x0000003bc2700000,0x0000003bc2800000)]
  0x0000023af3999000 JavaThread "jar transforms Thread 95" [_thread_blocked, id=22316, stack(0x0000003bc2800000,0x0000003bc2900000)]
  0x0000023af3997000 JavaThread "jar transforms Thread 96" [_thread_blocked, id=15864, stack(0x0000003bc2900000,0x0000003bc2a00000)]
  0x0000023af1c6a800 JavaThread "jar transforms Thread 97" [_thread_blocked, id=7356, stack(0x0000003bc2a00000,0x0000003bc2b00000)]
  0x0000023af1c6b800 JavaThread "Memory manager" [_thread_blocked, id=22512, stack(0x0000003bc2b00000,0x0000003bc2c00000)]
  0x0000023af1c6c800 JavaThread "build event listener" [_thread_blocked, id=21848, stack(0x0000003bc2c00000,0x0000003bc2d00000)]
  0x0000023af1c6d000 JavaThread "pool-3-thread-1" [_thread_blocked, id=22372, stack(0x0000003bc2d00000,0x0000003bc2e00000)]
  0x0000023af1c6e000 JavaThread "build event listener" [_thread_blocked, id=19608, stack(0x0000003bc2e00000,0x0000003bc2f00000)]
  0x0000023af1c6a000 JavaThread "Execution worker for ':'" [_thread_blocked, id=21884, stack(0x0000003bc2f00000,0x0000003bc3000000)]
  0x0000023af1c68800 JavaThread "Execution worker for ':' Thread 2" [_thread_blocked, id=19624, stack(0x0000003bc3000000,0x0000003bc3100000)]
  0x0000023af1c6f000 JavaThread "Execution worker for ':' Thread 3" [_thread_blocked, id=11536, stack(0x0000003bc3100000,0x0000003bc3200000)]
  0x0000023af1c69000 JavaThread "Cache worker for execution history cache (C:\Users\Admin\AndroidStudioProjects\ASM_AnhdroidNetworking\.gradle\6.7.1\executionHistory)" [_thread_blocked, id=19128, stack(0x0000003bc3200000,0x0000003bc3300000)]
  0x0000023af1c71000 JavaThread "WorkerExecutor Queue" [_thread_blocked, id=11528, stack(0x0000003bc3300000,0x0000003bc3400000)]
  0x0000023af1c6f800 JavaThread "WorkerExecutor Queue Thread 2" [_thread_blocked, id=21948, stack(0x0000003bc3400000,0x0000003bc3500000)]
  0x0000023af1c72000 JavaThread "WorkerExecutor Queue Thread 3" [_thread_blocked, id=21904, stack(0x0000003bc3500000,0x0000003bc3600000)]
  0x0000023af1c70800 JavaThread "WorkerExecutor Queue Thread 4" [_thread_blocked, id=21880, stack(0x0000003bc3600000,0x0000003bc3700000)]
  0x0000023af1c73000 JavaThread "pool-4-thread-1" [_thread_blocked, id=18200, stack(0x0000003bc3700000,0x0000003bc3800000)]
  0x0000023af1c76000 JavaThread "stderr" [_thread_in_native, id=7644, stack(0x0000003bc3800000,0x0000003bc3900000)]
  0x0000023af1c75800 JavaThread "stdout" [_thread_in_native, id=14448, stack(0x0000003bc3900000,0x0000003bc3a00000)]
  0x0000023af1c73800 JavaThread "ForkJoinPool-1-worker-3" daemon [_thread_blocked, id=20488, stack(0x0000003bc3a00000,0x0000003bc3b00000)]
  0x0000023af1c74800 JavaThread "ForkJoinPool-1-worker-5" daemon [_thread_blocked, id=18460, stack(0x0000003bc3b00000,0x0000003bc3c00000)]
  0x0000023af1c77000 JavaThread "ForkJoinPool-1-worker-7" daemon [_thread_blocked, id=21468, stack(0x0000003bc3c00000,0x0000003bc3d00000)]
  0x0000023af58da000 JavaThread "ForkJoinPool-1-worker-1" daemon [_thread_blocked, id=20972, stack(0x0000003bc3d00000,0x0000003bc3e00000)]

Other Threads:
=>0x0000023aee786800 VMThread "VM Thread" [stack: 0x0000003bba200000,0x0000003bba300000] [id=21064]
  0x0000023aef2d5000 WatcherThread [stack: 0x0000003bbac00000,0x0000003bbad00000] [id=17252]
  0x0000023ad45b3000 GCTaskThread "GC Thread#0" [stack: 0x0000003bb9d00000,0x0000003bb9e00000] [id=21728]
  0x0000023aef9e4000 GCTaskThread "GC Thread#1" [stack: 0x0000003bbad00000,0x0000003bbae00000] [id=9184]
  0x0000023aef9e5000 GCTaskThread "GC Thread#2" [stack: 0x0000003bbae00000,0x0000003bbaf00000] [id=18664]
  0x0000023aef9fc800 GCTaskThread "GC Thread#3" [stack: 0x0000003bbbb00000,0x0000003bbbc00000] [id=7316]
  0x0000023ad45e4800 ConcurrentGCThread "G1 Main Marker" [stack: 0x0000003bb9e00000,0x0000003bb9f00000] [id=19700]
  0x0000023ad45e6800 ConcurrentGCThread "G1 Conc#0" [stack: 0x0000003bb9f00000,0x0000003bba000000] [id=21744]
  0x0000023ad4677000 ConcurrentGCThread "G1 Refine#0" [stack: 0x0000003bba000000,0x0000003bba100000] [id=21740]
  0x0000023af5f3b800 ConcurrentGCThread "G1 Refine#1" [stack: 0x0000003bc3e00000,0x0000003bc3f00000] [id=13648]
  0x0000023ad4678000 ConcurrentGCThread "G1 Young RemSet Sampling" [stack: 0x0000003bba100000,0x0000003bba200000] [id=21736]

Threads with active compile tasks:
C2 CompilerThread0  41978 11644   !   4       org.apache.xerces.parsers.XML11Configuration::setFeature (155 bytes)

VM state:at safepoint (normal execution)

VM Mutex/Monitor currently owned by a thread:  ([mutex/lock_event])
[0x0000023ad45964f0] Threads_lock - owner thread: 0x0000023aee786800
[0x0000023ad4597030] Heap_lock - owner thread: 0x0000023af1c72000

Heap address: 0x0000000080000000, size: 2048 MB, Compressed Oops mode: 32-bit
Narrow klass base: 0x0000000000000000, Narrow klass shift: 3
Compressed class space size: 1073741824 Address: 0x0000000100000000

Heap:
 garbage-first heap   total 326656K, used 153507K [0x0000000080000000, 0x0000000100000000)
  region size 1024K, 3 young (3072K), 3 survivors (3072K)
 Metaspace       used 89668K, capacity 91808K, committed 92068K, reserved 1128448K
  class space    used 11631K, capacity 12406K, committed 12416K, reserved 1048576K
Heap Regions: E=young(eden), S=young(survivor), O=old, HS=humongous(starts), HC=humongous(continues), CS=collection set, F=free, A=archive, TAMS=top-at-mark-start (previous, next)
|   0|0x0000000080000000, 0x0000000080100000, 0x0000000080100000|100%| O|  |TAMS 0x0000000080100000, 0x0000000080000000| Untracked 
|   1|0x0000000080100000, 0x0000000080200000, 0x0000000080200000|100%| O|  |TAMS 0x0000000080200000, 0x0000000080100000| Untracked 
|   2|0x0000000080200000, 0x0000000080300000, 0x0000000080300000|100%| O|  |TAMS 0x0000000080300000, 0x0000000080200000| Untracked 
|   3|0x0000000080300000, 0x0000000080400000, 0x0000000080400000|100%|HS|  |TAMS 0x0000000080400000, 0x0000000080300000| Complete 
|   4|0x0000000080400000, 0x0000000080500000, 0x0000000080500000|100%|HC|  |TAMS 0x0000000080500000, 0x0000000080400000| Complete 
|   5|0x0000000080500000, 0x0000000080600000, 0x0000000080600000|100%|HC|  |TAMS 0x0000000080600000, 0x0000000080500000| Complete 
|   6|0x0000000080600000, 0x0000000080700000, 0x0000000080700000|100%| O|  |TAMS 0x0000000080700000, 0x0000000080600000| Untracked 
|   7|0x0000000080700000, 0x0000000080800000, 0x0000000080800000|100%| O|  |TAMS 0x0000000080800000, 0x0000000080700000| Untracked 
|   8|0x0000000080800000, 0x0000000080900000, 0x0000000080900000|100%| O|  |TAMS 0x0000000080900000, 0x0000000080800000| Untracked 
|   9|0x0000000080900000, 0x0000000080a00000, 0x0000000080a00000|100%| O|  |TAMS 0x0000000080a00000, 0x0000000080900000| Untracked 
|  10|0x0000000080a00000, 0x0000000080b00000, 0x0000000080b00000|100%| O|  |TAMS 0x0000000080b00000, 0x0000000080a00000| Untracked 
|  11|0x0000000080b00000, 0x0000000080c00000, 0x0000000080c00000|100%| O|  |TAMS 0x0000000080c00000, 0x0000000080b00000| Untracked 
|  12|0x0000000080c00000, 0x0000000080d00000, 0x0000000080d00000|100%| O|  |TAMS 0x0000000080d00000, 0x0000000080c00000| Untracked 
|  13|0x0000000080d00000, 0x0000000080e00000, 0x0000000080e00000|100%| O|  |TAMS 0x0000000080e00000, 0x0000000080d00000| Untracked 
|  14|0x0000000080e00000, 0x0000000080f00000, 0x0000000080f00000|100%| O|  |TAMS 0x0000000080f00000, 0x0000000080e00000| Untracked 
|  15|0x0000000080f00000, 0x0000000081000000, 0x0000000081000000|100%| O|  |TAMS 0x0000000081000000, 0x0000000080f00000| Untracked 
|  16|0x0000000081000000, 0x0000000081100000, 0x0000000081100000|100%| O|  |TAMS 0x0000000081100000, 0x0000000081000000| Untracked 
|  17|0x0000000081100000, 0x0000000081200000, 0x0000000081200000|100%| O|  |TAMS 0x0000000081200000, 0x0000000081100000| Complete 
|  18|0x0000000081200000, 0x0000000081300000, 0x0000000081300000|100%|HS|  |TAMS 0x0000000081300000, 0x0000000081200000| Complete 
|  19|0x0000000081300000, 0x0000000081400000, 0x0000000081400000|100%| O|  |TAMS 0x0000000081400000, 0x0000000081300000| Untracked 
|  20|0x0000000081400000, 0x0000000081500000, 0x0000000081500000|100%| O|  |TAMS 0x0000000081500000, 0x0000000081400000| Untracked 
|  21|0x0000000081500000, 0x0000000081600000, 0x0000000081600000|100%| O|  |TAMS 0x0000000081600000, 0x0000000081500000| Untracked 
|  22|0x0000000081600000, 0x0000000081700000, 0x0000000081700000|100%|HS|  |TAMS 0x0000000081700000, 0x0000000081600000| Complete 
|  23|0x0000000081700000, 0x0000000081800000, 0x0000000081800000|100%|HC|  |TAMS 0x0000000081800000, 0x0000000081700000| Complete 
|  24|0x0000000081800000, 0x0000000081900000, 0x0000000081900000|100%| O|  |TAMS 0x0000000081900000, 0x0000000081800000| Untracked 
|  25|0x0000000081900000, 0x0000000081a00000, 0x0000000081a00000|100%| O|  |TAMS 0x0000000081a00000, 0x0000000081900000| Untracked 
|  26|0x0000000081a00000, 0x0000000081b00000, 0x0000000081b00000|100%| O|  |TAMS 0x0000000081b00000, 0x0000000081a00000| Untracked 
|  27|0x0000000081b00000, 0x0000000081c00000, 0x0000000081c00000|100%| O|  |TAMS 0x0000000081c00000, 0x0000000081b00000| Untracked 
|  28|0x0000000081c00000, 0x0000000081d00000, 0x0000000081d00000|100%| O|  |TAMS 0x0000000081d00000, 0x0000000081c00000| Complete 
|  29|0x0000000081d00000, 0x0000000081e00000, 0x0000000081e00000|100%| O|  |TAMS 0x0000000081e00000, 0x0000000081d00000| Untracked 
|  30|0x0000000081e00000, 0x0000000081f00000, 0x0000000081f00000|100%| O|  |TAMS 0x0000000081f00000, 0x0000000081e00000| Untracked 
|  31|0x0000000081f00000, 0x0000000082000000, 0x0000000082000000|100%| O|  |TAMS 0x0000000082000000, 0x0000000081f00000| Untracked 
|  32|0x0000000082000000, 0x0000000082100000, 0x0000000082100000|100%| O|  |TAMS 0x0000000082100000, 0x0000000082000000| Untracked 
|  33|0x0000000082100000, 0x0000000082200000, 0x0000000082200000|100%| O|  |TAMS 0x0000000082200000, 0x0000000082100000| Untracked 
|  34|0x0000000082200000, 0x0000000082300000, 0x0000000082300000|100%| O|  |TAMS 0x0000000082300000, 0x0000000082200000| Complete 
|  35|0x0000000082300000, 0x0000000082400000, 0x0000000082400000|100%| O|  |TAMS 0x0000000082400000, 0x0000000082300000| Untracked 
|  36|0x0000000082400000, 0x0000000082500000, 0x0000000082500000|100%| O|  |TAMS 0x0000000082500000, 0x0000000082400000| Untracked 
|  37|0x0000000082500000, 0x0000000082600000, 0x0000000082600000|100%| O|  |TAMS 0x0000000082600000, 0x0000000082500000| Untracked 
|  38|0x0000000082600000, 0x0000000082700000, 0x0000000082700000|100%| O|  |TAMS 0x0000000082700000, 0x0000000082600000| Complete 
|  39|0x0000000082700000, 0x0000000082800000, 0x0000000082800000|100%| O|  |TAMS 0x0000000082800000, 0x0000000082700000| Complete 
|  40|0x0000000082800000, 0x0000000082900000, 0x0000000082900000|100%| O|  |TAMS 0x0000000082900000, 0x0000000082800000| Untracked 
|  41|0x0000000082900000, 0x0000000082a00000, 0x0000000082a00000|100%| O|  |TAMS 0x0000000082a00000, 0x0000000082900000| Untracked 
|  42|0x0000000082a00000, 0x0000000082b00000, 0x0000000082b00000|100%| O|  |TAMS 0x0000000082b00000, 0x0000000082a00000| Complete 
|  43|0x0000000082b00000, 0x0000000082c00000, 0x0000000082c00000|100%| O|  |TAMS 0x0000000082c00000, 0x0000000082b00000| Untracked 
|  44|0x0000000082c00000, 0x0000000082d00000, 0x0000000082d00000|100%| O|  |TAMS 0x0000000082d00000, 0x0000000082c00000| Untracked 
|  45|0x0000000082d00000, 0x0000000082e00000, 0x0000000082e00000|100%| O|  |TAMS 0x0000000082e00000, 0x0000000082d00000| Untracked 
|  46|0x0000000082e00000, 0x0000000082f00000, 0x0000000082f00000|100%| O|  |TAMS 0x0000000082f00000, 0x0000000082e00000| Complete 
|  47|0x0000000082f00000, 0x0000000083000000, 0x0000000083000000|100%| O|  |TAMS 0x0000000083000000, 0x0000000082f00000| Complete 
|  48|0x0000000083000000, 0x0000000083100000, 0x0000000083100000|100%| O|  |TAMS 0x0000000083100000, 0x0000000083000000| Untracked 
|  49|0x0000000083100000, 0x0000000083200000, 0x0000000083200000|100%| O|  |TAMS 0x0000000083200000, 0x0000000083100000| Untracked 
|  50|0x0000000083200000, 0x0000000083300000, 0x0000000083300000|100%| O|  |TAMS 0x0000000083300000, 0x0000000083200000| Untracked 
|  51|0x0000000083300000, 0x0000000083400000, 0x0000000083400000|100%| O|  |TAMS 0x0000000083400000, 0x0000000083300000| Untracked 
|  52|0x0000000083400000, 0x0000000083500000, 0x0000000083500000|100%| O|  |TAMS 0x0000000083500000, 0x0000000083400000| Untracked 
|  53|0x0000000083500000, 0x0000000083600000, 0x0000000083600000|100%| O|  |TAMS 0x0000000083600000, 0x0000000083500000| Complete 
|  54|0x0000000083600000, 0x0000000083700000, 0x0000000083700000|100%| O|  |TAMS 0x0000000083700000, 0x0000000083600000| Untracked 
|  55|0x0000000083700000, 0x0000000083800000, 0x0000000083800000|100%| O|  |TAMS 0x0000000083800000, 0x0000000083700000| Untracked 
|  56|0x0000000083800000, 0x0000000083900000, 0x0000000083900000|100%| O|  |TAMS 0x0000000083900000, 0x0000000083800000| Untracked 
|  57|0x0000000083900000, 0x0000000083a00000, 0x0000000083a00000|100%| O|  |TAMS 0x0000000083a00000, 0x0000000083900000| Complete 
|  58|0x0000000083a00000, 0x0000000083b00000, 0x0000000083b00000|100%| O|  |TAMS 0x0000000083b00000, 0x0000000083a00000| Complete 
|  59|0x0000000083b00000, 0x0000000083c00000, 0x0000000083c00000|100%| O|  |TAMS 0x0000000083c00000, 0x0000000083b00000| Complete 
|  60|0x0000000083c00000, 0x0000000083d00000, 0x0000000083d00000|100%| O|  |TAMS 0x0000000083d00000, 0x0000000083c00000| Complete 
|  61|0x0000000083d00000, 0x0000000083e00000, 0x0000000083e00000|100%| O|  |TAMS 0x0000000083e00000, 0x0000000083d00000| Untracked 
|  62|0x0000000083e00000, 0x0000000083f00000, 0x0000000083f00000|100%| O|  |TAMS 0x0000000083f00000, 0x0000000083e00000| Untracked 
|  63|0x0000000083f00000, 0x0000000084000000, 0x0000000084000000|100%| O|  |TAMS 0x0000000084000000, 0x0000000083f00000| Untracked 
|  64|0x0000000084000000, 0x0000000084100000, 0x0000000084100000|100%|HS|  |TAMS 0x0000000084100000, 0x0000000084000000| Complete 
|  65|0x0000000084100000, 0x0000000084200000, 0x0000000084200000|100%|HC|  |TAMS 0x0000000084200000, 0x0000000084100000| Complete 
|  66|0x0000000084200000, 0x0000000084300000, 0x0000000084300000|100%|HS|  |TAMS 0x0000000084300000, 0x0000000084200000| Complete 
|  67|0x0000000084300000, 0x0000000084400000, 0x0000000084400000|100%|HS|  |TAMS 0x0000000084400000, 0x0000000084300000| Complete 
|  68|0x0000000084400000, 0x0000000084500000, 0x0000000084500000|100%|HS|  |TAMS 0x0000000084500000, 0x0000000084400000| Complete 
|  69|0x0000000084500000, 0x0000000084600000, 0x0000000084600000|100%|HS|  |TAMS 0x0000000084600000, 0x0000000084500000| Complete 
|  70|0x0000000084600000, 0x0000000084700000, 0x0000000084700000|100%| O|  |TAMS 0x0000000084700000, 0x0000000084600000| Untracked 
|  71|0x0000000084700000, 0x0000000084800000, 0x0000000084800000|100%| O|  |TAMS 0x0000000084800000, 0x0000000084700000| Untracked 
|  72|0x0000000084800000, 0x0000000084900000, 0x0000000084900000|100%| O|  |TAMS 0x0000000084900000, 0x0000000084800000| Untracked 
|  73|0x0000000084900000, 0x0000000084a00000, 0x0000000084a00000|100%| O|  |TAMS 0x0000000084a00000, 0x0000000084900000| Untracked 
|  74|0x0000000084a00000, 0x0000000084b00000, 0x0000000084b00000|100%| O|  |TAMS 0x0000000084b00000, 0x0000000084a00000| Complete 
|  75|0x0000000084b00000, 0x0000000084c00000, 0x0000000084c00000|100%| O|  |TAMS 0x0000000084b00000, 0x0000000084b00000| Untracked 
|  76|0x0000000084c00000, 0x0000000084ce8c00, 0x0000000084d00000| 90%| O|  |TAMS 0x0000000084c00000, 0x0000000084c00000| Untracked 
|  77|0x0000000084d00000, 0x0000000084d00000, 0x0000000084e00000|  0%| F|  |TAMS 0x0000000084d00000, 0x0000000084d00000| Untracked 
|  78|0x0000000084e00000, 0x0000000084f00000, 0x0000000084f00000|100%| O|  |TAMS 0x0000000084f00000, 0x0000000084e00000| Complete 
|  79|0x0000000084f00000, 0x0000000084f00000, 0x0000000085000000|  0%| F|  |TAMS 0x0000000084f00000, 0x0000000084f00000| Untracked 
|  80|0x0000000085000000, 0x0000000085100000, 0x0000000085100000|100%| O|  |TAMS 0x0000000085100000, 0x0000000085000000| Untracked 
|  81|0x0000000085100000, 0x0000000085100000, 0x0000000085200000|  0%| F|  |TAMS 0x0000000085100000, 0x0000000085100000| Untracked 
|  82|0x0000000085200000, 0x0000000085300000, 0x0000000085300000|100%| O|  |TAMS 0x0000000085300000, 0x0000000085200000| Complete 
|  83|0x0000000085300000, 0x0000000085300000, 0x0000000085400000|  0%| F|  |TAMS 0x0000000085300000, 0x0000000085300000| Untracked 
|  84|0x0000000085400000, 0x0000000085500000, 0x0000000085500000|100%| O|  |TAMS 0x0000000085500000, 0x0000000085400000| Untracked 
|  85|0x0000000085500000, 0x0000000085600000, 0x0000000085600000|100%| O|  |TAMS 0x0000000085600000, 0x0000000085500000| Complete 
|  86|0x0000000085600000, 0x0000000085700000, 0x0000000085700000|100%| O|  |TAMS 0x0000000085700000, 0x0000000085600000| Complete 
|  87|0x0000000085700000, 0x0000000085800000, 0x0000000085800000|100%|HS|  |TAMS 0x0000000085800000, 0x0000000085700000| Complete 
|  88|0x0000000085800000, 0x0000000085900000, 0x0000000085900000|100%| O|  |TAMS 0x0000000085900000, 0x0000000085800000| Untracked 
|  89|0x0000000085900000, 0x0000000085a00000, 0x0000000085a00000|100%| O|  |TAMS 0x0000000085a00000, 0x0000000085900000| Untracked 
|  90|0x0000000085a00000, 0x0000000085b00000, 0x0000000085b00000|100%| O|  |TAMS 0x0000000085b00000, 0x0000000085a00000| Untracked 
|  91|0x0000000085b00000, 0x0000000085b00000, 0x0000000085c00000|  0%| F|  |TAMS 0x0000000085b00000, 0x0000000085b00000| Untracked 
|  92|0x0000000085c00000, 0x0000000085d00000, 0x0000000085d00000|100%| O|  |TAMS 0x0000000085d00000, 0x0000000085c00000| Untracked 
|  93|0x0000000085d00000, 0x0000000085e00000, 0x0000000085e00000|100%| O|  |TAMS 0x0000000085e00000, 0x0000000085d00000| Complete 
|  94|0x0000000085e00000, 0x0000000085f00000, 0x0000000085f00000|100%| O|  |TAMS 0x0000000085f00000, 0x0000000085e00000| Complete 
|  95|0x0000000085f00000, 0x0000000086000000, 0x0000000086000000|100%| O|  |TAMS 0x0000000086000000, 0x0000000085f00000| Complete 
|  96|0x0000000086000000, 0x0000000086100000, 0x0000000086100000|100%| O|  |TAMS 0x0000000086100000, 0x0000000086000000| Complete 
|  97|0x0000000086100000, 0x0000000086200000, 0x0000000086200000|100%| O|  |TAMS 0x0000000086200000, 0x0000000086100000| Untracked 
|  98|0x0000000086200000, 0x0000000086300000, 0x0000000086300000|100%| O|  |TAMS 0x0000000086300000, 0x0000000086200000| Complete 
|  99|0x0000000086300000, 0x0000000086400000, 0x0000000086400000|100%| O|  |TAMS 0x0000000086400000, 0x0000000086300000| Untracked 
| 100|0x0000000086400000, 0x0000000086500000, 0x0000000086500000|100%| O|  |TAMS 0x0000000086500000, 0x0000000086400000| Untracked 
| 101|0x0000000086500000, 0x0000000086600000, 0x0000000086600000|100%| O|  |TAMS 0x0000000086600000, 0x0000000086500000| Untracked 
| 102|0x0000000086600000, 0x0000000086700000, 0x0000000086700000|100%| O|  |TAMS 0x0000000086700000, 0x0000000086600000| Untracked 
| 103|0x0000000086700000, 0x0000000086800000, 0x0000000086800000|100%| O|  |TAMS 0x0000000086800000, 0x0000000086700000| Complete 
| 104|0x0000000086800000, 0x0000000086900000, 0x0000000086900000|100%| O|  |TAMS 0x0000000086900000, 0x0000000086800000| Untracked 
| 105|0x0000000086900000, 0x0000000086a00000, 0x0000000086a00000|100%| O|  |TAMS 0x0000000086a00000, 0x0000000086900000| Untracked 
| 106|0x0000000086a00000, 0x0000000086b00000, 0x0000000086b00000|100%| O|  |TAMS 0x0000000086b00000, 0x0000000086a00000| Untracked 
| 107|0x0000000086b00000, 0x0000000086c00000, 0x0000000086c00000|100%| O|  |TAMS 0x0000000086c00000, 0x0000000086b00000| Complete 
| 108|0x0000000086c00000, 0x0000000086d00000, 0x0000000086d00000|100%| O|  |TAMS 0x0000000086d00000, 0x0000000086c00000| Complete 
| 109|0x0000000086d00000, 0x0000000086e00000, 0x0000000086e00000|100%| O|  |TAMS 0x0000000086e00000, 0x0000000086d00000| Untracked 
| 110|0x0000000086e00000, 0x0000000086f00000, 0x0000000086f00000|100%| O|  |TAMS 0x0000000086f00000, 0x0000000086e00000| Untracked 
| 111|0x0000000086f00000, 0x0000000087000000, 0x0000000087000000|100%| O|  |TAMS 0x0000000087000000, 0x0000000086f00000| Complete 
| 112|0x0000000087000000, 0x0000000087100000, 0x0000000087100000|100%| O|  |TAMS 0x0000000087100000, 0x0000000087000000| Untracked 
| 113|0x0000000087100000, 0x0000000087200000, 0x0000000087200000|100%| O|  |TAMS 0x0000000087200000, 0x0000000087100000| Untracked 
| 114|0x0000000087200000, 0x0000000087300000, 0x0000000087300000|100%| O|  |TAMS 0x0000000087300000, 0x0000000087200000| Untracked 
| 115|0x0000000087300000, 0x0000000087400000, 0x0000000087400000|100%| O|  |TAMS 0x0000000087400000, 0x0000000087300000| Untracked 
| 116|0x0000000087400000, 0x0000000087500000, 0x0000000087500000|100%| O|  |TAMS 0x0000000087500000, 0x0000000087400000| Untracked 
| 117|0x0000000087500000, 0x0000000087600000, 0x0000000087600000|100%| O|  |TAMS 0x0000000087600000, 0x0000000087500000| Complete 
| 118|0x0000000087600000, 0x0000000087700000, 0x0000000087700000|100%| O|  |TAMS 0x0000000087700000, 0x0000000087600000| Untracked 
| 119|0x0000000087700000, 0x0000000087800000, 0x0000000087800000|100%| O|  |TAMS 0x0000000087800000, 0x0000000087700000| Complete 
| 120|0x0000000087800000, 0x0000000087900000, 0x0000000087900000|100%| O|  |TAMS 0x0000000087900000, 0x0000000087800000| Complete 
| 121|0x0000000087900000, 0x0000000087a00000, 0x0000000087a00000|100%| O|  |TAMS 0x0000000087a00000, 0x0000000087900000| Complete 
| 122|0x0000000087a00000, 0x0000000087b00000, 0x0000000087b00000|100%| O|  |TAMS 0x0000000087b00000, 0x0000000087a00000| Untracked 
| 123|0x0000000087b00000, 0x0000000087c00000, 0x0000000087c00000|100%| O|  |TAMS 0x0000000087c00000, 0x0000000087b00000| Complete 
| 124|0x0000000087c00000, 0x0000000087d00000, 0x0000000087d00000|100%| O|  |TAMS 0x0000000087d00000, 0x0000000087c00000| Complete 
| 125|0x0000000087d00000, 0x0000000087e00000, 0x0000000087e00000|100%| O|  |TAMS 0x0000000087e00000, 0x0000000087d00000| Untracked 
| 126|0x0000000087e00000, 0x0000000087f00000, 0x0000000087f00000|100%| O|  |TAMS 0x0000000087f00000, 0x0000000087e00000| Complete 
| 127|0x0000000087f00000, 0x0000000088000000, 0x0000000088000000|100%| O|  |TAMS 0x0000000088000000, 0x0000000087f00000| Untracked 
| 128|0x0000000088000000, 0x0000000088100000, 0x0000000088100000|100%| O|  |TAMS 0x0000000088100000, 0x0000000088000000| Complete 
| 129|0x0000000088100000, 0x0000000088200000, 0x0000000088200000|100%| O|  |TAMS 0x0000000088200000, 0x0000000088100000| Untracked 
| 130|0x0000000088200000, 0x0000000088300000, 0x0000000088300000|100%| O|  |TAMS 0x0000000088300000, 0x0000000088200000| Untracked 
| 131|0x0000000088300000, 0x0000000088400000, 0x0000000088400000|100%| O|  |TAMS 0x0000000088400000, 0x0000000088300000| Untracked 
| 132|0x0000000088400000, 0x0000000088500000, 0x0000000088500000|100%| O|  |TAMS 0x0000000088500000, 0x0000000088400000| Untracked 
| 133|0x0000000088500000, 0x0000000088600000, 0x0000000088600000|100%| O|  |TAMS 0x0000000088600000, 0x0000000088500000| Complete 
| 134|0x0000000088600000, 0x0000000088700000, 0x0000000088700000|100%| O|  |TAMS 0x0000000088700000, 0x0000000088600000| Complete 
| 135|0x0000000088700000, 0x0000000088800000, 0x0000000088800000|100%| O|  |TAMS 0x0000000088800000, 0x0000000088700000| Untracked 
| 136|0x0000000088800000, 0x0000000088900000, 0x0000000088900000|100%| O|  |TAMS 0x0000000088900000, 0x0000000088800000| Untracked 
| 137|0x0000000088900000, 0x0000000088a00000, 0x0000000088a00000|100%| O|  |TAMS 0x0000000088a00000, 0x0000000088900000| Untracked 
| 138|0x0000000088a00000, 0x0000000088b00000, 0x0000000088b00000|100%| O|  |TAMS 0x0000000088b00000, 0x0000000088a00000| Untracked 
| 139|0x0000000088b00000, 0x0000000088c00000, 0x0000000088c00000|100%| O|  |TAMS 0x0000000088c00000, 0x0000000088b00000| Untracked 
| 140|0x0000000088c00000, 0x0000000088d00000, 0x0000000088d00000|100%| O|  |TAMS 0x0000000088d00000, 0x0000000088c00000| Untracked 
| 141|0x0000000088d00000, 0x0000000088e00000, 0x0000000088e00000|100%| O|  |TAMS 0x0000000088e00000, 0x0000000088d00000| Untracked 
| 142|0x0000000088e00000, 0x0000000088f00000, 0x0000000088f00000|100%| O|  |TAMS 0x0000000088f00000, 0x0000000088e00000| Untracked 
| 143|0x0000000088f00000, 0x0000000089000000, 0x0000000089000000|100%| O|  |TAMS 0x0000000089000000, 0x0000000088f00000| Complete 
| 144|0x0000000089000000, 0x0000000089100000, 0x0000000089100000|100%| O|  |TAMS 0x0000000089100000, 0x0000000089000000| Untracked 
| 145|0x0000000089100000, 0x0000000089200000, 0x0000000089200000|100%| O|  |TAMS 0x0000000089200000, 0x0000000089100000| Untracked 
| 146|0x0000000089200000, 0x0000000089300000, 0x0000000089300000|100%| O|  |TAMS 0x0000000089300000, 0x0000000089200000| Complete 
| 147|0x0000000089300000, 0x0000000089400000, 0x0000000089400000|100%| O|  |TAMS 0x0000000089400000, 0x0000000089300000| Complete 
| 148|0x0000000089400000, 0x0000000089500000, 0x0000000089500000|100%| O|  |TAMS 0x0000000089500000, 0x0000000089400000| Untracked 
| 149|0x0000000089500000, 0x0000000089600000, 0x0000000089600000|100%| O|  |TAMS 0x0000000089600000, 0x0000000089500000| Untracked 
| 150|0x0000000089600000, 0x0000000089700000, 0x0000000089700000|100%| O|  |TAMS 0x0000000089700000, 0x0000000089600000| Complete 
| 151|0x0000000089700000, 0x0000000089800000, 0x0000000089800000|100%| O|  |TAMS 0x000000008978f400, 0x0000000089700000| Untracked 
| 152|0x0000000089800000, 0x0000000089800000, 0x0000000089900000|  0%| F|  |TAMS 0x0000000089800000, 0x0000000089800000| Untracked 
| 153|0x0000000089900000, 0x0000000089900000, 0x0000000089a00000|  0%| F|  |TAMS 0x0000000089900000, 0x0000000089900000| Untracked 
| 154|0x0000000089a00000, 0x0000000089a00000, 0x0000000089b00000|  0%| F|  |TAMS 0x0000000089a00000, 0x0000000089a00000| Untracked 
| 155|0x0000000089b00000, 0x0000000089b00000, 0x0000000089c00000|  0%| F|  |TAMS 0x0000000089b00000, 0x0000000089b00000| Untracked 
| 156|0x0000000089c00000, 0x0000000089c00000, 0x0000000089d00000|  0%| F|  |TAMS 0x0000000089c00000, 0x0000000089c00000| Untracked 
| 157|0x0000000089d00000, 0x0000000089d00000, 0x0000000089e00000|  0%| F|  |TAMS 0x0000000089d00000, 0x0000000089d00000| Untracked 
| 158|0x0000000089e00000, 0x0000000089e00000, 0x0000000089f00000|  0%| F|  |TAMS 0x0000000089e00000, 0x0000000089e00000| Untracked 
| 159|0x0000000089f00000, 0x0000000089f00000, 0x000000008a000000|  0%| F|  |TAMS 0x0000000089f00000, 0x0000000089f00000| Untracked 
| 160|0x000000008a000000, 0x000000008a000000, 0x000000008a100000|  0%| F|  |TAMS 0x000000008a000000, 0x000000008a000000| Untracked 
| 161|0x000000008a100000, 0x000000008a100000, 0x000000008a200000|  0%| F|  |TAMS 0x000000008a100000, 0x000000008a100000| Untracked 
| 162|0x000000008a200000, 0x000000008a200000, 0x000000008a300000|  0%| F|  |TAMS 0x000000008a200000, 0x000000008a200000| Untracked 
| 163|0x000000008a300000, 0x000000008a300000, 0x000000008a400000|  0%| F|  |TAMS 0x000000008a300000, 0x000000008a300000| Untracked 
| 164|0x000000008a400000, 0x000000008a400000, 0x000000008a500000|  0%| F|  |TAMS 0x000000008a400000, 0x000000008a400000| Untracked 
| 165|0x000000008a500000, 0x000000008a500000, 0x000000008a600000|  0%| F|  |TAMS 0x000000008a500000, 0x000000008a500000| Untracked 
| 166|0x000000008a600000, 0x000000008a600000, 0x000000008a700000|  0%| F|  |TAMS 0x000000008a600000, 0x000000008a600000| Untracked 
| 167|0x000000008a700000, 0x000000008a700000, 0x000000008a800000|  0%| F|  |TAMS 0x000000008a700000, 0x000000008a700000| Untracked 
| 168|0x000000008a800000, 0x000000008a800000, 0x000000008a900000|  0%| F|  |TAMS 0x000000008a800000, 0x000000008a800000| Untracked 
| 169|0x000000008a900000, 0x000000008a900000, 0x000000008aa00000|  0%| F|  |TAMS 0x000000008a900000, 0x000000008a900000| Untracked 
| 170|0x000000008aa00000, 0x000000008aa00000, 0x000000008ab00000|  0%| F|  |TAMS 0x000000008aa00000, 0x000000008aa00000| Untracked 
| 171|0x000000008ab00000, 0x000000008ab00000, 0x000000008ac00000|  0%| F|  |TAMS 0x000000008ab00000, 0x000000008ab00000| Untracked 
| 172|0x000000008ac00000, 0x000000008ac00000, 0x000000008ad00000|  0%| F|  |TAMS 0x000000008ac00000, 0x000000008ac00000| Untracked 
| 173|0x000000008ad00000, 0x000000008ad00000, 0x000000008ae00000|  0%| F|  |TAMS 0x000000008ad00000, 0x000000008ad00000| Untracked 
| 174|0x000000008ae00000, 0x000000008ae00000, 0x000000008af00000|  0%| F|  |TAMS 0x000000008ae00000, 0x000000008ae00000| Untracked 
| 175|0x000000008af00000, 0x000000008af00000, 0x000000008b000000|  0%| F|  |TAMS 0x000000008af00000, 0x000000008af00000| Untracked 
| 176|0x000000008b000000, 0x000000008b000000, 0x000000008b100000|  0%| F|  |TAMS 0x000000008b000000, 0x000000008b000000| Untracked 
| 177|0x000000008b100000, 0x000000008b100000, 0x000000008b200000|  0%| F|  |TAMS 0x000000008b100000, 0x000000008b100000| Untracked 
| 178|0x000000008b200000, 0x000000008b200000, 0x000000008b300000|  0%| F|  |TAMS 0x000000008b200000, 0x000000008b200000| Untracked 
| 179|0x000000008b300000, 0x000000008b300000, 0x000000008b400000|  0%| F|  |TAMS 0x000000008b300000, 0x000000008b300000| Untracked 
| 180|0x000000008b400000, 0x000000008b400000, 0x000000008b500000|  0%| F|  |TAMS 0x000000008b400000, 0x000000008b400000| Untracked 
| 181|0x000000008b500000, 0x000000008b500000, 0x000000008b600000|  0%| F|  |TAMS 0x000000008b500000, 0x000000008b500000| Untracked 
| 182|0x000000008b600000, 0x000000008b600000, 0x000000008b700000|  0%| F|  |TAMS 0x000000008b600000, 0x000000008b600000| Untracked 
| 183|0x000000008b700000, 0x000000008b700000, 0x000000008b800000|  0%| F|  |TAMS 0x000000008b700000, 0x000000008b700000| Untracked 
| 184|0x000000008b800000, 0x000000008b800000, 0x000000008b900000|  0%| F|  |TAMS 0x000000008b800000, 0x000000008b800000| Untracked 
| 185|0x000000008b900000, 0x000000008b900000, 0x000000008ba00000|  0%| F|  |TAMS 0x000000008b900000, 0x000000008b900000| Untracked 
| 186|0x000000008ba00000, 0x000000008bb00000, 0x000000008bb00000|100%| S|CS|TAMS 0x000000008ba00000, 0x000000008ba00000| Complete 
| 187|0x000000008bb00000, 0x000000008bc00000, 0x000000008bc00000|100%| S|CS|TAMS 0x000000008bb00000, 0x000000008bb00000| Complete 
| 188|0x000000008bc00000, 0x000000008bc00000, 0x000000008bd00000|  0%| F|  |TAMS 0x000000008bc00000, 0x000000008bc00000| Untracked 
| 189|0x000000008bd00000, 0x000000008bd00000, 0x000000008be00000|  0%| F|  |TAMS 0x000000008bd00000, 0x000000008bd00000| Untracked 
| 190|0x000000008be00000, 0x000000008bf00000, 0x000000008bf00000|100%| S|CS|TAMS 0x000000008be00000, 0x000000008be00000| Complete 
| 191|0x000000008bf00000, 0x000000008bf00000, 0x000000008c000000|  0%| F|  |TAMS 0x000000008bf00000, 0x000000008bf00000| Untracked 
| 192|0x000000008c000000, 0x000000008c000000, 0x000000008c100000|  0%| F|  |TAMS 0x000000008c000000, 0x000000008c000000| Untracked 
| 193|0x000000008c100000, 0x000000008c100000, 0x000000008c200000|  0%| F|  |TAMS 0x000000008c100000, 0x000000008c100000| Untracked 
| 194|0x000000008c200000, 0x000000008c200000, 0x000000008c300000|  0%| F|  |TAMS 0x000000008c200000, 0x000000008c200000| Untracked 
| 195|0x000000008c300000, 0x000000008c300000, 0x000000008c400000|  0%| F|  |TAMS 0x000000008c300000, 0x000000008c300000| Untracked 
| 196|0x000000008c400000, 0x000000008c400000, 0x000000008c500000|  0%| F|  |TAMS 0x000000008c400000, 0x000000008c400000| Untracked 
| 197|0x000000008c500000, 0x000000008c500000, 0x000000008c600000|  0%| F|  |TAMS 0x000000008c500000, 0x000000008c500000| Untracked 
| 198|0x000000008c600000, 0x000000008c600000, 0x000000008c700000|  0%| F|  |TAMS 0x000000008c600000, 0x000000008c600000| Untracked 
| 199|0x000000008c700000, 0x000000008c700000, 0x000000008c800000|  0%| F|  |TAMS 0x000000008c700000, 0x000000008c700000| Untracked 
| 200|0x000000008c800000, 0x000000008c800000, 0x000000008c900000|  0%| F|  |TAMS 0x000000008c800000, 0x000000008c800000| Untracked 
| 201|0x000000008c900000, 0x000000008c900000, 0x000000008ca00000|  0%| F|  |TAMS 0x000000008c900000, 0x000000008c900000| Untracked 
| 202|0x000000008ca00000, 0x000000008ca00000, 0x000000008cb00000|  0%| F|  |TAMS 0x000000008ca00000, 0x000000008ca00000| Untracked 
| 203|0x000000008cb00000, 0x000000008cb00000, 0x000000008cc00000|  0%| F|  |TAMS 0x000000008cb00000, 0x000000008cb00000| Untracked 
| 204|0x000000008cc00000, 0x000000008cc00000, 0x000000008cd00000|  0%| F|  |TAMS 0x000000008cc00000, 0x000000008cc00000| Untracked 

Card table byte_map: [0x0000023ae7950000,0x0000023ae7d50000] _byte_map_base: 0x0000023ae7550000

Marking Bits (Prev, Next): (CMBitMap*) 0x0000023ad45db828, (CMBitMap*) 0x0000023ad45db860
 Prev Bits: [0x0000023ae8150000, 0x0000023aea150000)
 Next Bits: [0x0000023aea150000, 0x0000023aec150000)

Polling page: 0x0000023ad2d80000

Metaspace:

Usage:
  Non-class:     77.54 MB capacity,    76.21 MB ( 98%) used,     1.10 MB (  1%) free+waste,   237.06 KB ( <1%) overhead. 
      Class:     12.12 MB capacity,    11.36 MB ( 94%) used,   666.91 KB (  5%) free+waste,   107.25 KB ( <1%) overhead. 
       Both:     89.66 MB capacity,    87.57 MB ( 98%) used,     1.75 MB (  2%) free+waste,   344.31 KB ( <1%) overhead. 

Virtual space:
  Non-class space:       78.00 MB reserved,      77.79 MB (>99%) committed 
      Class space:        1.00 GB reserved,      12.13 MB (  1%) committed 
             Both:        1.08 GB reserved,      89.91 MB (  8%) committed 

Chunk freelists:
   Non-Class:  58.00 KB
       Class:  10.00 KB
        Both:  68.00 KB

MaxMetaspaceSize: 17179869184.00 GB
CompressedClassSpaceSize: 1.00 GB

CodeHeap 'non-profiled nmethods': size=120064Kb used=5248Kb max_used=5248Kb free=114816Kb
 bounds [0x0000023adf9e0000, 0x0000023adff10000, 0x0000023ae6f20000]
CodeHeap 'profiled nmethods': size=120000Kb used=23394Kb max_used=23401Kb free=96606Kb
 bounds [0x0000023ad84b0000, 0x0000023ad9b90000, 0x0000023adf9e0000]
CodeHeap 'non-nmethods': size=5696Kb used=2268Kb max_used=2317Kb free=3427Kb
 bounds [0x0000023ad7f20000, 0x0000023ad8190000, 0x0000023ad84b0000]
 total_blobs=12139 nmethods=11276 adapters=774
 compilation: enabled
              stopped_count=0, restarted_count=0
 full_count=0

Compilation events (20 events):
Event: 41.857 Thread 0x0000023aee7c5800 11679       2       com.android.tools.r8.naming.I$b::a (5 bytes)
Event: 41.857 Thread 0x0000023aee7c5800 nmethod 11679 0x0000023ad858fb90 code [0x0000023ad858fd40, 0x0000023ad858fe38]
Event: 41.858 Thread 0x0000023aee7c5800 11682       3       org.apache.xerces.impl.XMLEntityScanner::skipString (207 bytes)
Event: 41.859 Thread 0x0000023aee7c5800 nmethod 11682 0x0000023ad9b8c390 code [0x0000023ad9b8c620, 0x0000023ad9b8d1c8]
Event: 41.859 Thread 0x0000023aee7c5800 11685       2       com.android.tools.r8.graph.J::E (10 bytes)
Event: 41.859 Thread 0x0000023aee7c5800 nmethod 11685 0x0000023ad859c210 code [0x0000023ad859c3c0, 0x0000023ad859c4e8]
Event: 41.859 Thread 0x0000023aee7c5800 11686       2       com.android.tools.r8.graph.B::a (19 bytes)
Event: 41.860 Thread 0x0000023aee7c5800 nmethod 11686 0x0000023ad859bc90 code [0x0000023ad859be40, 0x0000023ad859bfe8]
Event: 41.860 Thread 0x0000023aee7c5800 11687       2       com.android.tools.r8.graph.X0::e (13 bytes)
Event: 41.861 Thread 0x0000023aee7c5800 nmethod 11687 0x0000023ad87a0f90 code [0x0000023ad87a1140, 0x0000023ad87a1258]
Event: 41.863 Thread 0x0000023aee7c5800 11688       2       com.android.tools.r8.graph.t0$d::<init> (10 bytes)
Event: 41.863 Thread 0x0000023aee7c5800 nmethod 11688 0x0000023ad87a0c10 code [0x0000023ad87a0dc0, 0x0000023ad87a0ef8]
Event: 41.864 Thread 0x0000023aee7c5800 11689       1       com.android.tools.r8.graph.v0::a (5 bytes)
Event: 41.865 Thread 0x0000023aee7c5800 nmethod 11689 0x0000023adfefff10 code [0x0000023adff000c0, 0x0000023adff00178]
Event: 41.869 Thread 0x0000023aee7c5800 11690       2       com.android.tools.r8.graph.B::a (71 bytes)
Event: 41.869 Thread 0x0000023aee7c5800 nmethod 11690 0x0000023ad87bd090 code [0x0000023ad87bd2a0, 0x0000023ad87bd7f8]
Event: 41.870 Thread 0x0000023aee7c5800 11691       2       com.android.tools.r8.graph.t0$o::<init> (7 bytes)
Event: 41.870 Thread 0x0000023aee7c5800 nmethod 11691 0x0000023ad87a0890 code [0x0000023ad87a0a40, 0x0000023ad87a0b98]
Event: 41.870 Thread 0x0000023aee7c5800 11692       2       com.android.tools.r8.graph.B::a (19 bytes)
Event: 41.870 Thread 0x0000023aee7c5800 nmethod 11692 0x0000023ad87a0390 code [0x0000023ad87a0540, 0x0000023ad87a06e8]

GC Heap History (20 events):
Event: 38.679 GC heap after
{Heap after GC invocations=30 (full 0):
 garbage-first heap   total 138240K, used 103220K [0x0000000080000000, 0x0000000100000000)
  region size 1024K, 3 young (3072K), 3 survivors (3072K)
 Metaspace       used 85436K, capacity 87485K, committed 87588K, reserved 1126400K
  class space    used 11006K, capacity 11700K, committed 11776K, reserved 1048576K
}
Event: 38.855 GC heap before
{Heap before GC invocations=30 (full 0):
 garbage-first heap   total 138240K, used 117556K [0x0000000080000000, 0x0000000100000000)
  region size 1024K, 16 young (16384K), 3 survivors (3072K)
 Metaspace       used 85468K, capacity 87485K, committed 87588K, reserved 1126400K
  class space    used 11006K, capacity 11700K, committed 11776K, reserved 1048576K
}
Event: 38.871 GC heap after
{Heap after GC invocations=31 (full 0):
 garbage-first heap   total 138240K, used 108006K [0x0000000080000000, 0x0000000100000000)
  region size 1024K, 2 young (2048K), 2 survivors (2048K)
 Metaspace       used 85468K, capacity 87485K, committed 87588K, reserved 1126400K
  class space    used 11006K, capacity 11700K, committed 11776K, reserved 1048576K
}
Event: 39.030 GC heap before
{Heap before GC invocations=31 (full 0):
 garbage-first heap   total 138240K, used 117222K [0x0000000080000000, 0x0000000100000000)
  region size 1024K, 11 young (11264K), 2 survivors (2048K)
 Metaspace       used 85944K, capacity 87980K, committed 88228K, reserved 1126400K
  class space    used 11071K, capacity 11780K, committed 11904K, reserved 1048576K
}
Event: 39.044 GC heap after
{Heap after GC invocations=32 (full 0):
 garbage-first heap   total 165888K, used 110222K [0x0000000080000000, 0x0000000100000000)
  region size 1024K, 2 young (2048K), 2 survivors (2048K)
 Metaspace       used 85944K, capacity 87980K, committed 88228K, reserved 1126400K
  class space    used 11071K, capacity 11780K, committed 11904K, reserved 1048576K
}
Event: 39.331 GC heap before
{Heap before GC invocations=33 (full 0):
 garbage-first heap   total 165888K, used 130702K [0x0000000080000000, 0x0000000100000000)
  region size 1024K, 23 young (23552K), 2 survivors (2048K)
 Metaspace       used 87379K, capacity 89370K, committed 89508K, reserved 1126400K
  class space    used 11356K, capacity 12050K, committed 12160K, reserved 1048576K
}
Event: 39.346 GC heap after
{Heap after GC invocations=34 (full 0):
 garbage-first heap   total 165888K, used 116095K [0x0000000080000000, 0x0000000100000000)
  region size 1024K, 3 young (3072K), 3 survivors (3072K)
 Metaspace       used 87379K, capacity 89370K, committed 89508K, reserved 1126400K
  class space    used 11356K, capacity 12050K, committed 12160K, reserved 1048576K
}
Event: 39.517 GC heap before
{Heap before GC invocations=34 (full 0):
 garbage-first heap   total 165888K, used 134527K [0x0000000080000000, 0x0000000100000000)
  region size 1024K, 21 young (21504K), 3 survivors (3072K)
 Metaspace       used 87502K, capacity 89508K, committed 89764K, reserved 1126400K
  class space    used 11356K, capacity 12050K, committed 12160K, reserved 1048576K
}
Event: 39.533 GC heap after
{Heap after GC invocations=35 (full 0):
 garbage-first heap   total 165888K, used 124875K [0x0000000080000000, 0x0000000100000000)
  region size 1024K, 3 young (3072K), 3 survivors (3072K)
 Metaspace       used 87502K, capacity 89508K, committed 89764K, reserved 1126400K
  class space    used 11356K, capacity 12050K, committed 12160K, reserved 1048576K
}
Event: 39.607 GC heap before
{Heap before GC invocations=35 (full 0):
 garbage-first heap   total 165888K, used 136139K [0x0000000080000000, 0x0000000100000000)
  region size 1024K, 15 young (15360K), 3 survivors (3072K)
 Metaspace       used 87522K, capacity 89510K, committed 89764K, reserved 1126400K
  class space    used 11356K, capacity 12050K, committed 12160K, reserved 1048576K
}
Event: 39.620 GC heap after
{Heap after GC invocations=36 (full 0):
 garbage-first heap   total 165888K, used 132467K [0x0000000080000000, 0x0000000100000000)
  region size 1024K, 2 young (2048K), 2 survivors (2048K)
 Metaspace       used 87522K, capacity 89510K, committed 89764K, reserved 1126400K
  class space    used 11356K, capacity 12050K, committed 12160K, reserved 1048576K
}
Event: 39.658 GC heap before
{Heap before GC invocations=36 (full 0):
 garbage-first heap   total 165888K, used 139635K [0x0000000080000000, 0x0000000100000000)
  region size 1024K, 9 young (9216K), 2 survivors (2048K)
 Metaspace       used 87557K, capacity 89575K, committed 89764K, reserved 1126400K
  class space    used 11356K, capacity 12050K, committed 12160K, reserved 1048576K
}
Event: 39.669 GC heap after
{Heap after GC invocations=37 (full 0):
 garbage-first heap   total 209920K, used 136574K [0x0000000080000000, 0x0000000100000000)
  region size 1024K, 2 young (2048K), 2 survivors (2048K)
 Metaspace       used 87557K, capacity 89575K, committed 89764K, reserved 1126400K
  class space    used 11356K, capacity 12050K, committed 12160K, reserved 1048576K
}
Event: 39.953 GC heap before
{Heap before GC invocations=37 (full 0):
 garbage-first heap   total 209920K, used 159102K [0x0000000080000000, 0x0000000100000000)
  region size 1024K, 24 young (24576K), 2 survivors (2048K)
 Metaspace       used 87612K, capacity 89636K, committed 89764K, reserved 1126400K
  class space    used 11355K, capacity 12049K, committed 12160K, reserved 1048576K
}
Event: 39.979 GC heap after
{Heap after GC invocations=38 (full 0):
 garbage-first heap   total 209920K, used 149731K [0x0000000080000000, 0x0000000100000000)
  region size 1024K, 3 young (3072K), 3 survivors (3072K)
 Metaspace       used 87612K, capacity 89636K, committed 89764K, reserved 1126400K
  class space    used 11355K, capacity 12049K, committed 12160K, reserved 1048576K
}
Event: 40.226 GC heap before
{Heap before GC invocations=39 (full 0):
 garbage-first heap   total 209920K, used 166115K [0x0000000080000000, 0x0000000100000000)
  region size 1024K, 20 young (20480K), 3 survivors (3072K)
 Metaspace       used 88579K, capacity 90654K, committed 90916K, reserved 1128448K
  class space    used 11485K, capacity 12191K, committed 12288K, reserved 1048576K
}
Event: 40.240 GC heap after
{Heap after GC invocations=40 (full 0):
 garbage-first heap   total 209920K, used 154576K [0x0000000080000000, 0x0000000100000000)
  region size 1024K, 3 young (3072K), 3 survivors (3072K)
 Metaspace       used 88579K, capacity 90654K, committed 90916K, reserved 1128448K
  class space    used 11485K, capacity 12191K, committed 12288K, reserved 1048576K
}
Event: 40.446 GC heap before
{Heap before GC invocations=40 (full 0):
 garbage-first heap   total 209920K, used 169936K [0x0000000080000000, 0x0000000100000000)
  region size 1024K, 18 young (18432K), 3 survivors (3072K)
 Metaspace       used 89386K, capacity 91460K, committed 91556K, reserved 1128448K
  class space    used 11598K, capacity 12354K, committed 12416K, reserved 1048576K
}
Event: 40.457 GC heap after
{Heap after GC invocations=41 (full 0):
 garbage-first heap   total 209920K, used 157839K [0x0000000080000000, 0x0000000100000000)
  region size 1024K, 3 young (3072K), 3 survivors (3072K)
 Metaspace       used 89386K, capacity 91460K, committed 91556K, reserved 1128448K
  class space    used 11598K, capacity 12354K, committed 12416K, reserved 1048576K
}
Event: 41.873 GC heap before
{Heap before GC invocations=42 (full 0):
 garbage-first heap   total 209920K, used 165007K [0x0000000080000000, 0x0000000100000000)
  region size 1024K, 17 young (17408K), 3 survivors (3072K)
 Metaspace       used 89668K, capacity 91808K, committed 92068K, reserved 1128448K
  class space    used 11631K, capacity 12406K, committed 12416K, reserved 1048576K
}

Deoptimization events (20 events):
Event: 41.828 Thread 0x0000023aef288800 DEOPT PACKING pc=0x0000023ad9a137ee sp=0x0000003bbb7f6f40
Event: 41.828 Thread 0x0000023aef288800 DEOPT UNPACKING pc=0x0000023ad7f472ce sp=0x0000003bbb7f6470 mode 0
Event: 41.851 Thread 0x0000023aef288800 Uncommon trap: trap_request=0xffffffbe fr.pc=0x0000023adfeec148 relative=0x00000000000007e8
Event: 41.851 Thread 0x0000023aef288800 Uncommon trap: reason=profile_predicate action=maybe_recompile pc=0x0000023adfeec148 method=com.android.utils.PositionXmlParser$DomBuilder.getCurrentPosition()Lcom/android/utils/PositionXmlParser$Position; @ 171 c2
Event: 41.851 Thread 0x0000023aef288800 DEOPT PACKING pc=0x0000023adfeec148 sp=0x0000003bbb7f7160
Event: 41.851 Thread 0x0000023aef288800 DEOPT UNPACKING pc=0x0000023ad7f474af sp=0x0000003bbb7f70e8 mode 2
Event: 41.851 Thread 0x0000023aef288800 Uncommon trap: trap_request=0xffffffbe fr.pc=0x0000023adfeec148 relative=0x00000000000007e8
Event: 41.851 Thread 0x0000023aef288800 Uncommon trap: reason=profile_predicate action=maybe_recompile pc=0x0000023adfeec148 method=com.android.utils.PositionXmlParser$DomBuilder.getCurrentPosition()Lcom/android/utils/PositionXmlParser$Position; @ 171 c2
Event: 41.851 Thread 0x0000023aef288800 DEOPT PACKING pc=0x0000023adfeec148 sp=0x0000003bbb7f6ff0
Event: 41.851 Thread 0x0000023aef288800 DEOPT UNPACKING pc=0x0000023ad7f474af sp=0x0000003bbb7f6f78 mode 2
Event: 41.851 Thread 0x0000023aef288800 Uncommon trap: trap_request=0xffffffbe fr.pc=0x0000023adfeec148 relative=0x00000000000007e8
Event: 41.851 Thread 0x0000023aef288800 Uncommon trap: reason=profile_predicate action=maybe_recompile pc=0x0000023adfeec148 method=com.android.utils.PositionXmlParser$DomBuilder.getCurrentPosition()Lcom/android/utils/PositionXmlParser$Position; @ 171 c2
Event: 41.851 Thread 0x0000023aef288800 DEOPT PACKING pc=0x0000023adfeec148 sp=0x0000003bbb7f7160
Event: 41.851 Thread 0x0000023aef288800 DEOPT UNPACKING pc=0x0000023ad7f474af sp=0x0000003bbb7f70e8 mode 2
Event: 41.851 Thread 0x0000023aef288800 Uncommon trap: trap_request=0xffffffbe fr.pc=0x0000023adfeec148 relative=0x00000000000007e8
Event: 41.851 Thread 0x0000023aef288800 Uncommon trap: reason=profile_predicate action=maybe_recompile pc=0x0000023adfeec148 method=com.android.utils.PositionXmlParser$DomBuilder.getCurrentPosition()Lcom/android/utils/PositionXmlParser$Position; @ 171 c2
Event: 41.851 Thread 0x0000023aef288800 DEOPT PACKING pc=0x0000023adfeec148 sp=0x0000003bbb7f6ff0
Event: 41.851 Thread 0x0000023aef288800 DEOPT UNPACKING pc=0x0000023ad7f474af sp=0x0000003bbb7f6f78 mode 2
Event: 41.858 Thread 0x0000023aef288800 DEOPT PACKING pc=0x0000023ad9a137ee sp=0x0000003bbb7f6f40
Event: 41.858 Thread 0x0000023aef288800 DEOPT UNPACKING pc=0x0000023ad7f472ce sp=0x0000003bbb7f6470 mode 0

Classes redefined (0 events):
No events

Internal exceptions (20 events):
Event: 37.484 Thread 0x0000023af1c71000 Exception <a 'java/lang/NoSuchMethodError'{0x00000000863b6ee0}: 'java.lang.Object java.lang.invoke.DirectMethodHandle$Holder.invokeStaticInit(java.lang.Object, java.lang.Object, long, java.lang.Object)'> (0x00000000863b6ee0) thrown at [./src/hotspot/share/interpreter/linkResolver.cpp, line 773]
Event: 37.485 Thread 0x0000023af1c71000 Exception <a 'java/lang/NoSuchMethodError'{0x00000000863bd078}: 'java.lang.Object java.lang.invoke.DirectMethodHandle$Holder.invokeStatic(java.lang.Object, java.lang.Object, long)'> (0x00000000863bd078) thrown at [./src/hotspot/share/interpreter/linkResolver.cpp, line 773]
Event: 37.493 Thread 0x0000023af1c71000 Exception <a 'java/lang/NoSuchMethodError'{0x00000000863c35f0}: 'java.lang.Object java.lang.invoke.Invokers$Holder.linkToTargetMethod(java.lang.Object, long, java.lang.Object)'> (0x00000000863c35f0) thrown at [./src/hotspot/share/interpreter/linkResolver.cpp, line 773]
Event: 37.771 Thread 0x0000023aef288800 Implicit null exception at 0x0000023adfe5446e to 0x0000023adfe54c40
Event: 37.775 Thread 0x0000023aef288800 Implicit null exception at 0x0000023adfe567d2 to 0x0000023adfe56bd8
Event: 37.779 Thread 0x0000023af1c72000 Exception <a 'java/lang/NoSuchMethodError'{0x0000000085fb90e8}: 'int java.lang.invoke.DirectMethodHandle$Holder.invokeVirtual(java.lang.Object, java.lang.Object, java.lang.Object)'> (0x0000000085fb90e8) thrown at [./src/hotspot/share/interpreter/linkResolver.cpp, line 773]
Event: 37.966 Thread 0x0000023af1c72000 Exception <a 'java/lang/NoSuchMethodError'{0x0000000085a05ea0}: 'java.lang.Object java.lang.invoke.DirectMethodHandle$Holder.invokeStatic(java.lang.Object, java.lang.Object, java.lang.Object, java.lang.Object, java.lang.Object, java.lang.Object, java.lang.Object, java.lang.Object, java.lang.Object, java.lang.Object, java.lang.Object, java.lang.Object, java.lang.Object, java.lang.Object, java.lang.Object, java.lang.Object, java.lang.Object, int, java.lang.Object)'> (0x0000000085a05ea0) thrown at [./src/hots
Event: 37.988 Thread 0x0000023af1c72000 Exception <a 'java/lang/NoSuchMethodError'{0x0000000085a0b730}: 'java.lang.Object java.lang.invoke.DirectMethodHandle$Holder.invokeStaticInit(java.lang.Object, java.lang.Object, java.lang.Object, java.lang.Object, java.lang.Object, java.lang.Object, java.lang.Object, java.lang.Object, java.lang.Object, java.lang.Object, java.lang.Object, java.lang.Object, java.lang.Object, java.lang.Object, java.lang.Object, java.lang.Object, java.lang.Object, int, java.lang.Object)'> (0x0000000085a0b730) thrown at [./src/
Event: 38.338 Thread 0x0000023af1c71000 Exception <a 'java/lang/NoSuchMethodError'{0x0000000086b73278}: 'int java.lang.invoke.DirectMethodHandle$Holder.invokeSpecialIFC(java.lang.Object, java.lang.Object, java.lang.Object)'> (0x0000000086b73278) thrown at [./src/hotspot/share/interpreter/linkResolver.cpp, line 773]
Event: 39.079 Thread 0x0000023af1c73800 Exception <a 'java/lang/NoSuchMethodError'{0x0000000089e046a0}: 'java.lang.Object java.lang.invoke.DirectMethodHandle$Holder.newInvokeSpecial(java.lang.Object, int)'> (0x0000000089e046a0) thrown at [./src/hotspot/share/interpreter/linkResolver.cpp, line 773]
Event: 40.142 Thread 0x0000023af1c72000 Exception <a 'java/lang/NoSuchMethodError'{0x000000008c122288}: 'void java.lang.invoke.DirectMethodHandle$Holder.invokeStatic(java.lang.Object, java.lang.Object, java.lang.Object, int)'> (0x000000008c122288) thrown at [./src/hotspot/share/interpreter/linkResolver.cpp, line 773]
Event: 40.143 Thread 0x0000023af1c72000 Exception <a 'java/lang/IncompatibleClassChangeError'{0x000000008c12a188}: Found class java.lang.Object, but interface was expected> (0x000000008c12a188) thrown at [./src/hotspot/share/interpreter/linkResolver.cpp, line 839]
Event: 40.319 Thread 0x0000023af1c72000 Exception <a 'java/lang/NoSuchMethodError'{0x000000008c71c780}: 'void java.lang.invoke.DirectMethodHandle$Holder.invokeStaticInit(java.lang.Object, java.lang.Object, java.lang.Object, java.lang.Object, java.lang.Object)'> (0x000000008c71c780) thrown at [./src/hotspot/share/interpreter/linkResolver.cpp, line 773]
Event: 40.321 Thread 0x0000023af1c72000 Exception <a 'java/lang/NoSuchMethodError'{0x000000008c7245a0}: 'java.lang.Object java.lang.invoke.DirectMethodHandle$Holder.invokeStatic(java.lang.Object, int, java.lang.Object, java.lang.Object)'> (0x000000008c7245a0) thrown at [./src/hotspot/share/interpreter/linkResolver.cpp, line 773]
Event: 40.394 Thread 0x0000023af1c72000 Exception <a 'java/lang/NoSuchMethodError'{0x000000008c4fef88}: 'long java.lang.invoke.DirectMethodHandle$Holder.invokeStatic(java.lang.Object, java.lang.Object)'> (0x000000008c4fef88) thrown at [./src/hotspot/share/interpreter/linkResolver.cpp, line 773]
Event: 40.405 Thread 0x0000023af1c77000 Exception <a 'java/lang/NoSuchMethodError'{0x000000008c3d90b8}: 'void java.lang.invoke.DirectMethodHandle$Holder.invokeSpecial(java.lang.Object, java.lang.Object, int, java.lang.Object)'> (0x000000008c3d90b8) thrown at [./src/hotspot/share/interpreter/linkResolver.cpp, line 773]
Event: 40.405 Thread 0x0000023af58da000 Exception <a 'java/lang/NoSuchMethodError'{0x000000008c3e3b58}: 'void java.lang.invoke.DirectMethodHandle$Holder.invokeSpecial(java.lang.Object, java.lang.Object, int, java.lang.Object)'> (0x000000008c3e3b58) thrown at [./src/hotspot/share/interpreter/linkResolver.cpp, line 773]
Event: 40.409 Thread 0x0000023af1c73800 Exception <a 'java/lang/NoSuchMethodError'{0x000000008c3f8a80}: 'void java.lang.invoke.DirectMethodHandle$Holder.invokeSpecial(java.lang.Object, java.lang.Object, int, java.lang.Object)'> (0x000000008c3f8a80) thrown at [./src/hotspot/share/interpreter/linkResolver.cpp, line 773]
Event: 41.124 Thread 0x0000023af1c72000 Exception <a 'java/lang/NoSuchMethodError'{0x000000008c2eb730}: 'java.lang.Object java.lang.invoke.DirectMethodHandle$Holder.invokeSpecial(java.lang.Object, java.lang.Object, java.lang.Object, java.lang.Object, java.lang.Object, java.lang.Object, java.lang.Object, java.lang.Object, java.lang.Object, java.lang.Object)'> (0x000000008c2eb730) thrown at [./src/hotspot/share/interpreter/linkResolver.cpp, line 773]
Event: 41.124 Thread 0x0000023af1c72000 Exception <a 'java/lang/NoSuchMethodError'{0x000000008c2ef820}: 'java.lang.Object java.lang.invoke.Invokers$Holder.linkToTargetMethod(java.lang.Object, java.lang.Object, java.lang.Object, java.lang.Object, java.lang.Object, java.lang.Object, java.lang.Object, java.lang.Object, java.lang.Object)'> (0x000000008c2ef820) thrown at [./src/hotspot/share/interpreter/linkResolver.cpp, line 773]

Events (20 events):
Event: 41.830 loading class com/android/tools/r8/dex/D done
Event: 41.830 loading class com/android/tools/r8/dex/C
Event: 41.830 loading class com/android/tools/r8/dex/C done
Event: 41.831 loading class com/android/tools/r8/dex/i
Event: 41.831 loading class com/android/tools/r8/dex/i done
Event: 41.832 loading class com/android/tools/r8/dex/h
Event: 41.832 loading class com/android/tools/r8/dex/h done
Event: 41.832 loading class com/android/tools/r8/dex/g
Event: 41.832 loading class com/android/tools/r8/dex/g done
Event: 41.833 loading class com/android/tools/r8/naming/J
Event: 41.833 loading class com/android/tools/r8/naming/J done
Event: 41.833 loading class com/android/tools/r8/naming/I$c
Event: 41.833 loading class com/android/tools/r8/naming/I$c done
Event: 41.835 loading class com/android/tools/r8/s/a/b/e
Event: 41.835 loading class com/android/tools/r8/s/a/b/e done
Event: 41.835 loading class com/android/tools/r8/s/a/b/e
Event: 41.835 loading class com/android/tools/r8/s/a/b/e done
Event: 41.835 loading class com/android/tools/r8/s/a/b/m/c
Event: 41.835 loading class com/android/tools/r8/s/a/b/m/c done
Event: 41.873 Executing VM operation: G1CollectForAllocation


Dynamic libraries:
0x00007ff718b90000 - 0x00007ff718b9a000 	C:\Program Files\Android\Android Studio\jre\bin\java.exe
0x00007ff905530000 - 0x00007ff905728000 	C:\WINDOWS\SYSTEM32\ntdll.dll
0x00007ff9053c0000 - 0x00007ff90547d000 	C:\WINDOWS\System32\KERNEL32.DLL
0x00007ff9032c0000 - 0x00007ff90358e000 	C:\WINDOWS\System32\KERNELBASE.dll
0x00007ff902f00000 - 0x00007ff903000000 	C:\WINDOWS\System32\ucrtbase.dll
0x00007ff8fd3c0000 - 0x00007ff8fd3d9000 	C:\Program Files\Android\Android Studio\jre\bin\jli.dll
0x00007ff903960000 - 0x00007ff903b00000 	C:\WINDOWS\System32\USER32.dll
0x00007ff903130000 - 0x00007ff903152000 	C:\WINDOWS\System32\win32u.dll
0x00007ff904a10000 - 0x00007ff904a3a000 	C:\WINDOWS\System32\GDI32.dll
0x00007ff902d70000 - 0x00007ff902e7b000 	C:\WINDOWS\System32\gdi32full.dll
0x00007ff903000000 - 0x00007ff90309d000 	C:\WINDOWS\System32\msvcp_win.dll
0x00007ff8fd3e0000 - 0x00007ff8fd3f7000 	C:\Program Files\Android\Android Studio\jre\bin\VCRUNTIME140.dll
0x00007ff8eb1d0000 - 0x00007ff8eb46a000 	C:\WINDOWS\WinSxS\amd64_microsoft.windows.common-controls_6595b64144ccf1df_6.0.19041.1110_none_60b5254171f9507e\COMCTL32.dll
0x00007ff904970000 - 0x00007ff904a0e000 	C:\WINDOWS\System32\msvcrt.dll
0x00007ff904b70000 - 0x00007ff904ba0000 	C:\WINDOWS\System32\IMM32.DLL
0x00007ff8f7fd0000 - 0x00007ff8f806d000 	C:\Program Files\Android\Android Studio\jre\bin\msvcp140.dll
0x00007ff89c750000 - 0x00007ff89d20c000 	C:\Program Files\Android\Android Studio\jre\bin\server\jvm.dll
0x00007ff903f20000 - 0x00007ff903fce000 	C:\WINDOWS\System32\ADVAPI32.dll
0x00007ff9038c0000 - 0x00007ff90395c000 	C:\WINDOWS\System32\sechost.dll
0x00007ff904a40000 - 0x00007ff904b65000 	C:\WINDOWS\System32\RPCRT4.dll
0x00007ff904770000 - 0x00007ff904778000 	C:\WINDOWS\System32\PSAPI.DLL
0x00007ff9013b0000 - 0x00007ff9013b9000 	C:\WINDOWS\SYSTEM32\WSOCK32.dll
0x00007ff905480000 - 0x00007ff9054eb000 	C:\WINDOWS\System32\WS2_32.dll
0x00007ff8edb40000 - 0x00007ff8edb67000 	C:\WINDOWS\SYSTEM32\WINMM.dll
0x00007ff8f5cc0000 - 0x00007ff8f5cca000 	C:\WINDOWS\SYSTEM32\VERSION.dll
0x00007ff901530000 - 0x00007ff901542000 	C:\WINDOWS\SYSTEM32\kernel.appcore.dll
0x00007ff8fce00000 - 0x00007ff8fce11000 	C:\Program Files\Android\Android Studio\jre\bin\verify.dll
0x00007ff900a00000 - 0x00007ff900be4000 	C:\WINDOWS\SYSTEM32\DBGHELP.DLL
0x00007ff8e6620000 - 0x00007ff8e664c000 	C:\WINDOWS\SYSTEM32\dbgcore.DLL
0x00007ff9030a0000 - 0x00007ff903122000 	C:\WINDOWS\System32\bcryptPrimitives.dll
0x00007ff8fa110000 - 0x00007ff8fa139000 	C:\Program Files\Android\Android Studio\jre\bin\java.dll
0x00007ff8fcdf0000 - 0x00007ff8fcdfb000 	C:\Program Files\Android\Android Studio\jre\bin\jimage.dll
0x00007ff8fa820000 - 0x00007ff8fa838000 	C:\Program Files\Android\Android Studio\jre\bin\zip.dll
0x00007ff904c70000 - 0x00007ff9053b4000 	C:\WINDOWS\System32\SHELL32.dll
0x00007ff900bf0000 - 0x00007ff901384000 	C:\WINDOWS\SYSTEM32\windows.storage.dll
0x00007ff903bc0000 - 0x00007ff903f14000 	C:\WINDOWS\System32\combase.dll
0x00007ff9026b0000 - 0x00007ff9026e0000 	C:\WINDOWS\SYSTEM32\Wldp.dll
0x00007ff903660000 - 0x00007ff90370d000 	C:\WINDOWS\System32\SHCORE.dll
0x00007ff903b00000 - 0x00007ff903b55000 	C:\WINDOWS\System32\shlwapi.dll
0x00007ff902b90000 - 0x00007ff902baf000 	C:\WINDOWS\SYSTEM32\profapi.dll
0x00007ff8f8320000 - 0x00007ff8f833a000 	C:\Program Files\Android\Android Studio\jre\bin\net.dll
0x00007ff8f89d0000 - 0x00007ff8f8ada000 	C:\WINDOWS\SYSTEM32\WINHTTP.dll
0x00007ff9023a0000 - 0x00007ff90240a000 	C:\WINDOWS\system32\mswsock.dll
0x00007ff8f82b0000 - 0x00007ff8f82c4000 	C:\Program Files\Android\Android Studio\jre\bin\nio.dll
0x00007ff8f8140000 - 0x00007ff8f8167000 	C:\Users\Admin\.android\native\fdc75f09e3144964f2cf3f50f0aa648679c211496f362492102eb8c894070792\windows-amd64\native-platform.dll
0x00007ff89f320000 - 0x00007ff89f4b6000 	C:\Users\Admin\.android\native\12488b8bf47d2d4c9fbf2f6322a914ad602e24e48041cd04a747c6da556b65c4\windows-amd64\native-platform-file-events.dll
0x00007ff8fca80000 - 0x00007ff8fca8a000 	C:\Program Files\Android\Android Studio\jre\bin\management.dll
0x00007ff8fa100000 - 0x00007ff8fa10c000 	C:\Program Files\Android\Android Studio\jre\bin\management_ext.dll
0x00007ff9025a0000 - 0x00007ff9025b8000 	C:\WINDOWS\SYSTEM32\CRYPTSP.dll
0x00007ff901cc0000 - 0x00007ff901cf4000 	C:\WINDOWS\system32\rsaenh.dll
0x00007ff902e80000 - 0x00007ff902ea7000 	C:\WINDOWS\System32\bcrypt.dll
0x00007ff902b10000 - 0x00007ff902b3e000 	C:\WINDOWS\SYSTEM32\USERENV.dll
0x00007ff902590000 - 0x00007ff90259c000 	C:\WINDOWS\SYSTEM32\CRYPTBASE.dll
0x00007ff902030000 - 0x00007ff90206b000 	C:\WINDOWS\SYSTEM32\IPHLPAPI.DLL
0x00007ff904140000 - 0x00007ff904148000 	C:\WINDOWS\System32\NSI.dll
0x00007ff8fb220000 - 0x00007ff8fb237000 	C:\WINDOWS\SYSTEM32\dhcpcsvc6.DLL
0x00007ff8fb0f0000 - 0x00007ff8fb10d000 	C:\WINDOWS\SYSTEM32\dhcpcsvc.DLL
0x00007ff902070000 - 0x00007ff90213b000 	C:\WINDOWS\SYSTEM32\DNSAPI.dll
0x00007ff8fb1a0000 - 0x00007ff8fb1ab000 	C:\WINDOWS\SYSTEM32\WINNSI.DLL

dbghelp: loaded successfully - version: 4.0.5 - missing functions: none
symbol engine: initialized successfully - sym options: 0x614 - pdb path: .;C:\Program Files\Android\Android Studio\jre\bin;C:\WINDOWS\SYSTEM32;C:\WINDOWS\WinSxS\amd64_microsoft.windows.common-controls_6595b64144ccf1df_6.0.19041.1110_none_60b5254171f9507e;C:\Program Files\Android\Android Studio\jre\bin\server;C:\Users\Admin\.android\native\fdc75f09e3144964f2cf3f50f0aa648679c211496f362492102eb8c894070792\windows-amd64;C:\Users\Admin\.android\native\12488b8bf47d2d4c9fbf2f6322a914ad602e24e48041cd04a747c6da556b65c4\windows-amd64

VM Arguments:
jvm_args: --add-opens=java.base/java.util=ALL-UNNAMED --add-opens=java.base/java.lang=ALL-UNNAMED --add-opens=java.base/java.lang.invoke=ALL-UNNAMED --add-opens=java.prefs/java.util.prefs=ALL-UNNAMED -Xmx2048m -Dfile.encoding=UTF-8 -Duser.country=VN -Duser.language=vi -Duser.variant 
java_command: org.gradle.launcher.daemon.bootstrap.GradleDaemon 6.7.1
java_class_path (initial): C:\Users\Admin\.android\wrapper\dists\gradle-6.7.1-bin\bwlcbys1h7rz3272sye1xwiv6\gradle-6.7.1\lib\gradle-launcher-6.7.1.jar
Launcher Type: SUN_STANDARD

[Global flags]
     intx CICompilerCount                          = 3                                         {product} {ergonomic}
     uint ConcGCThreads                            = 1                                         {product} {ergonomic}
     uint G1ConcRefinementThreads                  = 4                                         {product} {ergonomic}
   size_t G1HeapRegionSize                         = 1048576                                   {product} {ergonomic}
    uintx GCDrainStackTargetSize                   = 64                                        {product} {ergonomic}
   size_t InitialHeapSize                          = 134217728                                 {product} {ergonomic}
   size_t MarkStackSize                            = 4194304                                   {product} {ergonomic}
   size_t MaxHeapSize                              = 2147483648                                {product} {command line}
   size_t MaxNewSize                               = 1287651328                                {product} {ergonomic}
   size_t MinHeapDeltaBytes                        = 1048576                                   {product} {ergonomic}
    uintx NonNMethodCodeHeapSize                   = 5830732                                {pd product} {ergonomic}
    uintx NonProfiledCodeHeapSize                  = 122913754                              {pd product} {ergonomic}
    uintx ProfiledCodeHeapSize                     = 122913754                              {pd product} {ergonomic}
    uintx ReservedCodeCacheSize                    = 251658240                              {pd product} {ergonomic}
     bool SegmentedCodeCache                       = true                                      {product} {ergonomic}
     bool UseCompressedClassPointers               = true                                 {lp64_product} {ergonomic}
     bool UseCompressedOops                        = true                                 {lp64_product} {ergonomic}
     bool UseG1GC                                  = true                                      {product} {ergonomic}
     bool UseLargePagesIndividualAllocation        = false                                  {pd product} {ergonomic}

Logging:
Log output configuration:
 #0: stdout all=warning uptime,level,tags
 #1: stderr all=off uptime,level,tags

Environment Variables:
PATH=C:\Program Files (x86)\Common Files\Oracle\Java\javapath;C:\WINDOWS\system32;C:\WINDOWS;C:\WINDOWS\System32\Wbem;C:\WINDOWS\System32\WindowsPowerShell\v1.0\;C:\WINDOWS\System32\OpenSSH\;C:\Program Files\Java\jdk1.8.0_271\bin;C:\Program Files\Microsoft SQL Server\Client SDK\ODBC\170\Tools\Binn\;C:\Program Files (x86)\Microsoft SQL Server\150\Tools\Binn\;C:\Program Files\Microsoft SQL Server\150\Tools\Binn\;C:\Program Files\Microsoft SQL Server\150\DTS\Binn\;C:\Program Files\Azure Data Studio\bin;C:\Program Files\Git\cmd;C:\Program Files\nodejs\;C:\Program Files\Cloudflare\Cloudflare WARP\;C:\Users\Admin\AppData\Local\Microsoft\WindowsApps;;C:\Users\Admin\AppData\Local\Programs\Microsoft VS Code\bin;C:\Program Files\Azure Data Studio\bin;C:\Program Files\JetBrains\IntelliJ IDEA 2020.3.3\bin;;C:\Users\Admin\AppData\Roaming\npm;C:\Users\Admin\AppData\Local\Programs\mongosh\
USERNAME=Admin
OS=Windows_NT
PROCESSOR_IDENTIFIER=Intel64 Family 6 Model 78 Stepping 3, GenuineIntel



---------------  S Y S T E M  ---------------

OS: Windows 10 , 64 bit Build 19041 (10.0.19041.1806)
OS uptime: 5 days 0:41 hours

CPU:total 4 (initial active 4) (2 cores per cpu, 2 threads per core) family 6 model 78 stepping 3, cmov, cx8, fxsr, mmx, sse, sse2, sse3, ssse3, sse4.1, sse4.2, popcnt, avx, avx2, aes, clmul, erms, rtm, 3dnowpref, lzcnt, ht, tsc, tscinvbit, bmi1, bmi2, adx, fma

Memory: 4k page, system-wide physical 8074M (119M free)
TotalPageFile size 26022M (AvailPageFile size 99M)
current process WorkingSet (physical memory assigned to process): 396M, peak: 408M
current process commit charge ("private bytes"): 486M, peak: 600M

vm_info: OpenJDK 64-Bit Server VM (11.0.8+10-b944.6842174) for windows-amd64 JRE (11.0.8+10-b944.6842174), built on Sep 19 2020 01:11:42 by "builder" with MS VC++ 14.0 (VS2015)

END.
